12-Mar-2025 02:09:10.751 WARNING [main] org.apache.tomcat.util.digester.SetPropertiesRule.begin Match [Server/Service/Connector] failed to set property [sendReasonPhrase] to [false]
12-Mar-2025 02:09:11.797 INFO [main] org.apache.coyote.AbstractProtocol.init Initializing ProtocolHandler ["http-nio-127.0.0.1-8040"]
12-Mar-2025 02:09:11.979 INFO [main] org.apache.catalina.core.StandardService.startInternal Starting service [Catalina]
12-Mar-2025 02:09:11.981 INFO [main] org.apache.catalina.core.StandardEngine.startInternal Starting Servlet engine: [Apache Tomcat/10.1.34]
12-Mar-2025 02:09:12.080 INFO [main] org.apache.catalina.startup.HostConfig.deployDescriptor Deploying deployment descriptor [/opt/jfrog/artifactory/app/access/tomcat/conf/Catalina/localhost/access.xml]
12-Mar-2025 02:09:12.281 WARNING [main] org.apache.catalina.startup.HostConfig.deployDescriptor The path attribute with value [/access] in deployment descriptor [/opt/jfrog/artifactory/app/access/tomcat/conf/Catalina/localhost/access.xml] has been ignored
12-Mar-2025 02:09:42.207 INFO [main] org.apache.catalina.startup.HostConfig.deployDescriptor Deployment of deployment descriptor [/opt/jfrog/artifactory/app/access/tomcat/conf/Catalina/localhost/access.xml] has finished in [30,124] ms
12-Mar-2025 02:09:42.211 INFO [main] org.apache.catalina.startup.HostConfig.deployDirectory Deploying web application directory [/opt/jfrog/artifactory/app/access/tomcat/webapps/ROOT]
12-Mar-2025 02:09:42.248 INFO [main] org.apache.catalina.startup.HostConfig.deployDirectory Deployment of web application directory [/opt/jfrog/artifactory/app/access/tomcat/webapps/ROOT] has finished in [37] ms
12-Mar-2025 02:09:42.265 INFO [main] org.apache.coyote.AbstractProtocol.start Starting ProtocolHandler ["http-nio-127.0.0.1-8040"]
12-Mar-2025 02:29:53.485 WARNING [main] org.apache.tomcat.util.digester.SetPropertiesRule.begin Match [Server/Service/Connector] failed to set property [sendReasonPhrase] to [false]
12-Mar-2025 02:29:54.498 INFO [main] org.apache.coyote.AbstractProtocol.init Initializing ProtocolHandler ["http-nio-127.0.0.1-8040"]
12-Mar-2025 02:29:54.633 INFO [main] org.apache.catalina.core.StandardService.startInternal Starting service [Catalina]
12-Mar-2025 02:29:54.634 INFO [main] org.apache.catalina.core.StandardEngine.startInternal Starting Servlet engine: [Apache Tomcat/10.1.34]
12-Mar-2025 02:29:54.701 INFO [main] org.apache.catalina.startup.HostConfig.deployDescriptor Deploying deployment descriptor [/opt/jfrog/artifactory/app/access/tomcat/conf/Catalina/localhost/access.xml]
12-Mar-2025 02:29:54.799 WARNING [main] org.apache.catalina.startup.HostConfig.deployDescriptor The path attribute with value [/access] in deployment descriptor [/opt/jfrog/artifactory/app/access/tomcat/conf/Catalina/localhost/access.xml] has been ignored
12-Mar-2025 02:30:11.838 SEVERE [main] org.apache.catalina.startup.HostConfig.deployDescriptor Error deploying deployment descriptor [/opt/jfrog/artifactory/app/access/tomcat/conf/Catalina/localhost/access.xml]
	java.lang.IllegalStateException: Error starting child
		at org.apache.catalina.core.ContainerBase.addChildInternal(ContainerBase.java:602)
		at org.apache.catalina.core.ContainerBase.addChild(ContainerBase.java:571)
		at org.apache.catalina.core.StandardHost.addChild(StandardHost.java:654)
		at org.apache.catalina.startup.HostConfig.deployDescriptor(HostConfig.java:635)
		at org.apache.catalina.startup.HostConfig$DeployDescriptor.run(HostConfig.java:1889)
		at java.base/java.util.concurrent.Executors$RunnableAdapter.call(Executors.java:572)
		at java.base/java.util.concurrent.FutureTask.run(FutureTask.java:317)
		at org.apache.tomcat.util.threads.InlineExecutorService.execute(InlineExecutorService.java:75)
		at java.base/java.util.concurrent.AbstractExecutorService.submit(AbstractExecutorService.java:123)
		at org.apache.catalina.startup.HostConfig.deployDescriptors(HostConfig.java:530)
		at org.apache.catalina.startup.HostConfig.deployApps(HostConfig.java:421)
		at org.apache.catalina.startup.HostConfig.start(HostConfig.java:1629)
		at org.apache.catalina.startup.HostConfig.lifecycleEvent(HostConfig.java:303)
		at org.apache.catalina.util.LifecycleBase.fireLifecycleEvent(LifecycleBase.java:109)
		at org.apache.catalina.util.LifecycleBase.setStateInternal(LifecycleBase.java:389)
		at org.apache.catalina.util.LifecycleBase.setState(LifecycleBase.java:336)
		at org.apache.catalina.core.ContainerBase.startInternal(ContainerBase.java:776)
		at org.apache.catalina.core.StandardHost.startInternal(StandardHost.java:772)
		at org.apache.catalina.util.LifecycleBase.start(LifecycleBase.java:164)
		at org.apache.catalina.core.ContainerBase$StartChild.call(ContainerBase.java:1203)
		at org.apache.catalina.core.ContainerBase$StartChild.call(ContainerBase.java:1193)
		at java.base/java.util.concurrent.FutureTask.run(FutureTask.java:317)
		at org.apache.tomcat.util.threads.InlineExecutorService.execute(InlineExecutorService.java:75)
		at java.base/java.util.concurrent.AbstractExecutorService.submit(AbstractExecutorService.java:145)
		at org.apache.catalina.core.ContainerBase.startInternal(ContainerBase.java:749)
		at org.apache.catalina.core.StandardEngine.startInternal(StandardEngine.java:203)
		at org.apache.catalina.util.LifecycleBase.start(LifecycleBase.java:164)
		at org.apache.catalina.core.StandardService.startInternal(StandardService.java:415)
		at org.apache.catalina.util.LifecycleBase.start(LifecycleBase.java:164)
		at org.apache.catalina.core.StandardServer.startInternal(StandardServer.java:870)
		at org.apache.catalina.util.LifecycleBase.start(LifecycleBase.java:164)
		at org.apache.catalina.startup.Catalina.start(Catalina.java:761)
		at java.base/jdk.internal.reflect.DirectMethodHandleAccessor.invoke(DirectMethodHandleAccessor.java:103)
		at java.base/java.lang.reflect.Method.invoke(Method.java:580)
		at org.apache.catalina.startup.Bootstrap.start(Bootstrap.java:345)
		at org.apache.catalina.startup.Bootstrap.main(Bootstrap.java:473)
	Caused by: org.apache.catalina.LifecycleException: Failed to start component [StandardEngine[Catalina].StandardHost[localhost].StandardContext[/access]]
		at org.apache.catalina.util.LifecycleBase.handleSubClassException(LifecycleBase.java:406)
		at org.apache.catalina.util.LifecycleBase.start(LifecycleBase.java:179)
		at org.apache.catalina.core.ContainerBase.addChildInternal(ContainerBase.java:599)
		... 35 more
	Caused by: org.springframework.context.ApplicationContextException: Unable to start web server
		at org.springframework.boot.web.servlet.context.ServletWebServerApplicationContext.onRefresh(ServletWebServerApplicationContext.java:165)
		at org.springframework.context.support.AbstractApplicationContext.refresh(AbstractApplicationContext.java:621)
		at org.springframework.boot.web.servlet.context.ServletWebServerApplicationContext.refresh(ServletWebServerApplicationContext.java:146)
		at org.springframework.boot.SpringApplication.refresh(SpringApplication.java:752)
		at org.springframework.boot.SpringApplication.refreshContext(SpringApplication.java:439)
		at org.springframework.boot.SpringApplication.run(SpringApplication.java:318)
		at org.springframework.boot.web.servlet.support.SpringBootServletInitializer.run(SpringBootServletInitializer.java:194)
		at org.springframework.boot.web.servlet.support.SpringBootServletInitializer.createRootApplicationContext(SpringBootServletInitializer.java:174)
		at org.springframework.boot.web.servlet.support.SpringBootServletInitializer.onStartup(SpringBootServletInitializer.java:102)
		at org.springframework.web.SpringServletContainerInitializer.onStartup(SpringServletContainerInitializer.java:171)
		at org.apache.catalina.core.StandardContext.startInternal(StandardContext.java:4426)
		at org.apache.catalina.util.LifecycleBase.start(LifecycleBase.java:164)
		... 36 more
	Caused by: org.springframework.beans.factory.UnsatisfiedDependencyException: Error creating bean with name 'org.springframework.boot.autoconfigure.jersey.JerseyAutoConfiguration': Unsatisfied dependency expressed through constructor parameter 1: Error creating bean with name 'jerseyConfig' defined in URL [jar:file:/opt/jfrog/artifactory/app/access/tomcat/webapps/access/WEB-INF/lib/access-application-7.134.4.jar!/org/jfrog/access/rest/config/JerseyConfig.class]: Failed to instantiate [org.jfrog.access.rest.config.JerseyConfig]: Constructor threw exception
		at org.springframework.beans.factory.support.ConstructorResolver.createArgumentArray(ConstructorResolver.java:804)
		at org.springframework.beans.factory.support.ConstructorResolver.autowireConstructor(ConstructorResolver.java:240)
		at org.springframework.beans.factory.support.AbstractAutowireCapableBeanFactory.autowireConstructor(AbstractAutowireCapableBeanFactory.java:1377)
		at org.springframework.beans.factory.support.AbstractAutowireCapableBeanFactory.createBeanInstance(AbstractAutowireCapableBeanFactory.java:1214)
		at org.springframework.beans.factory.support.AbstractAutowireCapableBeanFactory.doCreateBean(AbstractAutowireCapableBeanFactory.java:563)
		at org.springframework.beans.factory.support.AbstractAutowireCapableBeanFactory.createBean(AbstractAutowireCapableBeanFactory.java:523)
		at org.springframework.beans.factory.support.AbstractBeanFactory.lambda$doGetBean$0(AbstractBeanFactory.java:336)
		at org.springframework.beans.factory.support.DefaultSingletonBeanRegistry.getSingleton(DefaultSingletonBeanRegistry.java:289)
		at org.springframework.beans.factory.support.AbstractBeanFactory.doGetBean(AbstractBeanFactory.java:334)
		at org.springframework.beans.factory.support.AbstractBeanFactory.getBean(AbstractBeanFactory.java:199)
		at org.springframework.beans.factory.support.ConstructorResolver.instantiateUsingFactoryMethod(ConstructorResolver.java:413)
		at org.springframework.beans.factory.support.AbstractAutowireCapableBeanFactory.instantiateUsingFactoryMethod(AbstractAutowireCapableBeanFactory.java:1357)
		at org.springframework.beans.factory.support.AbstractAutowireCapableBeanFactory.createBeanInstance(AbstractAutowireCapableBeanFactory.java:1187)
		at org.springframework.beans.factory.support.AbstractAutowireCapableBeanFactory.doCreateBean(AbstractAutowireCapableBeanFactory.java:563)
		at org.springframework.beans.factory.support.AbstractAutowireCapableBeanFactory.createBean(AbstractAutowireCapableBeanFactory.java:523)
		at org.springframework.beans.factory.support.AbstractBeanFactory.lambda$doGetBean$0(AbstractBeanFactory.java:336)
		at org.springframework.beans.factory.support.DefaultSingletonBeanRegistry.getSingleton(DefaultSingletonBeanRegistry.java:289)
		at org.springframework.beans.factory.support.AbstractBeanFactory.doGetBean(AbstractBeanFactory.java:334)
		at org.springframework.beans.factory.support.AbstractBeanFactory.getBean(AbstractBeanFactory.java:204)
		at org.springframework.boot.web.servlet.ServletContextInitializerBeans.getOrderedBeansOfType(ServletContextInitializerBeans.java:211)
		at org.springframework.boot.web.servlet.ServletContextInitializerBeans.getOrderedBeansOfType(ServletContextInitializerBeans.java:202)
		at org.springframework.boot.web.servlet.ServletContextInitializerBeans.addServletContextInitializerBeans(ServletContextInitializerBeans.java:97)
		at org.springframework.boot.web.servlet.ServletContextInitializerBeans.<init>(ServletContextInitializerBeans.java:86)
		at org.springframework.boot.web.servlet.context.ServletWebServerApplicationContext.getServletContextInitializerBeans(ServletWebServerApplicationContext.java:266)
		at org.springframework.boot.web.servlet.context.ServletWebServerApplicationContext.selfInitialize(ServletWebServerApplicationContext.java:240)
		at org.springframework.boot.web.servlet.context.ServletWebServerApplicationContext.createWebServer(ServletWebServerApplicationContext.java:197)
		at org.springframework.boot.web.servlet.context.ServletWebServerApplicationContext.onRefresh(ServletWebServerApplicationContext.java:162)
		... 47 more
	Caused by: org.springframework.beans.factory.BeanCreationException: Error creating bean with name 'jerseyConfig' defined in URL [jar:file:/opt/jfrog/artifactory/app/access/tomcat/webapps/access/WEB-INF/lib/access-application-7.134.4.jar!/org/jfrog/access/rest/config/JerseyConfig.class]: Failed to instantiate [org.jfrog.access.rest.config.JerseyConfig]: Constructor threw exception
		at org.springframework.beans.factory.support.ConstructorResolver.instantiate(ConstructorResolver.java:321)
		at org.springframework.beans.factory.support.ConstructorResolver.autowireConstructor(ConstructorResolver.java:309)
		at org.springframework.beans.factory.support.AbstractAutowireCapableBeanFactory.autowireConstructor(AbstractAutowireCapableBeanFactory.java:1377)
		at org.springframework.beans.factory.support.AbstractAutowireCapableBeanFactory.createBeanInstance(AbstractAutowireCapableBeanFactory.java:1214)
		at org.springframework.beans.factory.support.AbstractAutowireCapableBeanFactory.doCreateBean(AbstractAutowireCapableBeanFactory.java:563)
		at org.springframework.beans.factory.support.AbstractAutowireCapableBeanFactory.createBean(AbstractAutowireCapableBeanFactory.java:523)
		at org.springframework.beans.factory.support.AbstractBeanFactory.lambda$doGetBean$0(AbstractBeanFactory.java:336)
		at org.springframework.beans.factory.support.DefaultSingletonBeanRegistry.getSingleton(DefaultSingletonBeanRegistry.java:289)
		at org.springframework.beans.factory.support.AbstractBeanFactory.doGetBean(AbstractBeanFactory.java:334)
		at org.springframework.beans.factory.support.AbstractBeanFactory.getBean(AbstractBeanFactory.java:199)
		at org.springframework.beans.factory.config.DependencyDescriptor.resolveCandidate(DependencyDescriptor.java:254)
		at org.springframework.beans.factory.support.DefaultListableBeanFactory.doResolveDependency(DefaultListableBeanFactory.java:1631)
		at org.springframework.beans.factory.support.DefaultListableBeanFactory.resolveDependency(DefaultListableBeanFactory.java:1519)
		at org.springframework.beans.factory.support.ConstructorResolver.resolveAutowiredArgument(ConstructorResolver.java:913)
		at org.springframework.beans.factory.support.ConstructorResolver.createArgumentArray(ConstructorResolver.java:791)
		... 73 more
	Caused by: org.springframework.beans.BeanInstantiationException: Failed to instantiate [org.jfrog.access.rest.config.JerseyConfig]: Constructor threw exception
		at org.springframework.beans.BeanUtils.instantiateClass(BeanUtils.java:222)
		at org.springframework.beans.factory.support.SimpleInstantiationStrategy.instantiate(SimpleInstantiationStrategy.java:145)
		at org.springframework.beans.factory.support.ConstructorResolver.instantiate(ConstructorResolver.java:318)
		... 87 more
	Caused by: org.springframework.beans.factory.UnsatisfiedDependencyException: Error creating bean with name 'authenticationFilter' defined in URL [jar:file:/opt/jfrog/artifactory/app/access/tomcat/webapps/access/WEB-INF/lib/access-server-rest-7.134.4.jar!/org/jfrog/access/server/rest/filter/AuthenticationFilter.class]: Unsatisfied dependency expressed through constructor parameter 0: Error creating bean with name 'authenticationServiceImpl' defined in URL [jar:file:/opt/jfrog/artifactory/app/access/tomcat/webapps/access/WEB-INF/lib/access-server-core-7.134.4.jar!/org/jfrog/access/server/service/auth/AuthenticationServiceImpl.class]: Unsatisfied dependency expressed through constructor parameter 0: Error creating bean with name 'userStorageServiceImpl' defined in URL [jar:file:/opt/jfrog/artifactory/app/access/tomcat/webapps/access/WEB-INF/lib/access-server-core-7.134.4.jar!/org/jfrog/access/server/service/db/UserStorageServiceImpl.class]: Unsatisfied dependency expressed through constructor parameter 0: Error creating bean with name 'accessUsersDao' defined in URL [jar:file:/opt/jfrog/artifactory/app/access/tomcat/webapps/access/WEB-INF/lib/access-server-core-7.134.4.jar!/org/jfrog/access/server/db/dao/AccessUsersDao.class]: Unsatisfied dependency expressed through constructor parameter 0: Error creating bean with name 'sqlDaoHelperFactory' defined in URL [jar:file:/opt/jfrog/artifactory/app/access/tomcat/webapps/access/WEB-INF/lib/access-server-core-7.134.4.jar!/org/jfrog/access/server/db/dao/SqlDaoHelperFactory.class]: Unsatisfied dependency expressed through constructor parameter 0: Error creating bean with name 'accessJdbcHelperImpl' defined in URL [jar:file:/opt/jfrog/artifactory/app/access/tomcat/webapps/access/WEB-INF/lib/access-server-core-7.134.4.jar!/org/jfrog/access/server/db/util/AccessJdbcHelperImpl.class]: Failed to instantiate [org.jfrog.access.server.db.util.AccessJdbcHelperImpl]: Constructor threw exception
		at org.springframework.beans.factory.support.ConstructorResolver.createArgumentArray(ConstructorResolver.java:804)
		at org.springframework.beans.factory.support.ConstructorResolver.autowireConstructor(ConstructorResolver.java:240)
		at org.springframework.beans.factory.support.AbstractAutowireCapableBeanFactory.autowireConstructor(AbstractAutowireCapableBeanFactory.java:1377)
		at org.springframework.beans.factory.support.AbstractAutowireCapableBeanFactory.createBeanInstance(AbstractAutowireCapableBeanFactory.java:1214)
		at org.springframework.beans.factory.support.AbstractAutowireCapableBeanFactory.doCreateBean(AbstractAutowireCapableBeanFactory.java:563)
		at org.springframework.beans.factory.support.AbstractAutowireCapableBeanFactory.createBean(AbstractAutowireCapableBeanFactory.java:523)
		at org.springframework.beans.factory.support.AbstractBeanFactory.lambda$doGetBean$0(AbstractBeanFactory.java:336)
		at org.springframework.beans.factory.support.DefaultSingletonBeanRegistry.getSingleton(DefaultSingletonBeanRegistry.java:289)
		at org.springframework.beans.factory.support.AbstractBeanFactory.doGetBean(AbstractBeanFactory.java:334)
		at org.springframework.beans.factory.support.AbstractBeanFactory.getBean(AbstractBeanFactory.java:199)
		at org.springframework.beans.factory.support.DefaultListableBeanFactory.getBeansOfType(DefaultListableBeanFactory.java:695)
		at org.springframework.beans.factory.support.DefaultListableBeanFactory.getBeansOfType(DefaultListableBeanFactory.java:683)
		at org.springframework.context.support.AbstractApplicationContext.getBeansOfType(AbstractApplicationContext.java:1418)
		at org.jfrog.access.rest.config.JerseyConfig.registerAdditionalFilters(JerseyConfig.java:80)
		at org.jfrog.access.rest.config.JerseyConfig.<init>(JerseyConfig.java:41)
		at java.base/jdk.internal.reflect.DirectConstructorHandleAccessor.newInstance(DirectConstructorHandleAccessor.java:62)
		at java.base/java.lang.reflect.Constructor.newInstanceWithCaller(Constructor.java:502)
		at java.base/java.lang.reflect.Constructor.newInstance(Constructor.java:486)
		at org.springframework.beans.BeanUtils.instantiateClass(BeanUtils.java:209)
		... 89 more
	Caused by: org.springframework.beans.factory.UnsatisfiedDependencyException: Error creating bean with name 'authenticationServiceImpl' defined in URL [jar:file:/opt/jfrog/artifactory/app/access/tomcat/webapps/access/WEB-INF/lib/access-server-core-7.134.4.jar!/org/jfrog/access/server/service/auth/AuthenticationServiceImpl.class]: Unsatisfied dependency expressed through constructor parameter 0: Error creating bean with name 'userStorageServiceImpl' defined in URL [jar:file:/opt/jfrog/artifactory/app/access/tomcat/webapps/access/WEB-INF/lib/access-server-core-7.134.4.jar!/org/jfrog/access/server/service/db/UserStorageServiceImpl.class]: Unsatisfied dependency expressed through constructor parameter 0: Error creating bean with name 'accessUsersDao' defined in URL [jar:file:/opt/jfrog/artifactory/app/access/tomcat/webapps/access/WEB-INF/lib/access-server-core-7.134.4.jar!/org/jfrog/access/server/db/dao/AccessUsersDao.class]: Unsatisfied dependency expressed through constructor parameter 0: Error creating bean with name 'sqlDaoHelperFactory' defined in URL [jar:file:/opt/jfrog/artifactory/app/access/tomcat/webapps/access/WEB-INF/lib/access-server-core-7.134.4.jar!/org/jfrog/access/server/db/dao/SqlDaoHelperFactory.class]: Unsatisfied dependency expressed through constructor parameter 0: Error creating bean with name 'accessJdbcHelperImpl' defined in URL [jar:file:/opt/jfrog/artifactory/app/access/tomcat/webapps/access/WEB-INF/lib/access-server-core-7.134.4.jar!/org/jfrog/access/server/db/util/AccessJdbcHelperImpl.class]: Failed to instantiate [org.jfrog.access.server.db.util.AccessJdbcHelperImpl]: Constructor threw exception
		at org.springframework.beans.factory.support.ConstructorResolver.createArgumentArray(ConstructorResolver.java:804)
		at org.springframework.beans.factory.support.ConstructorResolver.autowireConstructor(ConstructorResolver.java:240)
		at org.springframework.beans.factory.support.AbstractAutowireCapableBeanFactory.autowireConstructor(AbstractAutowireCapableBeanFactory.java:1377)
		at org.springframework.beans.factory.support.AbstractAutowireCapableBeanFactory.createBeanInstance(AbstractAutowireCapableBeanFactory.java:1214)
		at org.springframework.beans.factory.support.AbstractAutowireCapableBeanFactory.doCreateBean(AbstractAutowireCapableBeanFactory.java:563)
		at org.springframework.beans.factory.support.AbstractAutowireCapableBeanFactory.createBean(AbstractAutowireCapableBeanFactory.java:523)
		at org.springframework.beans.factory.support.AbstractBeanFactory.lambda$doGetBean$0(AbstractBeanFactory.java:336)
		at org.springframework.beans.factory.support.DefaultSingletonBeanRegistry.getSingleton(DefaultSingletonBeanRegistry.java:289)
		at org.springframework.beans.factory.support.AbstractBeanFactory.doGetBean(AbstractBeanFactory.java:334)
		at org.springframework.beans.factory.support.AbstractBeanFactory.getBean(AbstractBeanFactory.java:199)
		at org.springframework.beans.factory.config.DependencyDescriptor.resolveCandidate(DependencyDescriptor.java:254)
		at org.springframework.beans.factory.support.DefaultListableBeanFactory.doResolveDependency(DefaultListableBeanFactory.java:1631)
		at org.springframework.beans.factory.support.DefaultListableBeanFactory.resolveDependency(DefaultListableBeanFactory.java:1519)
		at org.springframework.beans.factory.support.ConstructorResolver.resolveAutowiredArgument(ConstructorResolver.java:913)
		at org.springframework.beans.factory.support.ConstructorResolver.createArgumentArray(ConstructorResolver.java:791)
		... 107 more
	Caused by: org.springframework.beans.factory.UnsatisfiedDependencyException: Error creating bean with name 'userStorageServiceImpl' defined in URL [jar:file:/opt/jfrog/artifactory/app/access/tomcat/webapps/access/WEB-INF/lib/access-server-core-7.134.4.jar!/org/jfrog/access/server/service/db/UserStorageServiceImpl.class]: Unsatisfied dependency expressed through constructor parameter 0: Error creating bean with name 'accessUsersDao' defined in URL [jar:file:/opt/jfrog/artifactory/app/access/tomcat/webapps/access/WEB-INF/lib/access-server-core-7.134.4.jar!/org/jfrog/access/server/db/dao/AccessUsersDao.class]: Unsatisfied dependency expressed through constructor parameter 0: Error creating bean with name 'sqlDaoHelperFactory' defined in URL [jar:file:/opt/jfrog/artifactory/app/access/tomcat/webapps/access/WEB-INF/lib/access-server-core-7.134.4.jar!/org/jfrog/access/server/db/dao/SqlDaoHelperFactory.class]: Unsatisfied dependency expressed through constructor parameter 0: Error creating bean with name 'accessJdbcHelperImpl' defined in URL [jar:file:/opt/jfrog/artifactory/app/access/tomcat/webapps/access/WEB-INF/lib/access-server-core-7.134.4.jar!/org/jfrog/access/server/db/util/AccessJdbcHelperImpl.class]: Failed to instantiate [org.jfrog.access.server.db.util.AccessJdbcHelperImpl]: Constructor threw exception
		at org.springframework.beans.factory.support.ConstructorResolver.createArgumentArray(ConstructorResolver.java:804)
		at org.springframework.beans.factory.support.ConstructorResolver.autowireConstructor(ConstructorResolver.java:240)
		at org.springframework.beans.factory.support.AbstractAutowireCapableBeanFactory.autowireConstructor(AbstractAutowireCapableBeanFactory.java:1377)
		at org.springframework.beans.factory.support.AbstractAutowireCapableBeanFactory.createBeanInstance(AbstractAutowireCapableBeanFactory.java:1214)
		at org.springframework.beans.factory.support.AbstractAutowireCapableBeanFactory.doCreateBean(AbstractAutowireCapableBeanFactory.java:563)
		at org.springframework.beans.factory.support.AbstractAutowireCapableBeanFactory.createBean(AbstractAutowireCapableBeanFactory.java:523)
		at org.springframework.beans.factory.support.AbstractBeanFactory.lambda$doGetBean$0(AbstractBeanFactory.java:336)
		at org.springframework.beans.factory.support.DefaultSingletonBeanRegistry.getSingleton(DefaultSingletonBeanRegistry.java:289)
		at org.springframework.beans.factory.support.AbstractBeanFactory.doGetBean(AbstractBeanFactory.java:334)
		at org.springframework.beans.factory.support.AbstractBeanFactory.getBean(AbstractBeanFactory.java:199)
		at org.springframework.beans.factory.config.DependencyDescriptor.resolveCandidate(DependencyDescriptor.java:254)
		at org.springframework.beans.factory.support.DefaultListableBeanFactory.doResolveDependency(DefaultListableBeanFactory.java:1631)
		at org.springframework.beans.factory.support.DefaultListableBeanFactory.resolveDependency(DefaultListableBeanFactory.java:1519)
		at org.springframework.beans.factory.support.ConstructorResolver.resolveAutowiredArgument(ConstructorResolver.java:913)
		at org.springframework.beans.factory.support.ConstructorResolver.createArgumentArray(ConstructorResolver.java:791)
		... 121 more
	Caused by: org.springframework.beans.factory.UnsatisfiedDependencyException: Error creating bean with name 'accessUsersDao' defined in URL [jar:file:/opt/jfrog/artifactory/app/access/tomcat/webapps/access/WEB-INF/lib/access-server-core-7.134.4.jar!/org/jfrog/access/server/db/dao/AccessUsersDao.class]: Unsatisfied dependency expressed through constructor parameter 0: Error creating bean with name 'sqlDaoHelperFactory' defined in URL [jar:file:/opt/jfrog/artifactory/app/access/tomcat/webapps/access/WEB-INF/lib/access-server-core-7.134.4.jar!/org/jfrog/access/server/db/dao/SqlDaoHelperFactory.class]: Unsatisfied dependency expressed through constructor parameter 0: Error creating bean with name 'accessJdbcHelperImpl' defined in URL [jar:file:/opt/jfrog/artifactory/app/access/tomcat/webapps/access/WEB-INF/lib/access-server-core-7.134.4.jar!/org/jfrog/access/server/db/util/AccessJdbcHelperImpl.class]: Failed to instantiate [org.jfrog.access.server.db.util.AccessJdbcHelperImpl]: Constructor threw exception
		at org.springframework.beans.factory.support.ConstructorResolver.createArgumentArray(ConstructorResolver.java:804)
		at org.springframework.beans.factory.support.ConstructorResolver.autowireConstructor(ConstructorResolver.java:240)
		at org.springframework.beans.factory.support.AbstractAutowireCapableBeanFactory.autowireConstructor(AbstractAutowireCapableBeanFactory.java:1377)
		at org.springframework.beans.factory.support.AbstractAutowireCapableBeanFactory.createBeanInstance(AbstractAutowireCapableBeanFactory.java:1214)
		at org.springframework.beans.factory.support.AbstractAutowireCapableBeanFactory.doCreateBean(AbstractAutowireCapableBeanFactory.java:563)
		at org.springframework.beans.factory.support.AbstractAutowireCapableBeanFactory.createBean(AbstractAutowireCapableBeanFactory.java:523)
		at org.springframework.beans.factory.support.AbstractBeanFactory.lambda$doGetBean$0(AbstractBeanFactory.java:336)
		at org.springframework.beans.factory.support.DefaultSingletonBeanRegistry.getSingleton(DefaultSingletonBeanRegistry.java:289)
		at org.springframework.beans.factory.support.AbstractBeanFactory.doGetBean(AbstractBeanFactory.java:334)
		at org.springframework.beans.factory.support.AbstractBeanFactory.getBean(AbstractBeanFactory.java:199)
		at org.springframework.beans.factory.config.DependencyDescriptor.resolveCandidate(DependencyDescriptor.java:254)
		at org.springframework.beans.factory.support.DefaultListableBeanFactory.doResolveDependency(DefaultListableBeanFactory.java:1631)
		at org.springframework.beans.factory.support.DefaultListableBeanFactory.resolveDependency(DefaultListableBeanFactory.java:1519)
		at org.springframework.beans.factory.support.ConstructorResolver.resolveAutowiredArgument(ConstructorResolver.java:913)
		at org.springframework.beans.factory.support.ConstructorResolver.createArgumentArray(ConstructorResolver.java:791)
		... 135 more
	Caused by: org.springframework.beans.factory.UnsatisfiedDependencyException: Error creating bean with name 'sqlDaoHelperFactory' defined in URL [jar:file:/opt/jfrog/artifactory/app/access/tomcat/webapps/access/WEB-INF/lib/access-server-core-7.134.4.jar!/org/jfrog/access/server/db/dao/SqlDaoHelperFactory.class]: Unsatisfied dependency expressed through constructor parameter 0: Error creating bean with name 'accessJdbcHelperImpl' defined in URL [jar:file:/opt/jfrog/artifactory/app/access/tomcat/webapps/access/WEB-INF/lib/access-server-core-7.134.4.jar!/org/jfrog/access/server/db/util/AccessJdbcHelperImpl.class]: Failed to instantiate [org.jfrog.access.server.db.util.AccessJdbcHelperImpl]: Constructor threw exception
		at org.springframework.beans.factory.support.ConstructorResolver.createArgumentArray(ConstructorResolver.java:804)
		at org.springframework.beans.factory.support.ConstructorResolver.autowireConstructor(ConstructorResolver.java:240)
		at org.springframework.beans.factory.support.AbstractAutowireCapableBeanFactory.autowireConstructor(AbstractAutowireCapableBeanFactory.java:1377)
		at org.springframework.beans.factory.support.AbstractAutowireCapableBeanFactory.createBeanInstance(AbstractAutowireCapableBeanFactory.java:1214)
		at org.springframework.beans.factory.support.AbstractAutowireCapableBeanFactory.doCreateBean(AbstractAutowireCapableBeanFactory.java:563)
		at org.springframework.beans.factory.support.AbstractAutowireCapableBeanFactory.createBean(AbstractAutowireCapableBeanFactory.java:523)
		at org.springframework.beans.factory.support.AbstractBeanFactory.lambda$doGetBean$0(AbstractBeanFactory.java:336)
		at org.springframework.beans.factory.support.DefaultSingletonBeanRegistry.getSingleton(DefaultSingletonBeanRegistry.java:289)
		at org.springframework.beans.factory.support.AbstractBeanFactory.doGetBean(AbstractBeanFactory.java:334)
		at org.springframework.beans.factory.support.AbstractBeanFactory.getBean(AbstractBeanFactory.java:199)
		at org.springframework.beans.factory.support.DefaultListableBeanFactory.doResolveDependency(DefaultListableBeanFactory.java:1573)
		at org.springframework.beans.factory.support.DefaultListableBeanFactory.resolveDependency(DefaultListableBeanFactory.java:1519)
		at org.springframework.beans.factory.support.ConstructorResolver.resolveAutowiredArgument(ConstructorResolver.java:913)
		at org.springframework.beans.factory.support.ConstructorResolver.createArgumentArray(ConstructorResolver.java:791)
		... 149 more
	Caused by: org.springframework.beans.factory.BeanCreationException: Error creating bean with name 'accessJdbcHelperImpl' defined in URL [jar:file:/opt/jfrog/artifactory/app/access/tomcat/webapps/access/WEB-INF/lib/access-server-core-7.134.4.jar!/org/jfrog/access/server/db/util/AccessJdbcHelperImpl.class]: Failed to instantiate [org.jfrog.access.server.db.util.AccessJdbcHelperImpl]: Constructor threw exception
		at org.springframework.beans.factory.support.ConstructorResolver.instantiate(ConstructorResolver.java:321)
		at org.springframework.beans.factory.support.ConstructorResolver.autowireConstructor(ConstructorResolver.java:309)
		at org.springframework.beans.factory.support.AbstractAutowireCapableBeanFactory.autowireConstructor(AbstractAutowireCapableBeanFactory.java:1377)
		at org.springframework.beans.factory.support.AbstractAutowireCapableBeanFactory.createBeanInstance(AbstractAutowireCapableBeanFactory.java:1214)
		at org.springframework.beans.factory.support.AbstractAutowireCapableBeanFactory.doCreateBean(AbstractAutowireCapableBeanFactory.java:563)
		at org.springframework.beans.factory.support.AbstractAutowireCapableBeanFactory.createBean(AbstractAutowireCapableBeanFactory.java:523)
		at org.springframework.beans.factory.support.AbstractBeanFactory.lambda$doGetBean$0(AbstractBeanFactory.java:336)
		at org.springframework.beans.factory.support.DefaultSingletonBeanRegistry.getSingleton(DefaultSingletonBeanRegistry.java:289)
		at org.springframework.beans.factory.support.AbstractBeanFactory.doGetBean(AbstractBeanFactory.java:334)
		at org.springframework.beans.factory.support.AbstractBeanFactory.getBean(AbstractBeanFactory.java:199)
		at org.springframework.beans.factory.config.DependencyDescriptor.resolveCandidate(DependencyDescriptor.java:254)
		at org.springframework.beans.factory.support.DefaultListableBeanFactory.doResolveDependency(DefaultListableBeanFactory.java:1631)
		at org.springframework.beans.factory.support.DefaultListableBeanFactory.resolveDependency(DefaultListableBeanFactory.java:1519)
		at org.springframework.beans.factory.support.ConstructorResolver.resolveAutowiredArgument(ConstructorResolver.java:913)
		at org.springframework.beans.factory.support.ConstructorResolver.createArgumentArray(ConstructorResolver.java:791)
		... 162 more
	Caused by: org.springframework.beans.BeanInstantiationException: Failed to instantiate [org.jfrog.access.server.db.util.AccessJdbcHelperImpl]: Constructor threw exception
		at org.springframework.beans.BeanUtils.instantiateClass(BeanUtils.java:222)
		at org.springframework.beans.factory.support.SimpleInstantiationStrategy.instantiate(SimpleInstantiationStrategy.java:145)
		at org.springframework.beans.factory.support.ConstructorResolver.instantiate(ConstructorResolver.java:318)
		... 176 more
	Caused by: org.jfrog.storage.dbtype.DbTypeNotAllowedException: DB Type derby is not allowed: Cannot start the application with a database other than PostgreSQL. For more information, see JFrog documentation.
		at org.jfrog.storage.util.DbUtils.assertAllowedDbType(DbUtils.java:884)
		at org.jfrog.storage.util.migration.MigrationUtil.initSchemas(MigrationUtil.java:100)
		at org.jfrog.access.server.db.util.AccessJdbcHelperImpl.init(AccessJdbcHelperImpl.java:85)
		at org.jfrog.access.server.db.util.AccessJdbcHelperImpl.<init>(AccessJdbcHelperImpl.java:70)
		at java.base/jdk.internal.reflect.DirectConstructorHandleAccessor.newInstance(DirectConstructorHandleAccessor.java:62)
		at java.base/java.lang.reflect.Constructor.newInstanceWithCaller(Constructor.java:502)
		at java.base/java.lang.reflect.Constructor.newInstance(Constructor.java:486)
		at org.springframework.beans.BeanUtils.instantiateClass(BeanUtils.java:209)
		... 178 more
12-Mar-2025 02:30:11.854 INFO [main] org.apache.catalina.startup.HostConfig.deployDescriptor Deployment of deployment descriptor [/opt/jfrog/artifactory/app/access/tomcat/conf/Catalina/localhost/access.xml] has finished in [17,148] ms
12-Mar-2025 02:30:11.859 INFO [main] org.apache.catalina.startup.HostConfig.deployDirectory Deploying web application directory [/opt/jfrog/artifactory/app/access/tomcat/webapps/ROOT]
12-Mar-2025 02:30:11.933 INFO [main] org.apache.catalina.startup.HostConfig.deployDirectory Deployment of web application directory [/opt/jfrog/artifactory/app/access/tomcat/webapps/ROOT] has finished in [74] ms
12-Mar-2025 02:30:11.954 INFO [main] org.apache.coyote.AbstractProtocol.start Starting ProtocolHandler ["http-nio-127.0.0.1-8040"]
