jfmd_app_disk_free_bytes 355214491648 1741745379197
jfmd_app_disk_used_bytes 667915227136 1741745379197
jfmd_app_io_counters_write_bytes 0 1741745379197
jfmd_app_io_counters_read_bytes 1253376 1741745379197
jfmd_app_self_metrics_calc_seconds 0.005543701 1741745379197
jfmd_app_self_metrics_total 19 1741745379197
jfmd_db_connections_in_use_total 0 1741745379197
jfmd_db_connections_open_total 1 1741745379197
jfmd_db_connections_idle_total 1 1741745379197
jfmd_db_connections_max_open_total 100 1741745379197
jfmd_db_connections_max_idle_total 0 1741745379197
jfmd_go_memstats_heap_reserved_bytes 20209664 1741745379197
jfmd_go_memstats_gc_cpu_fraction_ratio 5.484213433886092e-05 1741745379197
jfmd_go_memstats_heap_in_use_bytes 13639680 1741745379197
jfmd_go_memstats_heap_allocated_bytes 11314864 1741745379197
jfmd_go_memstats_heap_idle_bytes 6569984 1741745379197
jfmd_go_memstats_heap_objects_total 55833 1741745379197
jfmd_go_routines_total 25 1741745379197
jfmd_sys_load_1 2.33 1741745379197
jfmd_sys_load_5 0.82 1741745379197
jfmd_sys_load_15 0.49 1741745379197

jfmd_app_disk_used_bytes 667915063296 1741745389210
jfmd_app_disk_free_bytes 355214655488 1741745389210
jfmd_app_io_counters_read_bytes 1429504 1741745389210
jfmd_app_io_counters_write_bytes 0 1741745389210
jfmd_app_self_metrics_calc_seconds 0.002131987 1741745389210
jfmd_app_self_metrics_total 19 1741745389210
jfmd_db_connections_in_use_total 0 1741745389210
jfmd_db_connections_open_total 1 1741745389210
jfmd_db_connections_idle_total 1 1741745389210
jfmd_db_connections_max_open_total 100 1741745389210
jfmd_db_connections_max_idle_total 0 1741745389210
jfmd_go_memstats_gc_cpu_fraction_ratio 5.484213433886092e-05 1741745389210
jfmd_go_memstats_heap_in_use_bytes 13836288 1741745389210
jfmd_go_memstats_heap_allocated_bytes 11604416 1741745389210
jfmd_go_memstats_heap_idle_bytes 6340608 1741745389210
jfmd_go_memstats_heap_objects_total 58958 1741745389210
jfmd_go_memstats_heap_reserved_bytes 20176896 1741745389210
jfmd_go_routines_total 26 1741745389210
jfmd_sys_load_1 2.66 1741745389210
jfmd_sys_load_5 0.94 1741745389210
jfmd_sys_load_15 0.53 1741745389210

jfmd_app_disk_used_bytes 667915513856 1741745399210
jfmd_app_disk_free_bytes 355214204928 1741745399210
jfmd_app_io_counters_read_bytes 1429504 1741745399210
jfmd_app_io_counters_write_bytes 0 1741745399210
jfmd_app_self_metrics_total 19 1741745399210
jfmd_app_self_metrics_calc_seconds 0.000599556 1741745399210
jfmd_db_connections_in_use_total 0 1741745399210
jfmd_db_connections_open_total 1 1741745399210
jfmd_db_connections_idle_total 1 1741745399210
jfmd_db_connections_max_open_total 100 1741745399210
jfmd_db_connections_max_idle_total 0 1741745399210
jfmd_go_memstats_heap_in_use_bytes 14057472 1741745399210
jfmd_go_memstats_heap_allocated_bytes 11920856 1741745399210
jfmd_go_memstats_heap_idle_bytes 6152192 1741745399210
jfmd_go_memstats_heap_objects_total 61984 1741745399210
jfmd_go_memstats_heap_reserved_bytes 20209664 1741745399210
jfmd_go_memstats_gc_cpu_fraction_ratio 5.484213433886092e-05 1741745399210
jfmd_go_routines_total 25 1741745399210
jfmd_sys_load_1 2.84 1741745399210
jfmd_sys_load_5 1.04 1741745399210
jfmd_sys_load_15 0.57 1741745399210

jfmd_app_disk_used_bytes 667915726848 1741745409208
jfmd_app_disk_free_bytes 355213991936 1741745409208
jfmd_app_io_counters_read_bytes 1429504 1741745409208
jfmd_app_io_counters_write_bytes 0 1741745409208
jfmd_app_self_metrics_calc_seconds 0.000777589 1741745409208
jfmd_app_self_metrics_total 19 1741745409208
jfmd_db_connections_max_open_total 100 1741745409208
jfmd_db_connections_max_idle_total 0 1741745409208
jfmd_db_connections_in_use_total 0 1741745409208
jfmd_db_connections_open_total 1 1741745409208
jfmd_db_connections_idle_total 1 1741745409208
jfmd_go_memstats_heap_reserved_bytes 20209664 1741745409208
jfmd_go_memstats_gc_cpu_fraction_ratio 5.484213433886092e-05 1741745409208
jfmd_go_memstats_heap_in_use_bytes 14262272 1741745409208
jfmd_go_memstats_heap_allocated_bytes 12195448 1741745409208
jfmd_go_memstats_heap_idle_bytes 5947392 1741745409208
jfmd_go_memstats_heap_objects_total 64631 1741745409208
jfmd_go_routines_total 25 1741745409208
jfmd_sys_load_1 2.4 1741745409208
jfmd_sys_load_5 1.01 1741745409208
jfmd_sys_load_15 0.56 1741745409208

jfmd_app_disk_used_bytes 667915915264 1741745419208
jfmd_app_disk_free_bytes 355213803520 1741745419208
jfmd_app_io_counters_read_bytes 1429504 1741745419208
jfmd_app_io_counters_write_bytes 0 1741745419208
jfmd_app_self_metrics_total 19 1741745419208
jfmd_app_self_metrics_calc_seconds 0.000729525 1741745419208
jfmd_db_connections_in_use_total 0 1741745419208
jfmd_db_connections_open_total 1 1741745419208
jfmd_db_connections_idle_total 1 1741745419208
jfmd_db_connections_max_open_total 100 1741745419208
jfmd_db_connections_max_idle_total 0 1741745419208
jfmd_go_memstats_heap_allocated_bytes 12468312 1741745419208
jfmd_go_memstats_heap_idle_bytes 5726208 1741745419208
jfmd_go_memstats_heap_objects_total 67280 1741745419208
jfmd_go_memstats_heap_reserved_bytes 20176896 1741745419208
jfmd_go_memstats_gc_cpu_fraction_ratio 5.484213433886092e-05 1741745419208
jfmd_go_memstats_heap_in_use_bytes 14450688 1741745419208
jfmd_go_routines_total 26 1741745419208
jfmd_sys_load_1 2.03 1741745419208
jfmd_sys_load_5 0.97 1741745419208
jfmd_sys_load_15 0.55 1741745419208

jfmd_app_disk_used_bytes 667916804096 1741745429208
jfmd_app_disk_free_bytes 355212914688 1741745429208
jfmd_app_io_counters_read_bytes 1429504 1741745429208
jfmd_app_io_counters_write_bytes 0 1741745429208
jfmd_app_self_metrics_calc_seconds 0.000909419 1741745429208
jfmd_app_self_metrics_total 19 1741745429208
jfmd_db_connections_open_total 1 1741745429208
jfmd_db_connections_idle_total 1 1741745429208
jfmd_db_connections_max_open_total 100 1741745429208
jfmd_db_connections_max_idle_total 0 1741745429208
jfmd_db_connections_in_use_total 0 1741745429208
jfmd_go_memstats_heap_in_use_bytes 14745600 1741745429208
jfmd_go_memstats_heap_allocated_bytes 12745992 1741745429208
jfmd_go_memstats_heap_idle_bytes 5464064 1741745429208
jfmd_go_memstats_heap_objects_total 70000 1741745429208
jfmd_go_memstats_heap_reserved_bytes 20209664 1741745429208
jfmd_go_memstats_gc_cpu_fraction_ratio 5.484213433886092e-05 1741745429208
jfmd_go_routines_total 25 1741745429208
jfmd_sys_load_1 1.72 1741745429208
jfmd_sys_load_5 0.94 1741745429208
jfmd_sys_load_15 0.55 1741745429208

jfmd_app_disk_used_bytes 667948044288 1741745439206
jfmd_app_disk_free_bytes 355181674496 1741745439206
jfmd_app_io_counters_read_bytes 1429504 1741745439206
jfmd_app_io_counters_write_bytes 0 1741745439206
jfmd_app_self_metrics_calc_seconds 0.000674853 1741745439206
jfmd_app_self_metrics_total 19 1741745439206
jfmd_db_connections_max_idle_total 0 1741745439206
jfmd_db_connections_in_use_total 0 1741745439206
jfmd_db_connections_open_total 1 1741745439206
jfmd_db_connections_idle_total 1 1741745439206
jfmd_db_connections_max_open_total 100 1741745439206
jfmd_go_memstats_heap_allocated_bytes 13015288 1741745439206
jfmd_go_memstats_heap_idle_bytes 5111808 1741745439206
jfmd_go_memstats_heap_objects_total 72695 1741745439206
jfmd_go_memstats_heap_reserved_bytes 20242432 1741745439206
jfmd_go_memstats_gc_cpu_fraction_ratio 5.484213433886092e-05 1741745439206
jfmd_go_memstats_heap_in_use_bytes 15130624 1741745439206
jfmd_go_routines_total 25 1741745439206
jfmd_sys_load_1 1.46 1741745439206
jfmd_sys_load_5 0.91 1741745439206
jfmd_sys_load_15 0.54 1741745439206

jfmd_app_disk_used_bytes 667947216896 1741745449207
jfmd_app_disk_free_bytes 355182501888 1741745449207
jfmd_app_io_counters_read_bytes 1429504 1741745449207
jfmd_app_io_counters_write_bytes 0 1741745449207
jfmd_app_self_metrics_calc_seconds 0.000751794 1741745449207
jfmd_app_self_metrics_total 19 1741745449207
jfmd_db_connections_in_use_total 0 1741745449207
jfmd_db_connections_open_total 1 1741745449207
jfmd_db_connections_idle_total 1 1741745449207
jfmd_db_connections_max_open_total 100 1741745449207
jfmd_db_connections_max_idle_total 0 1741745449207
jfmd_go_memstats_heap_reserved_bytes 20209664 1741745449207
jfmd_go_memstats_gc_cpu_fraction_ratio 5.484213433886092e-05 1741745449207
jfmd_go_memstats_heap_in_use_bytes 15335424 1741745449207
jfmd_go_memstats_heap_allocated_bytes 13283664 1741745449207
jfmd_go_memstats_heap_idle_bytes 4874240 1741745449207
jfmd_go_memstats_heap_objects_total 75381 1741745449207
jfmd_go_routines_total 25 1741745449207
jfmd_sys_load_1 1.23 1741745449207
jfmd_sys_load_5 0.88 1741745449207
jfmd_sys_load_15 0.53 1741745449207

jfmd_app_disk_used_bytes 667946897408 1741745459207
jfmd_app_disk_free_bytes 355182821376 1741745459207
jfmd_app_io_counters_read_bytes 1429504 1741745459207
jfmd_app_io_counters_write_bytes 0 1741745459207
jfmd_app_self_metrics_calc_seconds 0.000893844 1741745459207
jfmd_app_self_metrics_total 19 1741745459207
jfmd_db_connections_idle_total 1 1741745459207
jfmd_db_connections_max_open_total 100 1741745459207
jfmd_db_connections_max_idle_total 0 1741745459207
jfmd_db_connections_in_use_total 0 1741745459207
jfmd_db_connections_open_total 1 1741745459207
jfmd_go_memstats_heap_allocated_bytes 13552032 1741745459207
jfmd_go_memstats_heap_idle_bytes 4653056 1741745459207
jfmd_go_memstats_heap_objects_total 78066 1741745459207
jfmd_go_memstats_heap_reserved_bytes 20176896 1741745459207
jfmd_go_memstats_gc_cpu_fraction_ratio 5.484213433886092e-05 1741745459207
jfmd_go_memstats_heap_in_use_bytes 15523840 1741745459207
jfmd_go_routines_total 25 1741745459207
jfmd_sys_load_5 0.85 1741745459207
jfmd_sys_load_15 0.53 1741745459207
jfmd_sys_load_1 1.04 1741745459207

jfmd_app_disk_used_bytes 667946266624 1741745469204
jfmd_app_disk_free_bytes 355183452160 1741745469204
jfmd_app_io_counters_write_bytes 0 1741745469204
jfmd_app_io_counters_read_bytes 1429504 1741745469204
jfmd_app_self_metrics_calc_seconds 0.000954893 1741745469204
jfmd_app_self_metrics_total 19 1741745469204
jfmd_db_connections_in_use_total 0 1741745469204
jfmd_db_connections_open_total 1 1741745469204
jfmd_db_connections_idle_total 1 1741745469204
jfmd_db_connections_max_open_total 100 1741745469204
jfmd_db_connections_max_idle_total 0 1741745469204
jfmd_go_memstats_heap_reserved_bytes 20176896 1741745469204
jfmd_go_memstats_gc_cpu_fraction_ratio 5.484213433886092e-05 1741745469204
jfmd_go_memstats_heap_in_use_bytes 15826944 1741745469204
jfmd_go_memstats_heap_allocated_bytes 13822520 1741745469204
jfmd_go_memstats_heap_idle_bytes 4349952 1741745469204
jfmd_go_memstats_heap_objects_total 80777 1741745469204
jfmd_go_routines_total 25 1741745469204
jfmd_sys_load_1 0.88 1741745469204
jfmd_sys_load_5 0.82 1741745469204
jfmd_sys_load_15 0.52 1741745469204

jfmd_app_disk_used_bytes 667946524672 1741745479205
jfmd_app_disk_free_bytes 355183194112 1741745479205
jfmd_app_io_counters_read_bytes 1429504 1741745479205
jfmd_app_io_counters_write_bytes 0 1741745479205
jfmd_app_self_metrics_calc_seconds 0.000594905 1741745479205
jfmd_app_self_metrics_total 19 1741745479205
jfmd_db_connections_in_use_total 0 1741745479205
jfmd_db_connections_open_total 1 1741745479205
jfmd_db_connections_idle_total 1 1741745479205
jfmd_db_connections_max_open_total 100 1741745479205
jfmd_db_connections_max_idle_total 0 1741745479205
jfmd_go_memstats_heap_in_use_bytes 16064512 1741745479205
jfmd_go_memstats_heap_allocated_bytes 14105296 1741745479205
jfmd_go_memstats_heap_idle_bytes 4145152 1741745479205
jfmd_go_memstats_heap_objects_total 83479 1741745479205
jfmd_go_memstats_heap_reserved_bytes 20209664 1741745479205
jfmd_go_memstats_gc_cpu_fraction_ratio 5.484213433886092e-05 1741745479205
jfmd_go_routines_total 25 1741745479205
jfmd_sys_load_1 0.75 1741745479205
jfmd_sys_load_5 0.8 1741745479205
jfmd_sys_load_15 0.52 1741745479205

jfmd_app_disk_used_bytes 667946704896 1741745489205
jfmd_app_disk_free_bytes 355183013888 1741745489205
jfmd_app_io_counters_read_bytes 1429504 1741745489205
jfmd_app_io_counters_write_bytes 0 1741745489205
jfmd_app_self_metrics_total 19 1741745489205
jfmd_app_self_metrics_calc_seconds 0.000981159 1741745489205
jfmd_db_connections_idle_total 1 1741745489205
jfmd_db_connections_max_open_total 100 1741745489205
jfmd_db_connections_max_idle_total 0 1741745489205
jfmd_db_connections_in_use_total 0 1741745489205
jfmd_db_connections_open_total 1 1741745489205
jfmd_go_memstats_heap_in_use_bytes 16343040 1741745489205
jfmd_go_memstats_heap_allocated_bytes 14373752 1741745489205
jfmd_go_memstats_heap_idle_bytes 3866624 1741745489205
jfmd_go_memstats_heap_objects_total 86157 1741745489205
jfmd_go_memstats_heap_reserved_bytes 20209664 1741745489205
jfmd_go_memstats_gc_cpu_fraction_ratio 5.484213433886092e-05 1741745489205
jfmd_go_routines_total 25 1741745489205
jfmd_sys_load_1 0.63 1741745489205
jfmd_sys_load_5 0.77 1741745489205
jfmd_sys_load_15 0.51 1741745489205

jfmd_app_disk_used_bytes 667948019712 1741745499204
jfmd_app_disk_free_bytes 355181699072 1741745499204
jfmd_app_io_counters_read_bytes 1429504 1741745499204
jfmd_app_io_counters_write_bytes 0 1741745499204
jfmd_app_self_metrics_calc_seconds 0.000860827 1741745499204
jfmd_app_self_metrics_total 19 1741745499204
jfmd_db_connections_in_use_total 0 1741745499204
jfmd_db_connections_open_total 1 1741745499204
jfmd_db_connections_idle_total 1 1741745499204
jfmd_db_connections_max_open_total 100 1741745499204
jfmd_db_connections_max_idle_total 0 1741745499204
jfmd_go_memstats_heap_in_use_bytes 11190272 1741745499204
jfmd_go_memstats_heap_allocated_bytes 7890408 1741745499204
jfmd_go_memstats_heap_idle_bytes 9084928 1741745499204
jfmd_go_memstats_heap_objects_total 38559 1741745499204
jfmd_go_memstats_heap_reserved_bytes 20275200 1741745499204
jfmd_go_memstats_gc_cpu_fraction_ratio 1.6510458630344808e-05 1741745499204
jfmd_go_routines_total 26 1741745499204
jfmd_sys_load_1 0.68 1741745499204
jfmd_sys_load_5 0.78 1741745499204
jfmd_sys_load_15 0.52 1741745499204

jfmd_app_disk_used_bytes 667940216832 1741745509204
jfmd_app_disk_free_bytes 355189501952 1741745509204
jfmd_app_io_counters_read_bytes 1429504 1741745509204
jfmd_app_io_counters_write_bytes 0 1741745509204
jfmd_app_self_metrics_calc_seconds 0.000810738 1741745509204
jfmd_app_self_metrics_total 19 1741745509204
jfmd_db_connections_open_total 1 1741745509204
jfmd_db_connections_idle_total 1 1741745509204
jfmd_db_connections_max_open_total 100 1741745509204
jfmd_db_connections_max_idle_total 0 1741745509204
jfmd_db_connections_in_use_total 0 1741745509204
jfmd_go_memstats_heap_in_use_bytes 11288576 1741745509204
jfmd_go_memstats_heap_allocated_bytes 8162352 1741745509204
jfmd_go_memstats_heap_idle_bytes 8953856 1741745509204
jfmd_go_memstats_heap_objects_total 41247 1741745509204
jfmd_go_memstats_heap_reserved_bytes 20242432 1741745509204
jfmd_go_memstats_gc_cpu_fraction_ratio 1.6510458630344808e-05 1741745509204
jfmd_go_routines_total 23 1741745509204
jfmd_sys_load_1 0.82 1741745509204
jfmd_sys_load_5 0.8 1741745509204
jfmd_sys_load_15 0.53 1741745509204

jfmd_app_disk_used_bytes 667940294656 1741745519204
jfmd_app_disk_free_bytes 355189424128 1741745519204
jfmd_app_io_counters_read_bytes 1511424 1741745519204
jfmd_app_io_counters_write_bytes 0 1741745519204
jfmd_app_self_metrics_calc_seconds 0.000805108 1741745519204
jfmd_app_self_metrics_total 19 1741745519204
jfmd_db_connections_open_total 1 1741745519204
jfmd_db_connections_idle_total 1 1741745519204
jfmd_db_connections_max_open_total 100 1741745519204
jfmd_db_connections_max_idle_total 0 1741745519204
jfmd_db_connections_in_use_total 0 1741745519204
jfmd_go_memstats_heap_in_use_bytes 11403264 1741745519204
jfmd_go_memstats_heap_allocated_bytes 8435968 1741745519204
jfmd_go_memstats_heap_idle_bytes 8806400 1741745519204
jfmd_go_memstats_heap_objects_total 43944 1741745519204
jfmd_go_memstats_heap_reserved_bytes 20209664 1741745519204
jfmd_go_memstats_gc_cpu_fraction_ratio 1.6510458630344808e-05 1741745519204
jfmd_go_routines_total 26 1741745519204
jfmd_sys_load_1 0.92 1741745519204
jfmd_sys_load_5 0.82 1741745519204
jfmd_sys_load_15 0.54 1741745519204

jfmd_app_disk_used_bytes 667939381248 1741745529203
jfmd_app_disk_free_bytes 355190337536 1741745529203
jfmd_app_io_counters_read_bytes 1511424 1741745529203
jfmd_app_io_counters_write_bytes 0 1741745529203
jfmd_app_self_metrics_calc_seconds 0.000748895 1741745529203
jfmd_app_self_metrics_total 19 1741745529203
jfmd_db_connections_in_use_total 0 1741745529203
jfmd_db_connections_open_total 1 1741745529203
jfmd_db_connections_idle_total 1 1741745529203
jfmd_db_connections_max_open_total 100 1741745529203
jfmd_db_connections_max_idle_total 0 1741745529203
jfmd_go_memstats_gc_cpu_fraction_ratio 1.6510458630344808e-05 1741745529203
jfmd_go_memstats_heap_in_use_bytes 11534336 1741745529203
jfmd_go_memstats_heap_allocated_bytes 8706232 1741745529203
jfmd_go_memstats_heap_idle_bytes 8642560 1741745529203
jfmd_go_memstats_heap_objects_total 46688 1741745529203
jfmd_go_memstats_heap_reserved_bytes 20176896 1741745529203
jfmd_go_routines_total 26 1741745529203
jfmd_sys_load_1 0.94 1741745529203
jfmd_sys_load_5 0.83 1741745529203
jfmd_sys_load_15 0.54 1741745529203

jfmd_app_disk_used_bytes 667931766784 1741745539203
jfmd_app_disk_free_bytes 355197952000 1741745539203
jfmd_app_io_counters_read_bytes 1511424 1741745539203
jfmd_app_io_counters_write_bytes 0 1741745539203
jfmd_app_self_metrics_calc_seconds 0.000718541 1741745539203
jfmd_app_self_metrics_total 19 1741745539203
jfmd_db_connections_idle_total 1 1741745539203
jfmd_db_connections_max_open_total 100 1741745539203
jfmd_db_connections_max_idle_total 0 1741745539203
jfmd_db_connections_in_use_total 0 1741745539203
jfmd_db_connections_open_total 1 1741745539203
jfmd_go_memstats_heap_reserved_bytes 20209664 1741745539203
jfmd_go_memstats_gc_cpu_fraction_ratio 1.6510458630344808e-05 1741745539203
jfmd_go_memstats_heap_in_use_bytes 11665408 1741745539203
jfmd_go_memstats_heap_allocated_bytes 8972264 1741745539203
jfmd_go_memstats_heap_idle_bytes 8544256 1741745539203
jfmd_go_memstats_heap_objects_total 49335 1741745539203
jfmd_go_routines_total 25 1741745539203
jfmd_sys_load_1 0.79 1741745539203
jfmd_sys_load_5 0.8 1741745539203
jfmd_sys_load_15 0.54 1741745539203

jfmd_app_disk_used_bytes 667958538240 1741745549202
jfmd_app_disk_free_bytes 355171180544 1741745549202
jfmd_app_io_counters_read_bytes 1511424 1741745549202
jfmd_app_io_counters_write_bytes 0 1741745549202
jfmd_app_self_metrics_calc_seconds 0.000596298 1741745549202
jfmd_app_self_metrics_total 19 1741745549202
jfmd_db_connections_max_idle_total 0 1741745549202
jfmd_db_connections_in_use_total 0 1741745549202
jfmd_db_connections_open_total 1 1741745549202
jfmd_db_connections_idle_total 1 1741745549202
jfmd_db_connections_max_open_total 100 1741745549202
jfmd_go_memstats_gc_cpu_fraction_ratio 1.6510458630344808e-05 1741745549202
jfmd_go_memstats_heap_in_use_bytes 11829248 1741745549202
jfmd_go_memstats_heap_allocated_bytes 9238128 1741745549202
jfmd_go_memstats_heap_idle_bytes 8347648 1741745549202
jfmd_go_memstats_heap_objects_total 51966 1741745549202
jfmd_go_memstats_heap_reserved_bytes 20176896 1741745549202
jfmd_go_routines_total 25 1741745549202
jfmd_sys_load_5 0.77 1741745549202
jfmd_sys_load_15 0.53 1741745549202
jfmd_sys_load_1 0.67 1741745549202

jfmd_app_disk_used_bytes 667958517760 1741745559201
jfmd_app_disk_free_bytes 355171201024 1741745559201
jfmd_app_io_counters_read_bytes 1511424 1741745559201
jfmd_app_io_counters_write_bytes 0 1741745559201
jfmd_app_self_metrics_calc_seconds 0.000529123 1741745559201
jfmd_app_self_metrics_total 19 1741745559201
jfmd_db_connections_in_use_total 0 1741745559201
jfmd_db_connections_open_total 1 1741745559201
jfmd_db_connections_idle_total 1 1741745559201
jfmd_db_connections_max_open_total 100 1741745559201
jfmd_db_connections_max_idle_total 0 1741745559201
jfmd_go_memstats_heap_in_use_bytes 12017664 1741745559201
jfmd_go_memstats_heap_allocated_bytes 9510624 1741745559201
jfmd_go_memstats_heap_idle_bytes 8192000 1741745559201
jfmd_go_memstats_heap_objects_total 54753 1741745559201
jfmd_go_memstats_heap_reserved_bytes 20209664 1741745559201
jfmd_go_memstats_gc_cpu_fraction_ratio 1.6510458630344808e-05 1741745559201
jfmd_go_routines_total 25 1741745559201
jfmd_sys_load_1 0.71 1741745559201
jfmd_sys_load_5 0.78 1741745559201
jfmd_sys_load_15 0.54 1741745559201

jfmd_app_disk_used_bytes 667958583296 1741745569201
jfmd_app_disk_free_bytes 355171135488 1741745569201
jfmd_app_io_counters_read_bytes 1511424 1741745569201
jfmd_app_io_counters_write_bytes 0 1741745569201
jfmd_app_self_metrics_calc_seconds 0.000521858 1741745569201
jfmd_app_self_metrics_total 19 1741745569201
jfmd_db_connections_max_idle_total 0 1741745569201
jfmd_db_connections_in_use_total 0 1741745569201
jfmd_db_connections_open_total 1 1741745569201
jfmd_db_connections_idle_total 1 1741745569201
jfmd_db_connections_max_open_total 100 1741745569201
jfmd_go_memstats_heap_in_use_bytes 12148736 1741745569201
jfmd_go_memstats_heap_allocated_bytes 9775792 1741745569201
jfmd_go_memstats_heap_idle_bytes 8060928 1741745569201
jfmd_go_memstats_heap_objects_total 57368 1741745569201
jfmd_go_memstats_heap_reserved_bytes 20209664 1741745569201
jfmd_go_memstats_gc_cpu_fraction_ratio 1.6510458630344808e-05 1741745569201
jfmd_go_routines_total 25 1741745569201
jfmd_sys_load_1 0.6 1741745569201
jfmd_sys_load_5 0.76 1741745569201
jfmd_sys_load_15 0.53 1741745569201

jfmd_app_disk_used_bytes 667958861824 1741745579201
jfmd_app_disk_free_bytes 355170856960 1741745579201
jfmd_app_io_counters_read_bytes 1511424 1741745579201
jfmd_app_io_counters_write_bytes 0 1741745579201
jfmd_app_self_metrics_calc_seconds 0.000546214 1741745579201
jfmd_app_self_metrics_total 19 1741745579201
jfmd_db_connections_in_use_total 0 1741745579201
jfmd_db_connections_open_total 1 1741745579201
jfmd_db_connections_idle_total 1 1741745579201
jfmd_db_connections_max_open_total 100 1741745579201
jfmd_db_connections_max_idle_total 0 1741745579201
jfmd_go_memstats_heap_idle_bytes 7913472 1741745579201
jfmd_go_memstats_heap_objects_total 60076 1741745579201
jfmd_go_memstats_heap_reserved_bytes 20242432 1741745579201
jfmd_go_memstats_gc_cpu_fraction_ratio 1.6510458630344808e-05 1741745579201
jfmd_go_memstats_heap_in_use_bytes 12328960 1741745579201
jfmd_go_memstats_heap_allocated_bytes 10051264 1741745579201
jfmd_go_routines_total 25 1741745579201
jfmd_sys_load_1 0.51 1741745579201
jfmd_sys_load_5 0.73 1741745579201
jfmd_sys_load_15 0.53 1741745579201

jfmd_app_disk_free_bytes 355170725888 1741745589200
jfmd_app_disk_used_bytes 667958992896 1741745589200
jfmd_app_io_counters_read_bytes 1511424 1741745589200
jfmd_app_io_counters_write_bytes 0 1741745589200
jfmd_app_self_metrics_calc_seconds 0.000437714 1741745589200
jfmd_app_self_metrics_total 19 1741745589200
jfmd_db_connections_max_idle_total 0 1741745589200
jfmd_db_connections_in_use_total 0 1741745589200
jfmd_db_connections_open_total 1 1741745589200
jfmd_db_connections_idle_total 1 1741745589200
jfmd_db_connections_max_open_total 100 1741745589200
jfmd_go_memstats_gc_cpu_fraction_ratio 1.6510458630344808e-05 1741745589200
jfmd_go_memstats_heap_in_use_bytes 12541952 1741745589200
jfmd_go_memstats_heap_allocated_bytes 10318712 1741745589200
jfmd_go_memstats_heap_idle_bytes 7634944 1741745589200
jfmd_go_memstats_heap_objects_total 62733 1741745589200
jfmd_go_memstats_heap_reserved_bytes 20176896 1741745589200
jfmd_go_routines_total 24 1741745589200
jfmd_sys_load_5 0.71 1741745589200
jfmd_sys_load_15 0.52 1741745589200
jfmd_sys_load_1 0.43 1741745589200

jfmd_app_disk_used_bytes 667959001088 1741745599199
jfmd_app_disk_free_bytes 355170717696 1741745599199
jfmd_app_io_counters_read_bytes 1511424 1741745599199
jfmd_app_io_counters_write_bytes 0 1741745599199
jfmd_app_self_metrics_calc_seconds 0.000894909 1741745599199
jfmd_app_self_metrics_total 19 1741745599199
jfmd_db_connections_max_idle_total 0 1741745599199
jfmd_db_connections_in_use_total 0 1741745599199
jfmd_db_connections_open_total 1 1741745599199
jfmd_db_connections_idle_total 1 1741745599199
jfmd_db_connections_max_open_total 100 1741745599199
jfmd_go_memstats_heap_reserved_bytes 20209664 1741745599199
jfmd_go_memstats_gc_cpu_fraction_ratio 1.6510458630344808e-05 1741745599199
jfmd_go_memstats_heap_in_use_bytes 12738560 1741745599199
jfmd_go_memstats_heap_allocated_bytes 10583464 1741745599199
jfmd_go_memstats_heap_idle_bytes 7471104 1741745599199
jfmd_go_memstats_heap_objects_total 65345 1741745599199
jfmd_go_routines_total 26 1741745599199
jfmd_sys_load_1 0.36 1741745599199
jfmd_sys_load_5 0.68 1741745599199
jfmd_sys_load_15 0.51 1741745599199

jfmd_app_disk_used_bytes 667959287808 1741745609200
jfmd_app_disk_free_bytes 355170430976 1741745609200
jfmd_app_io_counters_write_bytes 0 1741745609200
jfmd_app_io_counters_read_bytes 1511424 1741745609200
jfmd_app_self_metrics_calc_seconds 0.000458708 1741745609200
jfmd_app_self_metrics_total 19 1741745609200
jfmd_db_connections_max_open_total 100 1741745609200
jfmd_db_connections_max_idle_total 0 1741745609200
jfmd_db_connections_in_use_total 0 1741745609200
jfmd_db_connections_open_total 1 1741745609200
jfmd_db_connections_idle_total 1 1741745609200
jfmd_go_memstats_heap_reserved_bytes 20209664 1741745609200
jfmd_go_memstats_gc_cpu_fraction_ratio 1.6510458630344808e-05 1741745609200
jfmd_go_memstats_heap_in_use_bytes 12967936 1741745609200
jfmd_go_memstats_heap_allocated_bytes 10859816 1741745609200
jfmd_go_memstats_heap_idle_bytes 7241728 1741745609200
jfmd_go_memstats_heap_objects_total 68160 1741745609200
jfmd_go_routines_total 25 1741745609200
jfmd_sys_load_1 0.39 1741745609200
jfmd_sys_load_5 0.68 1741745609200
jfmd_sys_load_15 0.51 1741745609200

jfmd_app_disk_used_bytes 667959304192 1741745619198
jfmd_app_disk_free_bytes 355170414592 1741745619198
jfmd_app_io_counters_read_bytes 1511424 1741745619198
jfmd_app_io_counters_write_bytes 0 1741745619198
jfmd_app_self_metrics_calc_seconds 0.000458988 1741745619198
jfmd_app_self_metrics_total 19 1741745619198
jfmd_db_connections_in_use_total 0 1741745619198
jfmd_db_connections_open_total 1 1741745619198
jfmd_db_connections_idle_total 1 1741745619198
jfmd_db_connections_max_open_total 100 1741745619198
jfmd_db_connections_max_idle_total 0 1741745619198
jfmd_go_memstats_heap_reserved_bytes 20242432 1741745619198
jfmd_go_memstats_gc_cpu_fraction_ratio 1.2537231369844155e-05 1741745619198
jfmd_go_memstats_heap_in_use_bytes 11067392 1741745619198
jfmd_go_memstats_heap_allocated_bytes 7871208 1741745619198
jfmd_go_memstats_heap_idle_bytes 9175040 1741745619198
jfmd_go_memstats_heap_objects_total 38631 1741745619198
jfmd_go_routines_total 25 1741745619198
jfmd_sys_load_1 0.33 1741745619198
jfmd_sys_load_5 0.65 1741745619198
jfmd_sys_load_15 0.51 1741745619198

jfmd_app_disk_used_bytes 667959435264 1741745629198
jfmd_app_disk_free_bytes 355170283520 1741745629198
jfmd_app_io_counters_read_bytes 1511424 1741745629198
jfmd_app_io_counters_write_bytes 0 1741745629198
jfmd_app_self_metrics_calc_seconds 0.000701701 1741745629198
jfmd_app_self_metrics_total 19 1741745629198
jfmd_db_connections_max_idle_total 0 1741745629198
jfmd_db_connections_in_use_total 0 1741745629198
jfmd_db_connections_open_total 1 1741745629198
jfmd_db_connections_idle_total 1 1741745629198
jfmd_db_connections_max_open_total 100 1741745629198
jfmd_go_memstats_heap_in_use_bytes 11173888 1741745629198
jfmd_go_memstats_heap_allocated_bytes 8141568 1741745629198
jfmd_go_memstats_heap_idle_bytes 9035776 1741745629198
jfmd_go_memstats_heap_objects_total 41271 1741745629198
jfmd_go_memstats_heap_reserved_bytes 20209664 1741745629198
jfmd_go_memstats_gc_cpu_fraction_ratio 1.2537231369844155e-05 1741745629198
jfmd_go_routines_total 26 1741745629198
jfmd_sys_load_1 0.35 1741745629198
jfmd_sys_load_5 0.65 1741745629198
jfmd_sys_load_15 0.51 1741745629198

jfmd_app_disk_used_bytes 667959570432 1741745639199
jfmd_app_disk_free_bytes 355170148352 1741745639199
jfmd_app_io_counters_read_bytes 1511424 1741745639199
jfmd_app_io_counters_write_bytes 0 1741745639199
jfmd_app_self_metrics_calc_seconds 0.000584677 1741745639199
jfmd_app_self_metrics_total 19 1741745639199
jfmd_db_connections_idle_total 1 1741745639199
jfmd_db_connections_max_open_total 100 1741745639199
jfmd_db_connections_max_idle_total 0 1741745639199
jfmd_db_connections_in_use_total 0 1741745639199
jfmd_db_connections_open_total 1 1741745639199
jfmd_go_memstats_heap_in_use_bytes 11296768 1741745639199
jfmd_go_memstats_heap_allocated_bytes 8408064 1741745639199
jfmd_go_memstats_heap_idle_bytes 8912896 1741745639199
jfmd_go_memstats_heap_objects_total 43920 1741745639199
jfmd_go_memstats_heap_reserved_bytes 20209664 1741745639199
jfmd_go_memstats_gc_cpu_fraction_ratio 1.2537231369844155e-05 1741745639199
jfmd_go_routines_total 26 1741745639199
jfmd_sys_load_1 0.37 1741745639199
jfmd_sys_load_5 0.64 1741745639199
jfmd_sys_load_15 0.51 1741745639199

jfmd_app_disk_used_bytes 667959779328 1741745649198
jfmd_app_disk_free_bytes 355169939456 1741745649198
jfmd_app_io_counters_read_bytes 1511424 1741745649198
jfmd_app_io_counters_write_bytes 0 1741745649198
jfmd_app_self_metrics_calc_seconds 0.000606567 1741745649198
jfmd_app_self_metrics_total 19 1741745649198
jfmd_db_connections_in_use_total 0 1741745649198
jfmd_db_connections_open_total 1 1741745649198
jfmd_db_connections_idle_total 1 1741745649198
jfmd_db_connections_max_open_total 100 1741745649198
jfmd_db_connections_max_idle_total 0 1741745649198
jfmd_go_memstats_heap_in_use_bytes 11427840 1741745649198
jfmd_go_memstats_heap_allocated_bytes 8679536 1741745649198
jfmd_go_memstats_heap_idle_bytes 8781824 1741745649198
jfmd_go_memstats_heap_objects_total 46636 1741745649198
jfmd_go_memstats_heap_reserved_bytes 20209664 1741745649198
jfmd_go_memstats_gc_cpu_fraction_ratio 1.2537231369844155e-05 1741745649198
jfmd_go_routines_total 26 1741745649198
jfmd_sys_load_1 0.31 1741745649198
jfmd_sys_load_5 0.62 1741745649198
jfmd_sys_load_15 0.5 1741745649198

jfmd_app_disk_used_bytes 667957661696 1741745659197
jfmd_app_disk_free_bytes 355172057088 1741745659197
jfmd_app_io_counters_read_bytes 1511424 1741745659197
jfmd_app_io_counters_write_bytes 0 1741745659197
jfmd_app_self_metrics_calc_seconds 0.000758238 1741745659197
jfmd_app_self_metrics_total 19 1741745659197
jfmd_db_connections_in_use_total 0 1741745659197
jfmd_db_connections_open_total 1 1741745659197
jfmd_db_connections_idle_total 1 1741745659197
jfmd_db_connections_max_open_total 100 1741745659197
jfmd_db_connections_max_idle_total 0 1741745659197
jfmd_go_memstats_heap_in_use_bytes 11567104 1741745659197
jfmd_go_memstats_heap_allocated_bytes 8953984 1741745659197
jfmd_go_memstats_heap_idle_bytes 8642560 1741745659197
jfmd_go_memstats_heap_objects_total 49326 1741745659197
jfmd_go_memstats_heap_reserved_bytes 20209664 1741745659197
jfmd_go_memstats_gc_cpu_fraction_ratio 1.2537231369844155e-05 1741745659197
jfmd_go_routines_total 26 1741745659197
jfmd_sys_load_1 0.27 1741745659197
jfmd_sys_load_5 0.6 1741745659197
jfmd_sys_load_15 0.5 1741745659197

jfmd_app_disk_used_bytes 667958099968 1741745669197
jfmd_app_disk_free_bytes 355171618816 1741745669197
jfmd_app_io_counters_read_bytes 1511424 1741745669197
jfmd_app_io_counters_write_bytes 0 1741745669197
jfmd_app_self_metrics_calc_seconds 0.000470106 1741745669197
jfmd_app_self_metrics_total 19 1741745669197
jfmd_db_connections_max_open_total 100 1741745669197
jfmd_db_connections_max_idle_total 0 1741745669197
jfmd_db_connections_in_use_total 0 1741745669197
jfmd_db_connections_open_total 1 1741745669197
jfmd_db_connections_idle_total 1 1741745669197
jfmd_go_memstats_heap_in_use_bytes 11722752 1741745669197
jfmd_go_memstats_heap_allocated_bytes 9227616 1741745669197
jfmd_go_memstats_heap_idle_bytes 8486912 1741745669197
jfmd_go_memstats_heap_objects_total 52104 1741745669197
jfmd_go_memstats_heap_reserved_bytes 20209664 1741745669197
jfmd_go_memstats_gc_cpu_fraction_ratio 1.2537231369844155e-05 1741745669197
jfmd_go_routines_total 26 1741745669197
jfmd_sys_load_1 0.3 1741745669197
jfmd_sys_load_5 0.6 1741745669197
jfmd_sys_load_15 0.5 1741745669197

