2025-03-12T02:09:12.442Z [jfmd ] [INFO ] [                ] [security_keys.go:172          ] [main                ] - Master key is missing. Pending for 5 seconds with 2m0s timeout [init]
2025-03-12T02:09:17.452Z [jfmd ] [INFO ] [                ] [security_keys.go:172          ] [main                ] - Master key is missing. Pending for 10 seconds with 2m0s timeout [init]
2025-03-12T02:09:22.466Z [jfmd ] [INFO ] [                ] [security_keys.go:172          ] [main                ] - Master key is missing. Pending for 15 seconds with 2m0s timeout [init]
2025-03-12T02:09:27.478Z [jfmd ] [INFO ] [                ] [security_keys.go:172          ] [main                ] - Master key is missing. Pending for 20 seconds with 2m0s timeout [init]
2025-03-12T02:09:32.496Z [jfmd ] [INFO ] [                ] [security_keys.go:185          ] [main                ] - Cluster join: Join key is missing. Pending for 25 seconds with 2m0s timeout [init]
2025-03-12T02:09:37.512Z [jfmd ] [INFO ] [                ] [database_bearer.go:160        ] [main                ] - Db connection driver::pgx and kerberosAuth::false [database]
2025-03-12T02:09:37.514Z [jfmd ] [INFO ] [                ] [postgres_jdbc_url_converter.go] [main                ] - No ssl parameter found, falling back to sslmode=disable [database]
2025-03-12T02:09:37.515Z [jfmd ] [INFO ] [                ] [database_bearer.go:175        ] [main                ] - Connecting to (db config: {postgresql jdbc:postgresql://host.docker.internal:5432/artifactorydb}) [database]
2025-03-12T02:09:37.559Z [jfmd ] [INFO ] [                ] [migrator.go:65                ] [main                ] - Applying migration files [database]
2025-03-12T02:09:37.582Z [jfmd ] [INFO ] [                ] [migrator.go:232               ] [main                ] - Migration lock table created or is already present [database]
2025-03-12T02:09:37.583Z [jfmd ] [INFO ] [                ] [migration_lock_manager.go:49  ] [main                ] - Trying to acquire migration lock for 5edea333cc2e [database]
2025-03-12T02:09:37.593Z [jfmd ] [INFO ] [                ] [migration_lock_manager.go:70  ] [main                ] - Migration lock acquired for 5edea333cc2e [database]
2025-03-12T02:09:37.624Z [jfmd ] [INFO ] [                ] [migrator_planner.go:122       ] [main                ] - Found 0 existing migrations in the database [database]
2025-03-12T02:09:37.625Z [jfmd ] [INFO ] [                ] [migrator_planner.go:20        ] [main                ] - Installation type: %!s(models.InstallationType=0) [database]
2025-03-12T02:09:37.626Z [jfmd ] [INFO ] [                ] [migrator.go:150               ] [main                ] - Applying 52 migrations files [database]
2025-03-12T02:09:37.681Z [jfmd ] [INFO ] [                ] [migrator.go:314               ] [main                ] - Migration v001_packages.sql successfully applied (4 statements) [database]
2025-03-12T02:09:37.726Z [jfmd ] [INFO ] [                ] [migrator.go:314               ] [main                ] - Migration v002_versions.sql successfully applied (5 statements) [database]
2025-03-12T02:09:37.762Z [jfmd ] [INFO ] [                ] [migrator.go:314               ] [main                ] - Migration v003_package_qualifiers.sql successfully applied (2 statements) [database]
2025-03-12T02:09:37.803Z [jfmd ] [INFO ] [                ] [migrator.go:314               ] [main                ] - Migration v004_package_user_properties.sql successfully applied (3 statements) [database]
2025-03-12T02:09:37.832Z [jfmd ] [INFO ] [                ] [migrator.go:314               ] [main                ] - Migration v005_package_tags.sql successfully applied (2 statements) [database]
2025-03-12T02:09:37.849Z [jfmd ] [INFO ] [                ] [migrator.go:314               ] [main                ] - Migration v006_package_stats.sql successfully applied (1 statements) [database]
2025-03-12T02:09:37.876Z [jfmd ] [INFO ] [                ] [migrator.go:314               ] [main                ] - Migration v007_sources.sql successfully applied (2 statements) [database]
2025-03-12T02:09:37.910Z [jfmd ] [INFO ] [                ] [migrator.go:314               ] [main                ] - Migration v008_package_info_sources.sql successfully applied (3 statements) [database]
2025-03-12T02:09:37.939Z [jfmd ] [INFO ] [                ] [migrator.go:314               ] [main                ] - Migration v009_servers.sql successfully applied (2 statements) [database]
2025-03-12T02:09:37.977Z [jfmd ] [INFO ] [                ] [migrator.go:314               ] [main                ] - Migration v010_version_qualifiers.sql successfully applied (3 statements) [database]
2025-03-12T02:09:38.009Z [jfmd ] [INFO ] [                ] [migrator.go:314               ] [main                ] - Migration v011_version_user_properties.sql successfully applied (3 statements) [database]
2025-03-12T02:09:38.040Z [jfmd ] [INFO ] [                ] [migrator.go:314               ] [main                ] - Migration v012_version_tags.sql successfully applied (3 statements) [database]
2025-03-12T02:09:38.058Z [jfmd ] [INFO ] [                ] [migrator.go:314               ] [main                ] - Migration v013_version_stats.sql successfully applied (1 statements) [database]
2025-03-12T02:09:38.086Z [jfmd ] [INFO ] [                ] [migrator.go:314               ] [main                ] - Migration v014_licenses.sql successfully applied (2 statements) [database]
2025-03-12T02:09:38.127Z [jfmd ] [INFO ] [                ] [migrator.go:314               ] [main                ] - Migration v015_files.sql successfully applied (5 statements) [database]
2025-03-12T02:09:38.161Z [jfmd ] [INFO ] [                ] [migrator.go:314               ] [main                ] - Migration v016_file_qualifiers.sql successfully applied (3 statements) [database]
2025-03-12T02:09:38.193Z [jfmd ] [INFO ] [                ] [migrator.go:314               ] [main                ] - Migration v017_package_licenses.sql successfully applied (3 statements) [database]
2025-03-12T02:09:38.225Z [jfmd ] [INFO ] [                ] [migrator.go:314               ] [main                ] - Migration v018_version_licenses.sql successfully applied (3 statements) [database]
2025-03-12T02:09:38.253Z [jfmd ] [INFO ] [                ] [migrator.go:314               ] [main                ] - Migration v019_files_versions.sql successfully applied (3 statements) [database]
2025-03-12T02:09:38.279Z [jfmd ] [INFO ] [                ] [migrator.go:314               ] [main                ] - Migration v020_repo.sql successfully applied (2 statements) [database]
2025-03-12T02:09:38.312Z [jfmd ] [INFO ] [                ] [migrator.go:314               ] [main                ] - Migration v021_lead_paths.sql successfully applied (4 statements) [database]
2025-03-12T02:09:38.330Z [jfmd ] [INFO ] [                ] [migrator.go:314               ] [main                ] - Migration v022_package_descriptions.sql successfully applied (1 statements) [database]
2025-03-12T02:09:38.355Z [jfmd ] [INFO ] [                ] [migrator.go:314               ] [main                ] - Migration v023_contributors.sql successfully applied (2 statements) [database]
2025-03-12T02:09:38.397Z [jfmd ] [INFO ] [                ] [migrator.go:314               ] [main                ] - Migration v024_version_contributors.sql successfully applied (3 statements) [database]
2025-03-12T02:09:38.425Z [jfmd ] [INFO ] [                ] [migrator.go:314               ] [main                ] - Migration v025_sharedconfigs.sql successfully applied (2 statements) [database]
2025-03-12T02:09:38.444Z [jfmd ] [INFO ] [                ] [migrator.go:314               ] [main                ] - Migration v026_version_vulns.sql successfully applied (1 statements) [database]
2025-03-12T02:09:38.472Z [jfmd ] [INFO ] [                ] [migrator.go:314               ] [main                ] - Migration v027_package_vulns.sql successfully applied (1 statements) [database]
2025-03-12T02:09:38.500Z [jfmd ] [INFO ] [                ] [migrator.go:314               ] [main                ] - Migration v028_versions_ordinal_index.sql successfully applied (1 statements) [database]
2025-03-12T02:09:38.533Z [jfmd ] [INFO ] [                ] [migrator.go:314               ] [main                ] - Migration v029_qualifier_user_prop_length.sql successfully applied (4 statements) [database]
2025-03-12T02:09:38.545Z [jfmd ] [INFO ] [                ] [migrator.go:314               ] [main                ] - Migration v030_version_addcolumn_size.sql successfully applied (1 statements) [database]
2025-03-12T02:09:38.561Z [jfmd ] [INFO ] [                ] [migrator.go:314               ] [main                ] - Migration v031_package_add_base_model_complete.sql successfully applied (1 statements) [database]
2025-03-12T02:09:38.601Z [jfmd ] [INFO ] [                ] [migrator.go:314               ] [main                ] - Migration v032_rename_stats_columns.sql successfully applied (3 statements) [database]
2025-03-12T02:09:38.619Z [jfmd ] [INFO ] [                ] [migrator.go:314               ] [main                ] - Migration v033_rename_size_column.sql successfully applied (1 statements) [database]
2025-03-12T02:09:38.665Z [jfmd ] [INFO ] [                ] [migrator.go:314               ] [main                ] - Migration v034_ver_stats_fk_ver_repos_fk.sql successfully applied (2 statements) [database]
2025-03-12T02:09:38.694Z [jfmd ] [INFO ] [                ] [migrator.go:314               ] [main                ] - Migration v035_files_unique_name_sha256.sql successfully applied (4 statements) [database]
2025-03-12T02:09:38.711Z [jfmd ] [INFO ] [                ] [migrator.go:314               ] [main                ] - Migration v036_version_add_modified.sql successfully applied (3 statements) [database]
2025-03-12T02:09:38.725Z [jfmd ] [INFO ] [                ] [migrator.go:314               ] [main                ] - Migration v037_version_add_base_model_complete.sql successfully applied (1 statements) [database]
2025-03-12T02:09:38.749Z [jfmd ] [INFO ] [                ] [migrator.go:314               ] [main                ] - Migration v038_file_targets.sql successfully applied (2 statements) [database]
2025-03-12T02:09:38.766Z [jfmd ] [INFO ] [                ] [migrator.go:314               ] [main                ] - Migration v039_file_targets_fk.sql successfully applied (1 statements) [database]
2025-03-12T02:09:38.786Z [jfmd ] [INFO ] [                ] [migrator.go:314               ] [main                ] - Migration v040_resize_pkg_tags_value_column.sql successfully applied (1 statements) [database]
2025-03-12T02:09:38.807Z [jfmd ] [INFO ] [                ] [migrator.go:314               ] [main                ] - Migration v041_resize_ver_tags_value_column.sql successfully applied (1 statements) [database]
2025-03-12T02:09:38.851Z [jfmd ] [INFO ] [                ] [migrator.go:314               ] [main                ] - Migration v042_async_data_converter.sql successfully applied (5 statements) [database]
2025-03-12T02:09:38.875Z [jfmd ] [INFO ] [                ] [migrator.go:314               ] [main                ] - Migration v043_add_mark_for_deletion.sql successfully applied (3 statements) [database]
2025-03-12T02:09:38.896Z [jfmd ] [INFO ] [                ] [migrator.go:314               ] [main                ] - Migration v044_add_dependant_task.sql successfully applied (1 statements) [database]
2025-03-12T02:09:38.913Z [jfmd ] [INFO ] [                ] [migrator.go:314               ] [main                ] - Migration v045_delete_reorder_prerelease_version_task.sql successfully applied (1 statements) [database]
2025-03-12T02:09:38.929Z [jfmd ] [INFO ] [                ] [migrator.go:314               ] [main                ] - Migration v046_add_cvss3.sql successfully applied (2 statements) [database]
2025-03-12T02:09:39.011Z [jfmd ] [INFO ] [                ] [migrator.go:314               ] [main                ] - Migration v047_reorder_task_temp_table.sql successfully applied (2 statements) [database]
2025-03-12T02:09:39.063Z [jfmd ] [INFO ] [                ] [migrator.go:314               ] [main                ] - Migration v048_version_operational_risk.sql successfully applied (1 statements) [database]
2025-03-12T02:09:39.091Z [jfmd ] [INFO ] [                ] [migrator.go:314               ] [main                ] - Migration v049_package_operational_risk.sql successfully applied (1 statements) [database]
2025-03-12T02:09:39.101Z [jfmd ] [INFO ] [                ] [migrator.go:314               ] [main                ] - Migration v050_tasks_drop_index.sql successfully applied (1 statements) [database]
2025-03-12T02:09:39.119Z [jfmd ] [INFO ] [                ] [migrator.go:314               ] [main                ] - Migration v051_md_fil_qualifiers_delete_cascade.sql successfully applied (2 statements) [database]
2025-03-12T02:09:39.136Z [jfmd ] [INFO ] [                ] [migrator.go:314               ] [main                ] - Migration v052_md_version_repo_stats.sql successfully applied (1 statements) [database]
2025-03-12T02:09:39.144Z [jfmd ] [INFO ] [                ] [migration_lock_manager.go:76  ] [main                ] - Trying to release lock owned by: 5edea333cc2e [database]
2025-03-12T02:09:39.149Z [jfmd ] [INFO ] [                ] [migration_lock_manager.go:90  ] [main                ] - Released lock owned by node 5edea333cc2e [database]
2025-03-12T02:09:39.150Z [jfmd ] [INFO ] [                ] [migrator.go:75                ] [main                ] - Applied 115 database migrations statements in 1.589566802 seconds [database]
2025-03-12T02:09:39.157Z [jfmd ] [INFO ] [                ] [application.go:77             ] [main                ] - Metadata (jfmd) service initialization started. Version: 7.118.2 Revision: 718437111a9 PID: 5632 Home: /opt/jfrog/artifactory/var [app_initializer]
2025-03-12T02:09:39.166Z [jfmd ] [INFO ] [                ] [server_bearer.go:188          ] [main                ] - Created service_id and pushed to store: jfmd@01jp41tntszez8hrtgvkvyhmqs [ServerInit]
2025-03-12T02:09:43.215Z [jfmd ] [INFO ] [                ] [access_client_bootstrap.go:256] [main                ] - Cluster join: Retry 5: Service registry ping failed, will retry. Error: Error while trying to connect to local router at address 'http://localhost:8046/access': Get "http://localhost:8046/access/api/v1/system/ping": dial tcp [::1]:8046: connect: connection refused [access_client]
2025-03-12T02:09:48.227Z [jfmd ] [INFO ] [                ] [access_client_bootstrap.go:256] [main                ] - Cluster join: Retry 10: Service registry ping failed, will retry. Error: Error while trying to connect to local router at address 'http://localhost:8046/access': Failed to access :http://localhost:8046/access/api/v1/system/ping return status code : 404 [access_client]
2025-03-12T02:09:53.243Z [jfmd ] [INFO ] [                ] [access_client_bootstrap.go:256] [main                ] - Cluster join: Retry 15: Service registry ping failed, will retry. Error: Error while trying to connect to local router at address 'http://localhost:8046/access': Failed to access :http://localhost:8046/access/api/v1/system/ping return status code : 404 [access_client]
2025-03-12T02:09:58.254Z [jfmd ] [INFO ] [                ] [access_client_bootstrap.go:256] [main                ] - Cluster join: Retry 20: Service registry ping failed, will retry. Error: Error while trying to connect to local router at address 'http://localhost:8046/access': Failed to access :http://localhost:8046/access/api/v1/system/ping return status code : 404 [access_client]
2025-03-12T02:10:03.268Z [jfmd ] [INFO ] [                ] [access_client_bootstrap.go:256] [main                ] - Cluster join: Retry 25: Service registry ping failed, will retry. Error: Error while trying to connect to local router at address 'http://localhost:8046/access': Failed to access :http://localhost:8046/access/api/v1/system/ping return status code : 404 [access_client]
2025-03-12T02:10:08.282Z [jfmd ] [INFO ] [                ] [access_client_bootstrap.go:256] [main                ] - Cluster join: Retry 30: Service registry ping failed, will retry. Error: Error while trying to connect to local router at address 'http://localhost:8046/access': Failed to access :http://localhost:8046/access/api/v1/system/ping return status code : 404 [access_client]
2025-03-12T02:10:13.296Z [jfmd ] [INFO ] [                ] [access_client_bootstrap.go:256] [main                ] - Cluster join: Retry 35: Service registry ping failed, will retry. Error: Error while trying to connect to local router at address 'http://localhost:8046/access': Failed to access :http://localhost:8046/access/api/v1/system/ping return status code : 404 [access_client]
2025-03-12T02:10:18.310Z [jfmd ] [INFO ] [                ] [access_client_bootstrap.go:256] [main                ] - Cluster join: Retry 40: Service registry ping failed, will retry. Error: Error while trying to connect to local router at address 'http://localhost:8046/access': Failed to access :http://localhost:8046/access/api/v1/system/ping return status code : 404 [access_client]
2025-03-12T02:10:23.323Z [jfmd ] [INFO ] [                ] [access_client_bootstrap.go:256] [main                ] - Cluster join: Retry 45: Service registry ping failed, will retry. Error: Error while trying to connect to local router at address 'http://localhost:8046/access': Failed to access :http://localhost:8046/access/api/v1/system/ping return status code : 404 [access_client]
2025-03-12T02:10:28.341Z [jfmd ] [INFO ] [                ] [access_client_bootstrap.go:256] [main                ] - Cluster join: Retry 50: Service registry ping failed, will retry. Error: Error while trying to connect to local router at address 'http://localhost:8046/access': Failed to access :http://localhost:8046/access/api/v1/system/ping return status code : 404 [access_client]
2025-03-12T02:10:33.391Z [jfmd ] [INFO ] [                ] [access_client_bootstrap.go:256] [main                ] - Cluster join: Retry 55: Service registry ping failed, will retry. Error: Error while trying to connect to local router at address 'http://localhost:8046/access': Failed to access :http://localhost:8046/access/api/v1/system/ping return status code : 404 [access_client]
2025-03-12T02:10:38.412Z [jfmd ] [INFO ] [                ] [access_client_bootstrap.go:256] [main                ] - Cluster join: Retry 60: Service registry ping failed, will retry. Error: Error while trying to connect to local router at address 'http://localhost:8046/access': Failed to access :http://localhost:8046/access/api/v1/system/ping return status code : 404 [access_client]
2025-03-12T02:10:43.424Z [jfmd ] [INFO ] [                ] [access_client_bootstrap.go:256] [main                ] - Cluster join: Retry 65: Service registry ping failed, will retry. Error: Error while trying to connect to local router at address 'http://localhost:8046/access': Failed to access :http://localhost:8046/access/api/v1/system/ping return status code : 404 [access_client]
2025-03-12T02:10:48.437Z [jfmd ] [INFO ] [                ] [access_client_bootstrap.go:256] [main                ] - Cluster join: Retry 70: Service registry ping failed, will retry. Error: Error while trying to connect to local router at address 'http://localhost:8046/access': Failed to access :http://localhost:8046/access/api/v1/system/ping return status code : 404 [access_client]
2025-03-12T02:10:53.448Z [jfmd ] [INFO ] [                ] [access_client_bootstrap.go:256] [main                ] - Cluster join: Retry 75: Service registry ping failed, will retry. Error: Error while trying to connect to local router at address 'http://localhost:8046/access': Failed to access :http://localhost:8046/access/api/v1/system/ping return status code : 404 [access_client]
2025-03-12T02:10:58.463Z [jfmd ] [INFO ] [                ] [access_client_bootstrap.go:256] [main                ] - Cluster join: Retry 80: Service registry ping failed, will retry. Error: Error while trying to connect to local router at address 'http://localhost:8046/access': Failed to access :http://localhost:8046/access/api/v1/system/ping return status code : 404 [access_client]
2025-03-12T02:11:03.478Z [jfmd ] [INFO ] [                ] [access_client_bootstrap.go:256] [main                ] - Cluster join: Retry 85: Service registry ping failed, will retry. Error: Error while trying to connect to local router at address 'http://localhost:8046/access': Failed to access :http://localhost:8046/access/api/v1/system/ping return status code : 404 [access_client]
2025-03-12T02:11:08.491Z [jfmd ] [INFO ] [                ] [access_client_bootstrap.go:256] [main                ] - Cluster join: Retry 90: Service registry ping failed, will retry. Error: Error while trying to connect to local router at address 'http://localhost:8046/access': Failed to access :http://localhost:8046/access/api/v1/system/ping return status code : 404 [access_client]
2025-03-12T02:11:13.527Z [jfmd ] [INFO ] [                ] [access_client_bootstrap.go:256] [main                ] - Cluster join: Retry 95: Service registry ping failed, will retry. Error: Error while trying to connect to local router at address 'http://localhost:8046/access': Failed to access :http://localhost:8046/access/api/v1/system/ping return status code : 404 [access_client]
2025-03-12T02:11:18.545Z [jfmd ] [INFO ] [                ] [access_client_bootstrap.go:256] [main                ] - Cluster join: Retry 100: Service registry ping failed, will retry. Error: Error while trying to connect to local router at address 'http://localhost:8046/access': Failed to access :http://localhost:8046/access/api/v1/system/ping return status code : 404 [access_client]
2025-03-12T02:11:23.559Z [jfmd ] [INFO ] [                ] [access_client_bootstrap.go:256] [main                ] - Cluster join: Retry 105: Service registry ping failed, will retry. Error: Error while trying to connect to local router at address 'http://localhost:8046/access': Failed to access :http://localhost:8046/access/api/v1/system/ping return status code : 404 [access_client]
2025-03-12T02:11:28.574Z [jfmd ] [INFO ] [                ] [access_client_bootstrap.go:256] [main                ] - Cluster join: Retry 110: Service registry ping failed, will retry. Error: Error while trying to connect to local router at address 'http://localhost:8046/access': Failed to access :http://localhost:8046/access/api/v1/system/ping return status code : 404 [access_client]
2025-03-12T02:11:33.589Z [jfmd ] [INFO ] [                ] [access_client_bootstrap.go:256] [main                ] - Cluster join: Retry 115: Service registry ping failed, will retry. Error: Error while trying to connect to local router at address 'http://localhost:8046/access': Failed to access :http://localhost:8046/access/api/v1/system/ping return status code : 404 [access_client]
2025-03-12T02:11:38.601Z [jfmd ] [INFO ] [                ] [access_client_bootstrap.go:256] [main                ] - Cluster join: Retry 120: Service registry ping failed, will retry. Error: Error while trying to connect to local router at address 'http://localhost:8046/access': Failed to access :http://localhost:8046/access/api/v1/system/ping return status code : 404 [access_client]
2025-03-12T02:11:43.614Z [jfmd ] [INFO ] [                ] [access_client_bootstrap.go:256] [main                ] - Cluster join: Retry 125: Service registry ping failed, will retry. Error: Error while trying to connect to local router at address 'http://localhost:8046/access': Failed to access :http://localhost:8046/access/api/v1/system/ping return status code : 404 [access_client]
2025-03-12T02:11:48.627Z [jfmd ] [INFO ] [                ] [access_client_bootstrap.go:256] [main                ] - Cluster join: Retry 130: Service registry ping failed, will retry. Error: Error while trying to connect to local router at address 'http://localhost:8046/access': Failed to access :http://localhost:8046/access/api/v1/system/ping return status code : 404 [access_client]
2025-03-12T02:11:53.641Z [jfmd ] [INFO ] [                ] [access_client_bootstrap.go:256] [main                ] - Cluster join: Retry 135: Service registry ping failed, will retry. Error: Error while trying to connect to local router at address 'http://localhost:8046/access': Failed to access :http://localhost:8046/access/api/v1/system/ping return status code : 404 [access_client]
2025-03-12T02:11:58.657Z [jfmd ] [INFO ] [                ] [access_client_bootstrap.go:256] [main                ] - Cluster join: Retry 140: Service registry ping failed, will retry. Error: Error while trying to connect to local router at address 'http://localhost:8046/access': Failed to access :http://localhost:8046/access/api/v1/system/ping return status code : 404 [access_client]
2025-03-12T02:12:03.673Z [jfmd ] [INFO ] [                ] [access_client_bootstrap.go:256] [main                ] - Cluster join: Retry 145: Service registry ping failed, will retry. Error: Error while trying to connect to local router at address 'http://localhost:8046/access': Failed to access :http://localhost:8046/access/api/v1/system/ping return status code : 404 [access_client]
2025-03-12T02:12:08.685Z [jfmd ] [INFO ] [                ] [access_client_bootstrap.go:256] [main                ] - Cluster join: Retry 150: Service registry ping failed, will retry. Error: Error while trying to connect to local router at address 'http://localhost:8046/access': Failed to access :http://localhost:8046/access/api/v1/system/ping return status code : 404 [access_client]
2025-03-12T02:12:13.698Z [jfmd ] [INFO ] [                ] [access_client_bootstrap.go:256] [main                ] - Cluster join: Retry 155: Service registry ping failed, will retry. Error: Error while trying to connect to local router at address 'http://localhost:8046/access': Failed to access :http://localhost:8046/access/api/v1/system/ping return status code : 404 [access_client]
2025-03-12T02:12:18.713Z [jfmd ] [INFO ] [                ] [access_client_bootstrap.go:256] [main                ] - Cluster join: Retry 160: Service registry ping failed, will retry. Error: Error while trying to connect to local router at address 'http://localhost:8046/access': Failed to access :http://localhost:8046/access/api/v1/system/ping return status code : 404 [access_client]
2025-03-12T02:12:23.727Z [jfmd ] [INFO ] [                ] [access_client_bootstrap.go:256] [main                ] - Cluster join: Retry 165: Service registry ping failed, will retry. Error: Error while trying to connect to local router at address 'http://localhost:8046/access': Failed to access :http://localhost:8046/access/api/v1/system/ping return status code : 404 [access_client]
2025-03-12T02:12:28.741Z [jfmd ] [INFO ] [                ] [access_client_bootstrap.go:256] [main                ] - Cluster join: Retry 170: Service registry ping failed, will retry. Error: Error while trying to connect to local router at address 'http://localhost:8046/access': Failed to access :http://localhost:8046/access/api/v1/system/ping return status code : 404 [access_client]
2025-03-12T02:12:33.758Z [jfmd ] [INFO ] [                ] [access_client_bootstrap.go:256] [main                ] - Cluster join: Retry 175: Service registry ping failed, will retry. Error: Error while trying to connect to local router at address 'http://localhost:8046/access': Failed to access :http://localhost:8046/access/api/v1/system/ping return status code : 404 [access_client]
2025-03-12T02:12:38.775Z [jfmd ] [INFO ] [                ] [access_client_bootstrap.go:256] [main                ] - Cluster join: Retry 180: Service registry ping failed, will retry. Error: Error while trying to connect to local router at address 'http://localhost:8046/access': Failed to access :http://localhost:8046/access/api/v1/system/ping return status code : 404 [access_client]
2025-03-12T02:12:43.790Z [jfmd ] [INFO ] [                ] [access_client_bootstrap.go:256] [main                ] - Cluster join: Retry 185: Service registry ping failed, will retry. Error: Error while trying to connect to local router at address 'http://localhost:8046/access': Failed to access :http://localhost:8046/access/api/v1/system/ping return status code : 404 [access_client]
2025-03-12T02:12:48.802Z [jfmd ] [INFO ] [                ] [access_client_bootstrap.go:256] [main                ] - Cluster join: Retry 190: Service registry ping failed, will retry. Error: Error while trying to connect to local router at address 'http://localhost:8046/access': Failed to access :http://localhost:8046/access/api/v1/system/ping return status code : 404 [access_client]
2025-03-12T02:12:53.813Z [jfmd ] [INFO ] [                ] [access_client_bootstrap.go:256] [main                ] - Cluster join: Retry 195: Service registry ping failed, will retry. Error: Error while trying to connect to local router at address 'http://localhost:8046/access': Failed to access :http://localhost:8046/access/api/v1/system/ping return status code : 404 [access_client]
2025-03-12T02:12:58.826Z [jfmd ] [INFO ] [                ] [access_client_bootstrap.go:256] [main                ] - Cluster join: Retry 200: Service registry ping failed, will retry. Error: Error while trying to connect to local router at address 'http://localhost:8046/access': Failed to access :http://localhost:8046/access/api/v1/system/ping return status code : 404 [access_client]
2025-03-12T02:13:03.840Z [jfmd ] [INFO ] [                ] [access_client_bootstrap.go:256] [main                ] - Cluster join: Retry 205: Service registry ping failed, will retry. Error: Error while trying to connect to local router at address 'http://localhost:8046/access': Failed to access :http://localhost:8046/access/api/v1/system/ping return status code : 404 [access_client]
2025-03-12T02:13:08.852Z [jfmd ] [INFO ] [                ] [access_client_bootstrap.go:256] [main                ] - Cluster join: Retry 210: Service registry ping failed, will retry. Error: Error while trying to connect to local router at address 'http://localhost:8046/access': Failed to access :http://localhost:8046/access/api/v1/system/ping return status code : 404 [access_client]
2025-03-12T02:13:13.866Z [jfmd ] [INFO ] [                ] [access_client_bootstrap.go:256] [main                ] - Cluster join: Retry 215: Service registry ping failed, will retry. Error: Error while trying to connect to local router at address 'http://localhost:8046/access': Failed to access :http://localhost:8046/access/api/v1/system/ping return status code : 404 [access_client]
2025-03-12T02:13:18.879Z [jfmd ] [INFO ] [                ] [access_client_bootstrap.go:256] [main                ] - Cluster join: Retry 220: Service registry ping failed, will retry. Error: Error while trying to connect to local router at address 'http://localhost:8046/access': Failed to access :http://localhost:8046/access/api/v1/system/ping return status code : 404 [access_client]
2025-03-12T02:13:23.893Z [jfmd ] [INFO ] [                ] [access_client_bootstrap.go:256] [main                ] - Cluster join: Retry 225: Service registry ping failed, will retry. Error: Error while trying to connect to local router at address 'http://localhost:8046/access': Failed to access :http://localhost:8046/access/api/v1/system/ping return status code : 404 [access_client]
2025-03-12T02:13:28.907Z [jfmd ] [INFO ] [                ] [access_client_bootstrap.go:256] [main                ] - Cluster join: Retry 230: Service registry ping failed, will retry. Error: Error while trying to connect to local router at address 'http://localhost:8046/access': Failed to access :http://localhost:8046/access/api/v1/system/ping return status code : 404 [access_client]
2025-03-12T02:13:33.922Z [jfmd ] [INFO ] [                ] [access_client_bootstrap.go:256] [main                ] - Cluster join: Retry 235: Service registry ping failed, will retry. Error: Error while trying to connect to local router at address 'http://localhost:8046/access': Failed to access :http://localhost:8046/access/api/v1/system/ping return status code : 404 [access_client]
2025-03-12T02:13:38.937Z [jfmd ] [INFO ] [                ] [access_client_bootstrap.go:256] [main                ] - Cluster join: Retry 240: Service registry ping failed, will retry. Error: Error while trying to connect to local router at address 'http://localhost:8046/access': Failed to access :http://localhost:8046/access/api/v1/system/ping return status code : 404 [access_client]
2025-03-12T02:13:43.953Z [jfmd ] [INFO ] [                ] [access_client_bootstrap.go:256] [main                ] - Cluster join: Retry 245: Service registry ping failed, will retry. Error: Error while trying to connect to local router at address 'http://localhost:8046/access': Failed to access :http://localhost:8046/access/api/v1/system/ping return status code : 404 [access_client]
2025-03-12T02:13:48.967Z [jfmd ] [INFO ] [                ] [access_client_bootstrap.go:256] [main                ] - Cluster join: Retry 250: Service registry ping failed, will retry. Error: Error while trying to connect to local router at address 'http://localhost:8046/access': Failed to access :http://localhost:8046/access/api/v1/system/ping return status code : 404 [access_client]
2025-03-12T02:13:53.979Z [jfmd ] [INFO ] [                ] [access_client_bootstrap.go:256] [main                ] - Cluster join: Retry 255: Service registry ping failed, will retry. Error: Error while trying to connect to local router at address 'http://localhost:8046/access': Failed to access :http://localhost:8046/access/api/v1/system/ping return status code : 404 [access_client]
2025-03-12T02:13:58.993Z [jfmd ] [INFO ] [                ] [access_client_bootstrap.go:256] [main                ] - Cluster join: Retry 260: Service registry ping failed, will retry. Error: Error while trying to connect to local router at address 'http://localhost:8046/access': Failed to access :http://localhost:8046/access/api/v1/system/ping return status code : 404 [access_client]
2025-03-12T02:14:04.008Z [jfmd ] [INFO ] [                ] [access_client_bootstrap.go:256] [main                ] - Cluster join: Retry 265: Service registry ping failed, will retry. Error: Error while trying to connect to local router at address 'http://localhost:8046/access': Failed to access :http://localhost:8046/access/api/v1/system/ping return status code : 404 [access_client]
2025-03-12T02:14:09.019Z [jfmd ] [INFO ] [                ] [access_client_bootstrap.go:256] [main                ] - Cluster join: Retry 270: Service registry ping failed, will retry. Error: Error while trying to connect to local router at address 'http://localhost:8046/access': Failed to access :http://localhost:8046/access/api/v1/system/ping return status code : 404 [access_client]
2025-03-12T02:14:14.032Z [jfmd ] [INFO ] [                ] [access_client_bootstrap.go:256] [main                ] - Cluster join: Retry 275: Service registry ping failed, will retry. Error: Error while trying to connect to local router at address 'http://localhost:8046/access': Failed to access :http://localhost:8046/access/api/v1/system/ping return status code : 404 [access_client]
2025-03-12T02:14:19.048Z [jfmd ] [INFO ] [                ] [access_client_bootstrap.go:256] [main                ] - Cluster join: Retry 280: Service registry ping failed, will retry. Error: Error while trying to connect to local router at address 'http://localhost:8046/access': Failed to access :http://localhost:8046/access/api/v1/system/ping return status code : 404 [access_client]
2025-03-12T02:14:24.062Z [jfmd ] [INFO ] [                ] [access_client_bootstrap.go:256] [main                ] - Cluster join: Retry 285: Service registry ping failed, will retry. Error: Error while trying to connect to local router at address 'http://localhost:8046/access': Failed to access :http://localhost:8046/access/api/v1/system/ping return status code : 404 [access_client]
2025-03-12T02:14:29.077Z [jfmd ] [INFO ] [                ] [access_client_bootstrap.go:256] [main                ] - Cluster join: Retry 290: Service registry ping failed, will retry. Error: Error while trying to connect to local router at address 'http://localhost:8046/access': Failed to access :http://localhost:8046/access/api/v1/system/ping return status code : 404 [access_client]
2025-03-12T02:14:34.090Z [jfmd ] [INFO ] [                ] [access_client_bootstrap.go:256] [main                ] - Cluster join: Retry 295: Service registry ping failed, will retry. Error: Error while trying to connect to local router at address 'http://localhost:8046/access': Failed to access :http://localhost:8046/access/api/v1/system/ping return status code : 404 [access_client]
2025-03-12T02:14:39.104Z [jfmd ] [INFO ] [                ] [access_client_bootstrap.go:256] [main                ] - Cluster join: Retry 300: Service registry ping failed, will retry. Error: Error while trying to connect to local router at address 'http://localhost:8046/access': Failed to access :http://localhost:8046/access/api/v1/system/ping return status code : 404 [access_client]
2025-03-12T02:14:39.189Z [jfmd ] [PANIC] [                ] [accessclient.go:66            ] [main                ] - Failed initializing Access client: Cluster join: Service registry ping failed; context deadline exceeded. last error: Error while trying to connect to local router at address 'http://localhost:8046/access': Failed to access :http://localhost:8046/access/api/v1/system/ping return status code : 404
goroutine 1 [running]:
runtime/debug.Stack()
	/var/jenkins_home/tools/org.jenkinsci.plugins.golang.GolangInstallation/go-1.23.5/src/runtime/debug/stack.go:26 +0x5e
jfrog.com/jfrog-go-commons/v7/pkg/log.(*standardLogger).Panicfc(0xc0009b3e60, {0x7fc7e4493558, 0xc0009ff680}, {0x26dea4c, 0x25}, {0xc000bf2f70, 0x1, 0x1})
	goroot/pkg/mod/jfrog.com/jfrog-go-commons/v7@v7.125.0/pkg/log/standard_logger.go:98 +0xc5
jfrog.com/metadata/v7/pkg/access.NewAccessClientWithRouter({0x7fc7e4493558, 0xc0009ff680}, {0x2d022e8, 0xc0009b3e60}, {0x2ccc820, 0x4410180}, {0xc00005c052, 0xc}, {0xc000d15ac0, 0x1f}, ...)
	jfrog.com/metadata/v7@v7.118.2/pkg/access/accessclient.go:66 +0x6a5
jfrog.com/metadata/v7/application.InitAccessClientWithRouter({0x2cfbed0, 0xc0009ff680}, {0x2cf0e00, 0xc0012bb680}, {0x2ccc820, 0x4410180})
	jfrog.com/metadata/v7@v7.118.2/application/access_client_init.go:22 +0x36d
jfrog.com/metadata/v7/application.initializeServerManager({0x2cfbed0, 0xc0009ff680})
	jfrog.com/metadata/v7@v7.118.2/application/wire_gen.go:78 +0x28a
jfrog.com/metadata/v7/application.CreateApp({0x2cfbed0, 0xc0009ff680})
	jfrog.com/metadata/v7@v7.118.2/application/application.go:80 +0x14a
main.main()
	jfrog.com/metadata/v7@v7.118.2/metadata.go:47 +0x5fb
 [access_client]
2025-03-12T02:29:55.660Z [jfmd ] [INFO ] [                ] [security_keys.go:185          ] [main                ] - Cluster join: Join key is missing. Pending for 5 seconds with 2m0s timeout [init]
2025-03-12T02:30:00.680Z [jfmd ] [INFO ] [                ] [security_keys.go:185          ] [main                ] - Cluster join: Join key is missing. Pending for 10 seconds with 2m0s timeout [init]
2025-03-12T02:30:05.699Z [jfmd ] [INFO ] [                ] [security_keys.go:185          ] [main                ] - Cluster join: Join key is missing. Pending for 15 seconds with 2m0s timeout [init]
2025-03-12T02:30:10.708Z [jfmd ] [INFO ] [                ] [security_keys.go:185          ] [main                ] - Cluster join: Join key is missing. Pending for 20 seconds with 2m0s timeout [init]
2025-03-12T02:30:15.727Z [jfmd ] [INFO ] [                ] [security_keys.go:185          ] [main                ] - Cluster join: Join key is missing. Pending for 25 seconds with 2m0s timeout [init]
2025-03-12T02:30:20.747Z [jfmd ] [INFO ] [                ] [security_keys.go:185          ] [main                ] - Cluster join: Join key is missing. Pending for 30 seconds with 2m0s timeout [init]
2025-03-12T02:30:25.766Z [jfmd ] [INFO ] [                ] [security_keys.go:185          ] [main                ] - Cluster join: Join key is missing. Pending for 35 seconds with 2m0s timeout [init]
2025-03-12T02:30:30.781Z [jfmd ] [INFO ] [                ] [security_keys.go:185          ] [main                ] - Cluster join: Join key is missing. Pending for 40 seconds with 2m0s timeout [init]
2025-03-12T02:30:35.802Z [jfmd ] [INFO ] [                ] [security_keys.go:185          ] [main                ] - Cluster join: Join key is missing. Pending for 45 seconds with 2m0s timeout [init]
2025-03-12T02:30:40.816Z [jfmd ] [INFO ] [                ] [security_keys.go:185          ] [main                ] - Cluster join: Join key is missing. Pending for 50 seconds with 2m0s timeout [init]
2025-03-12T02:30:45.838Z [jfmd ] [INFO ] [                ] [security_keys.go:185          ] [main                ] - Cluster join: Join key is missing. Pending for 55 seconds with 2m0s timeout [init]
2025-03-12T02:30:50.861Z [jfmd ] [INFO ] [                ] [security_keys.go:185          ] [main                ] - Cluster join: Join key is missing. Pending for 60 seconds with 2m0s timeout [init]
2025-03-12T02:30:55.882Z [jfmd ] [INFO ] [                ] [security_keys.go:185          ] [main                ] - Cluster join: Join key is missing. Pending for 65 seconds with 2m0s timeout [init]
2025-03-12T08:14:07.977Z [jfmd ] [INFO ] [                ] [security_keys.go:185          ] [main                ] - Cluster join: Join key is missing. Pending for 85 seconds with 2m0s timeout [init]
2025-03-12T08:14:13.419Z [jfmd ] [INFO ] [                ] [security_keys.go:185          ] [main                ] - Cluster join: Join key is missing. Pending for 90 seconds with 2m0s timeout [init]
2025-03-12T14:23:27.746Z [jfmd ] [INFO ] [                ] [security_keys.go:185          ] [main                ] - Cluster join: Join key is missing. Pending for 95 seconds with 2m0s timeout [init]
2025-03-12T14:23:32.974Z [jfmd ] [INFO ] [                ] [security_keys.go:185          ] [main                ] - Cluster join: Join key is missing. Pending for 100 seconds with 2m0s timeout [init]
2025-03-12T14:23:38.021Z [jfmd ] [INFO ] [                ] [security_keys.go:185          ] [main                ] - Cluster join: Join key is missing. Pending for 105 seconds with 2m0s timeout [init]
2025-03-12T14:23:43.096Z [jfmd ] [INFO ] [                ] [security_keys.go:185          ] [main                ] - Cluster join: Join key is missing. Pending for 110 seconds with 2m0s timeout [init]
2025-03-12T14:23:47.387Z [jfmd ] [INFO ] [                ] [security_keys.go:185          ] [main                ] - Cluster join: Join key is missing. Pending for 115 seconds with 2m0s timeout [init]
2025-03-12T14:23:52.256Z [jfmd ] [PANIC] [                ] [keys.go:23                    ] [main                ] - Cluster join: Failed resolving join key: failed resolving 'shared.security.joinKey' key; file does not exist: /opt/jfrog/artifactory/var/etc/security/join.key
goroutine 1 [running]:
runtime/debug.Stack()
	/var/jenkins_home/tools/org.jenkinsci.plugins.golang.GolangInstallation/go-1.23.5/src/runtime/debug/stack.go:26 +0x5e
jfrog.com/jfrog-go-commons/v7/pkg/log.(*standardLogger).Panicfc(0xc000aaac60, {0x2cebd68, 0xc000a34d20}, {0xc000842a00, 0x9e}, {0x0, 0x0, 0x0})
	goroot/pkg/mod/jfrog.com/jfrog-go-commons/v7@v7.125.0/pkg/log/standard_logger.go:98 +0xc5
jfrog.com/metadata/v7/services/common.MustResolveSecurityKeys({0x2cebd68, 0xc000a34d20}, {0x2cf3ca8, 0xc000a304b0}, {0x2d022e8, 0xc000aaac60})
	jfrog.com/metadata/v7@v7.118.2/services/common/keys.go:23 +0x18c
main.main()
	jfrog.com/metadata/v7@v7.118.2/metadata.go:35 +0x2ec
 [init]
