2025-03-12T02:09:13.258Z [jfob ] [INFO ] [0e78528f7c59fb30] [security_keys.go:172          ] [main                ] - Master key is missing. Pending for 5 seconds with 2m0s timeout [startup]
2025-03-12T02:09:18.270Z [jfob ] [INFO ] [0e78528f7c59fb30] [security_keys.go:172          ] [main                ] - Master key is missing. Pending for 10 seconds with 2m0s timeout [startup]
2025-03-12T02:09:23.284Z [jfob ] [INFO ] [0e78528f7c59fb30] [security_keys.go:172          ] [main                ] - Master key is missing. Pending for 15 seconds with 2m0s timeout [startup]
2025-03-12T02:09:28.297Z [jfob ] [INFO ] [0e78528f7c59fb30] [security_keys.go:172          ] [main                ] - Master key is missing. Pending for 20 seconds with 2m0s timeout [startup]
2025-03-12T02:09:33.318Z [jfob ] [INFO ] [0e78528f7c59fb30] [security_keys.go:185          ] [main                ] - Cluster join: Join key is missing. Pending for 25 seconds with 2m0s timeout [startup]
2025-03-12T02:09:37.332Z [jfob ] [INFO ] [0e78528f7c59fb30] [bootstrap.go:219              ] [main                ] - Resolving service Id... [startup]
2025-03-12T02:09:47.346Z [jfob ] [ERROR] [0e78528f7c59fb30] [bootstrap.go:272              ] [main                ] - Failed to unmarshal the body: invalid character 'p' after top-level value [startup]
2025-03-12T02:09:47.347Z [jfob ] [INFO ] [0e78528f7c59fb30] [bootstrap.go:235              ] [main                ] - Unable to find parent service using router health, trying again... [startup]
2025-03-12T02:09:52.349Z [jfob ] [ERROR] [0e78528f7c59fb30] [bootstrap.go:272              ] [main                ] - Failed to unmarshal the body: invalid character 'p' after top-level value [startup]
2025-03-12T02:09:52.349Z [jfob ] [INFO ] [0e78528f7c59fb30] [bootstrap.go:235              ] [main                ] - Unable to find parent service using router health, trying again... [startup]
2025-03-12T02:09:57.351Z [jfob ] [ERROR] [0e78528f7c59fb30] [bootstrap.go:272              ] [main                ] - Failed to unmarshal the body: invalid character 'p' after top-level value [startup]
2025-03-12T02:09:57.352Z [jfob ] [INFO ] [0e78528f7c59fb30] [bootstrap.go:235              ] [main                ] - Unable to find parent service using router health, trying again... [startup]
2025-03-12T02:10:02.355Z [jfob ] [ERROR] [0e78528f7c59fb30] [bootstrap.go:272              ] [main                ] - Failed to unmarshal the body: invalid character 'p' after top-level value [startup]
2025-03-12T02:10:02.355Z [jfob ] [INFO ] [0e78528f7c59fb30] [bootstrap.go:235              ] [main                ] - Unable to find parent service using router health, trying again... [startup]
2025-03-12T02:10:07.356Z [jfob ] [ERROR] [0e78528f7c59fb30] [bootstrap.go:272              ] [main                ] - Failed to unmarshal the body: invalid character 'p' after top-level value [startup]
2025-03-12T02:10:07.356Z [jfob ] [INFO ] [0e78528f7c59fb30] [bootstrap.go:235              ] [main                ] - Unable to find parent service using router health, trying again... [startup]
2025-03-12T02:10:12.358Z [jfob ] [ERROR] [0e78528f7c59fb30] [bootstrap.go:272              ] [main                ] - Failed to unmarshal the body: invalid character 'p' after top-level value [startup]
2025-03-12T02:10:12.358Z [jfob ] [INFO ] [0e78528f7c59fb30] [bootstrap.go:235              ] [main                ] - Unable to find parent service using router health, trying again... [startup]
2025-03-12T02:10:17.360Z [jfob ] [ERROR] [0e78528f7c59fb30] [bootstrap.go:272              ] [main                ] - Failed to unmarshal the body: invalid character 'p' after top-level value [startup]
2025-03-12T02:10:17.361Z [jfob ] [INFO ] [0e78528f7c59fb30] [bootstrap.go:235              ] [main                ] - Unable to find parent service using router health, trying again... [startup]
2025-03-12T02:10:22.363Z [jfob ] [ERROR] [0e78528f7c59fb30] [bootstrap.go:272              ] [main                ] - Failed to unmarshal the body: invalid character 'p' after top-level value [startup]
2025-03-12T02:10:22.363Z [jfob ] [INFO ] [0e78528f7c59fb30] [bootstrap.go:235              ] [main                ] - Unable to find parent service using router health, trying again... [startup]
2025-03-12T02:10:27.368Z [jfob ] [ERROR] [0e78528f7c59fb30] [bootstrap.go:272              ] [main                ] - Failed to unmarshal the body: invalid character 'p' after top-level value [startup]
2025-03-12T02:10:27.373Z [jfob ] [INFO ] [0e78528f7c59fb30] [bootstrap.go:235              ] [main                ] - Unable to find parent service using router health, trying again... [startup]
2025-03-12T02:10:32.418Z [jfob ] [ERROR] [0e78528f7c59fb30] [bootstrap.go:272              ] [main                ] - Failed to unmarshal the body: invalid character 'p' after top-level value [startup]
2025-03-12T02:10:32.454Z [jfob ] [INFO ] [0e78528f7c59fb30] [bootstrap.go:235              ] [main                ] - Unable to find parent service using router health, trying again... [startup]
2025-03-12T02:10:37.470Z [jfob ] [ERROR] [0e78528f7c59fb30] [bootstrap.go:272              ] [main                ] - Failed to unmarshal the body: invalid character 'p' after top-level value [startup]
2025-03-12T02:10:37.470Z [jfob ] [INFO ] [0e78528f7c59fb30] [bootstrap.go:235              ] [main                ] - Unable to find parent service using router health, trying again... [startup]
2025-03-12T02:10:42.472Z [jfob ] [ERROR] [0e78528f7c59fb30] [bootstrap.go:272              ] [main                ] - Failed to unmarshal the body: invalid character 'p' after top-level value [startup]
2025-03-12T02:10:42.473Z [jfob ] [INFO ] [0e78528f7c59fb30] [bootstrap.go:235              ] [main                ] - Unable to find parent service using router health, trying again... [startup]
2025-03-12T02:10:47.475Z [jfob ] [ERROR] [0e78528f7c59fb30] [bootstrap.go:272              ] [main                ] - Failed to unmarshal the body: invalid character 'p' after top-level value [startup]
2025-03-12T02:10:47.475Z [jfob ] [INFO ] [0e78528f7c59fb30] [bootstrap.go:235              ] [main                ] - Unable to find parent service using router health, trying again... [startup]
2025-03-12T02:10:52.478Z [jfob ] [ERROR] [0e78528f7c59fb30] [bootstrap.go:272              ] [main                ] - Failed to unmarshal the body: invalid character 'p' after top-level value [startup]
2025-03-12T02:10:52.478Z [jfob ] [INFO ] [0e78528f7c59fb30] [bootstrap.go:235              ] [main                ] - Unable to find parent service using router health, trying again... [startup]
2025-03-12T02:10:57.480Z [jfob ] [ERROR] [0e78528f7c59fb30] [bootstrap.go:272              ] [main                ] - Failed to unmarshal the body: invalid character 'p' after top-level value [startup]
2025-03-12T02:10:57.481Z [jfob ] [INFO ] [0e78528f7c59fb30] [bootstrap.go:235              ] [main                ] - Unable to find parent service using router health, trying again... [startup]
2025-03-12T02:11:02.483Z [jfob ] [ERROR] [0e78528f7c59fb30] [bootstrap.go:272              ] [main                ] - Failed to unmarshal the body: invalid character 'p' after top-level value [startup]
2025-03-12T02:11:02.483Z [jfob ] [INFO ] [0e78528f7c59fb30] [bootstrap.go:235              ] [main                ] - Unable to find parent service using router health, trying again... [startup]
2025-03-12T02:11:07.484Z [jfob ] [ERROR] [0e78528f7c59fb30] [bootstrap.go:272              ] [main                ] - Failed to unmarshal the body: invalid character 'p' after top-level value [startup]
2025-03-12T02:11:07.485Z [jfob ] [INFO ] [0e78528f7c59fb30] [bootstrap.go:235              ] [main                ] - Unable to find parent service using router health, trying again... [startup]
2025-03-12T02:11:12.497Z [jfob ] [ERROR] [0e78528f7c59fb30] [bootstrap.go:272              ] [main                ] - Failed to unmarshal the body: invalid character 'p' after top-level value [startup]
2025-03-12T02:11:12.499Z [jfob ] [INFO ] [0e78528f7c59fb30] [bootstrap.go:235              ] [main                ] - Unable to find parent service using router health, trying again... [startup]
2025-03-12T02:11:17.512Z [jfob ] [ERROR] [0e78528f7c59fb30] [bootstrap.go:272              ] [main                ] - Failed to unmarshal the body: invalid character 'p' after top-level value [startup]
2025-03-12T02:11:17.512Z [jfob ] [INFO ] [0e78528f7c59fb30] [bootstrap.go:235              ] [main                ] - Unable to find parent service using router health, trying again... [startup]
2025-03-12T02:11:22.515Z [jfob ] [ERROR] [0e78528f7c59fb30] [bootstrap.go:272              ] [main                ] - Failed to unmarshal the body: invalid character 'p' after top-level value [startup]
2025-03-12T02:11:22.515Z [jfob ] [INFO ] [0e78528f7c59fb30] [bootstrap.go:235              ] [main                ] - Unable to find parent service using router health, trying again... [startup]
2025-03-12T02:11:27.518Z [jfob ] [ERROR] [0e78528f7c59fb30] [bootstrap.go:272              ] [main                ] - Failed to unmarshal the body: invalid character 'p' after top-level value [startup]
2025-03-12T02:11:27.519Z [jfob ] [INFO ] [0e78528f7c59fb30] [bootstrap.go:235              ] [main                ] - Unable to find parent service using router health, trying again... [startup]
2025-03-12T02:11:32.521Z [jfob ] [ERROR] [0e78528f7c59fb30] [bootstrap.go:272              ] [main                ] - Failed to unmarshal the body: invalid character 'p' after top-level value [startup]
2025-03-12T02:11:32.521Z [jfob ] [INFO ] [0e78528f7c59fb30] [bootstrap.go:235              ] [main                ] - Unable to find parent service using router health, trying again... [startup]
2025-03-12T02:11:37.524Z [jfob ] [ERROR] [0e78528f7c59fb30] [bootstrap.go:272              ] [main                ] - Failed to unmarshal the body: invalid character 'p' after top-level value [startup]
2025-03-12T02:11:37.524Z [jfob ] [INFO ] [0e78528f7c59fb30] [bootstrap.go:235              ] [main                ] - Unable to find parent service using router health, trying again... [startup]
2025-03-12T02:11:42.526Z [jfob ] [ERROR] [0e78528f7c59fb30] [bootstrap.go:272              ] [main                ] - Failed to unmarshal the body: invalid character 'p' after top-level value [startup]
2025-03-12T02:11:42.527Z [jfob ] [INFO ] [0e78528f7c59fb30] [bootstrap.go:235              ] [main                ] - Unable to find parent service using router health, trying again... [startup]
2025-03-12T02:11:47.530Z [jfob ] [ERROR] [0e78528f7c59fb30] [bootstrap.go:272              ] [main                ] - Failed to unmarshal the body: invalid character 'p' after top-level value [startup]
2025-03-12T02:11:47.530Z [jfob ] [INFO ] [0e78528f7c59fb30] [bootstrap.go:235              ] [main                ] - Unable to find parent service using router health, trying again... [startup]
2025-03-12T02:11:52.533Z [jfob ] [ERROR] [0e78528f7c59fb30] [bootstrap.go:272              ] [main                ] - Failed to unmarshal the body: invalid character 'p' after top-level value [startup]
2025-03-12T02:11:52.533Z [jfob ] [INFO ] [0e78528f7c59fb30] [bootstrap.go:235              ] [main                ] - Unable to find parent service using router health, trying again... [startup]
2025-03-12T02:11:57.535Z [jfob ] [ERROR] [0e78528f7c59fb30] [bootstrap.go:272              ] [main                ] - Failed to unmarshal the body: invalid character 'p' after top-level value [startup]
2025-03-12T02:11:57.536Z [jfob ] [INFO ] [0e78528f7c59fb30] [bootstrap.go:235              ] [main                ] - Unable to find parent service using router health, trying again... [startup]
2025-03-12T02:12:02.539Z [jfob ] [ERROR] [0e78528f7c59fb30] [bootstrap.go:272              ] [main                ] - Failed to unmarshal the body: invalid character 'p' after top-level value [startup]
2025-03-12T02:12:02.539Z [jfob ] [INFO ] [0e78528f7c59fb30] [bootstrap.go:235              ] [main                ] - Unable to find parent service using router health, trying again... [startup]
2025-03-12T02:12:07.541Z [jfob ] [ERROR] [0e78528f7c59fb30] [bootstrap.go:272              ] [main                ] - Failed to unmarshal the body: invalid character 'p' after top-level value [startup]
2025-03-12T02:12:07.541Z [jfob ] [INFO ] [0e78528f7c59fb30] [bootstrap.go:235              ] [main                ] - Unable to find parent service using router health, trying again... [startup]
2025-03-12T02:12:12.543Z [jfob ] [ERROR] [0e78528f7c59fb30] [bootstrap.go:272              ] [main                ] - Failed to unmarshal the body: invalid character 'p' after top-level value [startup]
2025-03-12T02:12:12.544Z [jfob ] [INFO ] [0e78528f7c59fb30] [bootstrap.go:235              ] [main                ] - Unable to find parent service using router health, trying again... [startup]
2025-03-12T02:12:17.547Z [jfob ] [ERROR] [0e78528f7c59fb30] [bootstrap.go:272              ] [main                ] - Failed to unmarshal the body: invalid character 'p' after top-level value [startup]
2025-03-12T02:12:17.547Z [jfob ] [INFO ] [0e78528f7c59fb30] [bootstrap.go:235              ] [main                ] - Unable to find parent service using router health, trying again... [startup]
2025-03-12T02:12:22.549Z [jfob ] [ERROR] [0e78528f7c59fb30] [bootstrap.go:272              ] [main                ] - Failed to unmarshal the body: invalid character 'p' after top-level value [startup]
2025-03-12T02:12:22.550Z [jfob ] [INFO ] [0e78528f7c59fb30] [bootstrap.go:235              ] [main                ] - Unable to find parent service using router health, trying again... [startup]
2025-03-12T02:12:27.552Z [jfob ] [ERROR] [0e78528f7c59fb30] [bootstrap.go:272              ] [main                ] - Failed to unmarshal the body: invalid character 'p' after top-level value [startup]
2025-03-12T02:12:27.553Z [jfob ] [INFO ] [0e78528f7c59fb30] [bootstrap.go:235              ] [main                ] - Unable to find parent service using router health, trying again... [startup]
2025-03-12T02:12:32.556Z [jfob ] [ERROR] [0e78528f7c59fb30] [bootstrap.go:272              ] [main                ] - Failed to unmarshal the body: invalid character 'p' after top-level value [startup]
2025-03-12T02:12:32.557Z [jfob ] [INFO ] [0e78528f7c59fb30] [bootstrap.go:235              ] [main                ] - Unable to find parent service using router health, trying again... [startup]
2025-03-12T02:12:37.557Z [jfob ] [ERROR] [0e78528f7c59fb30] [bootstrap.go:272              ] [main                ] - Failed to unmarshal the body: invalid character 'p' after top-level value [startup]
2025-03-12T02:12:37.558Z [jfob ] [INFO ] [0e78528f7c59fb30] [bootstrap.go:235              ] [main                ] - Unable to find parent service using router health, trying again... [startup]
2025-03-12T02:12:42.561Z [jfob ] [ERROR] [0e78528f7c59fb30] [bootstrap.go:272              ] [main                ] - Failed to unmarshal the body: invalid character 'p' after top-level value [startup]
2025-03-12T02:12:42.561Z [jfob ] [INFO ] [0e78528f7c59fb30] [bootstrap.go:235              ] [main                ] - Unable to find parent service using router health, trying again... [startup]
2025-03-12T02:12:47.565Z [jfob ] [ERROR] [0e78528f7c59fb30] [bootstrap.go:272              ] [main                ] - Failed to unmarshal the body: invalid character 'p' after top-level value [startup]
2025-03-12T02:12:47.565Z [jfob ] [INFO ] [0e78528f7c59fb30] [bootstrap.go:235              ] [main                ] - Unable to find parent service using router health, trying again... [startup]
2025-03-12T02:12:52.568Z [jfob ] [ERROR] [0e78528f7c59fb30] [bootstrap.go:272              ] [main                ] - Failed to unmarshal the body: invalid character 'p' after top-level value [startup]
2025-03-12T02:12:52.569Z [jfob ] [INFO ] [0e78528f7c59fb30] [bootstrap.go:235              ] [main                ] - Unable to find parent service using router health, trying again... [startup]
2025-03-12T02:12:57.571Z [jfob ] [ERROR] [0e78528f7c59fb30] [bootstrap.go:272              ] [main                ] - Failed to unmarshal the body: invalid character 'p' after top-level value [startup]
2025-03-12T02:12:57.571Z [jfob ] [INFO ] [0e78528f7c59fb30] [bootstrap.go:235              ] [main                ] - Unable to find parent service using router health, trying again... [startup]
2025-03-12T02:13:02.574Z [jfob ] [ERROR] [0e78528f7c59fb30] [bootstrap.go:272              ] [main                ] - Failed to unmarshal the body: invalid character 'p' after top-level value [startup]
2025-03-12T02:13:02.575Z [jfob ] [INFO ] [0e78528f7c59fb30] [bootstrap.go:235              ] [main                ] - Unable to find parent service using router health, trying again... [startup]
2025-03-12T02:13:07.575Z [jfob ] [ERROR] [0e78528f7c59fb30] [bootstrap.go:272              ] [main                ] - Failed to unmarshal the body: invalid character 'p' after top-level value [startup]
2025-03-12T02:13:07.576Z [jfob ] [INFO ] [0e78528f7c59fb30] [bootstrap.go:235              ] [main                ] - Unable to find parent service using router health, trying again... [startup]
2025-03-12T02:13:12.578Z [jfob ] [ERROR] [0e78528f7c59fb30] [bootstrap.go:272              ] [main                ] - Failed to unmarshal the body: invalid character 'p' after top-level value [startup]
2025-03-12T02:13:12.578Z [jfob ] [INFO ] [0e78528f7c59fb30] [bootstrap.go:235              ] [main                ] - Unable to find parent service using router health, trying again... [startup]
2025-03-12T02:13:17.581Z [jfob ] [ERROR] [0e78528f7c59fb30] [bootstrap.go:272              ] [main                ] - Failed to unmarshal the body: invalid character 'p' after top-level value [startup]
2025-03-12T02:13:17.581Z [jfob ] [INFO ] [0e78528f7c59fb30] [bootstrap.go:235              ] [main                ] - Unable to find parent service using router health, trying again... [startup]
2025-03-12T02:13:22.584Z [jfob ] [ERROR] [0e78528f7c59fb30] [bootstrap.go:272              ] [main                ] - Failed to unmarshal the body: invalid character 'p' after top-level value [startup]
2025-03-12T02:13:22.585Z [jfob ] [INFO ] [0e78528f7c59fb30] [bootstrap.go:235              ] [main                ] - Unable to find parent service using router health, trying again... [startup]
2025-03-12T02:13:27.588Z [jfob ] [ERROR] [0e78528f7c59fb30] [bootstrap.go:272              ] [main                ] - Failed to unmarshal the body: invalid character 'p' after top-level value [startup]
2025-03-12T02:13:27.590Z [jfob ] [INFO ] [0e78528f7c59fb30] [bootstrap.go:235              ] [main                ] - Unable to find parent service using router health, trying again... [startup]
2025-03-12T02:13:32.592Z [jfob ] [ERROR] [0e78528f7c59fb30] [bootstrap.go:272              ] [main                ] - Failed to unmarshal the body: invalid character 'p' after top-level value [startup]
2025-03-12T02:13:32.592Z [jfob ] [INFO ] [0e78528f7c59fb30] [bootstrap.go:235              ] [main                ] - Unable to find parent service using router health, trying again... [startup]
2025-03-12T02:13:37.594Z [jfob ] [ERROR] [0e78528f7c59fb30] [bootstrap.go:272              ] [main                ] - Failed to unmarshal the body: invalid character 'p' after top-level value [startup]
2025-03-12T02:13:37.594Z [jfob ] [INFO ] [0e78528f7c59fb30] [bootstrap.go:235              ] [main                ] - Unable to find parent service using router health, trying again... [startup]
2025-03-12T02:13:42.597Z [jfob ] [ERROR] [0e78528f7c59fb30] [bootstrap.go:272              ] [main                ] - Failed to unmarshal the body: invalid character 'p' after top-level value [startup]
2025-03-12T02:13:42.598Z [jfob ] [INFO ] [0e78528f7c59fb30] [bootstrap.go:235              ] [main                ] - Unable to find parent service using router health, trying again... [startup]
2025-03-12T02:13:47.601Z [jfob ] [ERROR] [0e78528f7c59fb30] [bootstrap.go:272              ] [main                ] - Failed to unmarshal the body: invalid character 'p' after top-level value [startup]
2025-03-12T02:13:47.601Z [jfob ] [INFO ] [0e78528f7c59fb30] [bootstrap.go:235              ] [main                ] - Unable to find parent service using router health, trying again... [startup]
2025-03-12T02:13:52.604Z [jfob ] [ERROR] [0e78528f7c59fb30] [bootstrap.go:272              ] [main                ] - Failed to unmarshal the body: invalid character 'p' after top-level value [startup]
2025-03-12T02:13:52.604Z [jfob ] [INFO ] [0e78528f7c59fb30] [bootstrap.go:235              ] [main                ] - Unable to find parent service using router health, trying again... [startup]
2025-03-12T02:13:57.607Z [jfob ] [ERROR] [0e78528f7c59fb30] [bootstrap.go:272              ] [main                ] - Failed to unmarshal the body: invalid character 'p' after top-level value [startup]
2025-03-12T02:13:57.608Z [jfob ] [INFO ] [0e78528f7c59fb30] [bootstrap.go:235              ] [main                ] - Unable to find parent service using router health, trying again... [startup]
2025-03-12T02:14:02.609Z [jfob ] [ERROR] [0e78528f7c59fb30] [bootstrap.go:272              ] [main                ] - Failed to unmarshal the body: invalid character 'p' after top-level value [startup]
2025-03-12T02:14:02.610Z [jfob ] [INFO ] [0e78528f7c59fb30] [bootstrap.go:235              ] [main                ] - Unable to find parent service using router health, trying again... [startup]
2025-03-12T02:14:07.612Z [jfob ] [ERROR] [0e78528f7c59fb30] [bootstrap.go:272              ] [main                ] - Failed to unmarshal the body: invalid character 'p' after top-level value [startup]
2025-03-12T02:14:07.612Z [jfob ] [INFO ] [0e78528f7c59fb30] [bootstrap.go:235              ] [main                ] - Unable to find parent service using router health, trying again... [startup]
2025-03-12T02:14:12.614Z [jfob ] [ERROR] [0e78528f7c59fb30] [bootstrap.go:272              ] [main                ] - Failed to unmarshal the body: invalid character 'p' after top-level value [startup]
2025-03-12T02:14:12.614Z [jfob ] [INFO ] [0e78528f7c59fb30] [bootstrap.go:235              ] [main                ] - Unable to find parent service using router health, trying again... [startup]
2025-03-12T02:14:17.617Z [jfob ] [ERROR] [0e78528f7c59fb30] [bootstrap.go:272              ] [main                ] - Failed to unmarshal the body: invalid character 'p' after top-level value [startup]
2025-03-12T02:14:17.618Z [jfob ] [INFO ] [0e78528f7c59fb30] [bootstrap.go:235              ] [main                ] - Unable to find parent service using router health, trying again... [startup]
2025-03-12T02:14:22.621Z [jfob ] [ERROR] [0e78528f7c59fb30] [bootstrap.go:272              ] [main                ] - Failed to unmarshal the body: invalid character 'p' after top-level value [startup]
2025-03-12T02:14:22.621Z [jfob ] [INFO ] [0e78528f7c59fb30] [bootstrap.go:235              ] [main                ] - Unable to find parent service using router health, trying again... [startup]
2025-03-12T02:14:27.624Z [jfob ] [ERROR] [0e78528f7c59fb30] [bootstrap.go:272              ] [main                ] - Failed to unmarshal the body: invalid character 'p' after top-level value [startup]
2025-03-12T02:14:27.624Z [jfob ] [INFO ] [0e78528f7c59fb30] [bootstrap.go:235              ] [main                ] - Unable to find parent service using router health, trying again... [startup]
2025-03-12T02:14:32.627Z [jfob ] [ERROR] [0e78528f7c59fb30] [bootstrap.go:272              ] [main                ] - Failed to unmarshal the body: invalid character 'p' after top-level value [startup]
2025-03-12T02:14:32.627Z [jfob ] [INFO ] [0e78528f7c59fb30] [bootstrap.go:235              ] [main                ] - Unable to find parent service using router health, trying again... [startup]
2025-03-12T02:14:37.318Z [jfob ] [WARN ] [0e78528f7c59fb30] [bootstrap.go:247              ] [main                ] - Failed to query router health [startup]
2025-03-12T02:29:56.414Z [jfob ] [INFO ] [676228f60955009f] [security_keys.go:185          ] [main                ] - Cluster join: Join key is missing. Pending for 5 seconds with 2m0s timeout [startup]
2025-03-12T02:30:01.469Z [jfob ] [INFO ] [676228f60955009f] [security_keys.go:185          ] [main                ] - Cluster join: Join key is missing. Pending for 10 seconds with 2m0s timeout [startup]
2025-03-12T02:30:06.479Z [jfob ] [INFO ] [676228f60955009f] [security_keys.go:185          ] [main                ] - Cluster join: Join key is missing. Pending for 15 seconds with 2m0s timeout [startup]
2025-03-12T02:30:11.488Z [jfob ] [INFO ] [676228f60955009f] [security_keys.go:185          ] [main                ] - Cluster join: Join key is missing. Pending for 20 seconds with 2m0s timeout [startup]
2025-03-12T02:30:16.509Z [jfob ] [INFO ] [676228f60955009f] [security_keys.go:185          ] [main                ] - Cluster join: Join key is missing. Pending for 25 seconds with 2m0s timeout [startup]
2025-03-12T02:30:21.525Z [jfob ] [INFO ] [676228f60955009f] [security_keys.go:185          ] [main                ] - Cluster join: Join key is missing. Pending for 30 seconds with 2m0s timeout [startup]
2025-03-12T02:30:26.537Z [jfob ] [INFO ] [676228f60955009f] [security_keys.go:185          ] [main                ] - Cluster join: Join key is missing. Pending for 35 seconds with 2m0s timeout [startup]
2025-03-12T02:30:31.551Z [jfob ] [INFO ] [676228f60955009f] [security_keys.go:185          ] [main                ] - Cluster join: Join key is missing. Pending for 40 seconds with 2m0s timeout [startup]
2025-03-12T02:30:36.562Z [jfob ] [INFO ] [676228f60955009f] [security_keys.go:185          ] [main                ] - Cluster join: Join key is missing. Pending for 45 seconds with 2m0s timeout [startup]
2025-03-12T02:30:41.577Z [jfob ] [INFO ] [676228f60955009f] [security_keys.go:185          ] [main                ] - Cluster join: Join key is missing. Pending for 50 seconds with 2m0s timeout [startup]
2025-03-12T02:30:46.598Z [jfob ] [INFO ] [676228f60955009f] [security_keys.go:185          ] [main                ] - Cluster join: Join key is missing. Pending for 55 seconds with 2m0s timeout [startup]
2025-03-12T02:30:51.619Z [jfob ] [INFO ] [676228f60955009f] [security_keys.go:185          ] [main                ] - Cluster join: Join key is missing. Pending for 60 seconds with 2m0s timeout [startup]
2025-03-12T02:30:56.636Z [jfob ] [INFO ] [676228f60955009f] [security_keys.go:185          ] [main                ] - Cluster join: Join key is missing. Pending for 65 seconds with 2m0s timeout [startup]
2025-03-12T08:14:03.909Z [jfob ] [INFO ] [676228f60955009f] [security_keys.go:185          ] [main                ] - Cluster join: Join key is missing. Pending for 80 seconds with 2m0s timeout [startup]
2025-03-12T08:14:09.073Z [jfob ] [INFO ] [676228f60955009f] [security_keys.go:185          ] [main                ] - Cluster join: Join key is missing. Pending for 85 seconds with 2m0s timeout [startup]
2025-03-12T14:23:23.449Z [jfob ] [INFO ] [676228f60955009f] [security_keys.go:185          ] [main                ] - Cluster join: Join key is missing. Pending for 90 seconds with 2m0s timeout [startup]
2025-03-12T14:23:28.836Z [jfob ] [INFO ] [676228f60955009f] [security_keys.go:185          ] [main                ] - Cluster join: Join key is missing. Pending for 95 seconds with 2m0s timeout [startup]
2025-03-12T14:23:33.025Z [jfob ] [INFO ] [676228f60955009f] [security_keys.go:185          ] [main                ] - Cluster join: Join key is missing. Pending for 100 seconds with 2m0s timeout [startup]
2025-03-12T14:23:38.147Z [jfob ] [INFO ] [676228f60955009f] [security_keys.go:185          ] [main                ] - Cluster join: Join key is missing. Pending for 105 seconds with 2m0s timeout [startup]
2025-03-12T14:23:43.412Z [jfob ] [INFO ] [676228f60955009f] [security_keys.go:185          ] [main                ] - Cluster join: Join key is missing. Pending for 110 seconds with 2m0s timeout [startup]
2025-03-12T14:23:48.698Z [jfob ] [INFO ] [676228f60955009f] [security_keys.go:185          ] [main                ] - Cluster join: Join key is missing. Pending for 115 seconds with 2m0s timeout [startup]
2025-03-12T14:23:53.018Z [jfob ] [FATAL] [676228f60955009f] [bootstrap.go:104              ] [main                ] - Cluster join: Failed resolving join key: failed resolving 'shared.security.joinKey' key; file does not exist: /opt/jfrog/artifactory/var/etc/security/join.key [startup]
