2025-03-12T14:54:07.160Z [jfevt] [INFO ] [62f91a9df4c4bda1] [bootstrap.go:54               ] [main                ] [                ] - Effective configuration:
artifactory.pid (Environment Variable: JF_ARTIFACTORY_PID): /opt/jfrog/artifactory/app/run/artifactory.pid
artifactory.user (Environment Variable: JF_ARTIFACTORY_USER): artifactory
configVersion (File): 1
event.accessClient.joinTimeout (Default Value): 3m
event.accessClient.pingTimeout (Default Value): 2m
event.artifactoryClient.request.timeout (Default Value): 5s
event.baseUrlCache.interval (Default Value): 5m
event.customWebhooks.enabled (Default Value): true
event.customWebhooks.maxIdleConnections (Default Value): 100
event.customWebhooks.maxIdleConnectionsPerHost (Default Value): 100
event.customWebhooks.retryCount (Default Value): 5
event.customWebhooks.retryWaitMillis (Default Value): 10000
event.customWebhooks.sizeLimits.headersMaxCount (Default Value): 50
event.customWebhooks.sizeLimits.headersMaxSizeBytes (Default Value): 5120
event.customWebhooks.sizeLimits.payloadMaxSizeBytes (Default Value): 51200
event.customWebhooks.sizeLimits.secretsMaxCount (Default Value): 50
event.customWebhooks.sizeLimits.secretsMaxSizeBytes (Default Value): 5120
event.customWebhooks.timeoutMillis (Default Value): 30000
event.customWebhooks.tlsInsecure (Default Value): false
event.domainCache.interval (Default Value): 5m
event.grpcPort (Default Value): 8062
event.logging.application.caller (Default Value): false
event.logging.application.console (Default Value): true
event.logging.application.filePath (Default Value): event-service.log
event.logging.application.format (Default Value): jftext
event.logging.application.level (Default Value): info
event.logging.application.rotation.compress (Default Value): true
event.logging.application.rotation.keepLastDecompressed (Default Value): 1
event.logging.application.rotation.maxAgeDays (Default Value): 365
event.logging.application.rotation.maxFiles (Default Value): 10
event.logging.application.rotation.maxSizeMb (Default Value): 25
event.logging.consoleLog.format (Default Value): jftext
event.logging.metrics.console (Default Value): false
event.logging.metrics.filePath (Default Value): event-metrics.log
event.logging.metrics.rotation.compress (Default Value): true
event.logging.metrics.rotation.keepLastDecompressed (Default Value): 1
event.logging.metrics.rotation.maxAgeDays (Default Value): 365
event.logging.metrics.rotation.maxFiles (Default Value): 10
event.logging.metrics.rotation.maxSizeMb (Default Value): 25
event.logging.request.console (Default Value): false
event.logging.request.filePath (Default Value): event-request.log
event.logging.request.rotation.compress (Default Value): true
event.logging.request.rotation.keepLastDecompressed (Default Value): 1
event.logging.request.rotation.maxAgeDays (Default Value): 365
event.logging.request.rotation.maxFiles (Default Value): 10
event.logging.request.rotation.maxSizeMb (Default Value): 25
event.metrics.enabled (Default Value): false
event.metrics.exclude (Default Value): []
event.metrics.interval (Default Value): 10s
event.metrics.triggers.enabled (Default Value): true
event.metrics.triggers.intervalMillis (Default Value): 20000
event.metrics.triggers.limit (Default Value): 1000000
event.port (Default Value): 8061
event.profiling.enabled (Default Value): false
event.proxyCache.interval (Default Value): 5m
event.rateLimit.burstSize (Default Value): 10000
event.rateLimit.frequency (Default Value): 1000
event.rateLimit.maxConcurrentHandlers (Default Value): 50000
event.security.blacklist.enabled (Default Value): true
event.security.blacklist.timeoutMillis (Default Value): 5000
event.supportBundle.aggregationTimeout (Default Value): 1h
event.tokenCache.timeout (Default Value): 1m
event.webhooks.maxIdleConnections (Default Value): 100
event.webhooks.maxIdleConnectionsPerHost (Default Value): 100
event.webhooks.retryCount (Default Value): 5
event.webhooks.retryWait (Default Value): 10s
event.webhooks.sizeLimits.headersMaxCount (Default Value): 50
event.webhooks.sizeLimits.headersMaxSizeBytes (Default Value): 5120
event.webhooks.timeout (Default Value): 30s
event.webhooks.tlsInsecure (Default Value): false
event.webhooks.urlStrictPolicy (Default Value): true
metadata.accessclient.url (Environment Variable: JF_METADATA_ACCESSCLIENT_URL): http://localhost:8081/access
product.data.internal (Environment Variable: JF_PRODUCT_DATA_INTERNAL): /var/opt/jfrog/artifactory
product.home (Environment Variable: JF_PRODUCT_HOME): /opt/jfrog/artifactory
router.entrypoints.internalPort (Default Value): 8046
router.topology.local.requiredservicetypes (Environment Variable: JF_ROUTER_TOPOLOGY_LOCAL_REQUIREDSERVICETYPES): jfrt,jfac,jfmd,jffe,jfob,jfint,jfevt
shared.database (File): <nil>
shared.database.password (Environment Variable: JF_SHARED_DATABASE_PASSWORD): *****
shared.database.type (Environment Variable: JF_SHARED_DATABASE_TYPE): postgresql
shared.database.url (Environment Variable: JF_SHARED_DATABASE_URL): jdbc:postgresql://postgres:5432/artifactorydb
shared.database.user (Environment Variable: JF_SHARED_DATABASE_USER): artifactory
shared.extrajavaopts (Environment Variable: JF_SHARED_EXTRAJAVAOPTS): -Xms512m -Xmx2g
shared.multiTenant.cellId (Default Value): 
shared.multiTenant.enabled (Default Value): false
shared.multiTenant.tenantRegistryClient.caCert (Default Value): 
shared.multiTenant.tenantRegistryClient.cacheExpirationSecs (Default Value): 21600
shared.multiTenant.tenantRegistryClient.clientCert (Default Value): 
shared.multiTenant.tenantRegistryClient.clientCertKey (Default Value): *****
shared.multiTenant.tenantRegistryClient.dialTimeoutSecs (Default Value): 10
shared.multiTenant.tenantRegistryClient.endpoints (Default Value): 
shared.multiTenant.tenantRegistryClient.pingCacheExpirationSecs (Default Value): 15
shared.multiTenant.tenantRegistryClient.pingTimeoutSecs (Default Value): 1
shared.multiTenant.tenantRegistryClient.requestTimeoutSecs (Default Value): 30
shared.newrelic.appName (Default Value): 
shared.newrelic.distributedTracerEnabled (Default Value): true
shared.newrelic.enableDebugLog (Default Value): false
shared.newrelic.enabled (Default Value): false
shared.newrelic.licenseKey (Default Value): *****
shared.node (File): <nil>
shared.node.id (Environment Variable: JF_SHARED_NODE_ID): eaa950cc8403
shared.node.ip (Environment Variable: JF_SHARED_NODE_IP): 172.19.0.3
shared.node.name (Environment Variable: JF_SHARED_NODE_NAME): eaa950cc8403
shared.security (File): <nil>
shared.security.ExposeApplicationHeaders (Default Value): false
shared.security.bootstrapKeysReadTimeoutSecs (Default Value): 120
shared.security.joinKeyFile (Default Value): etc/security/join.key
shared.security.masterKeyFile (Default Value): etc/security/master.key
system.yaml (Environment Variable: JF_SYSTEM_YAML): /opt/jfrog/artifactory/var/etc/system.yaml [startup]
2025-03-12T14:54:12.291Z [jfevt] [INFO ] [62f91a9df4c4bda1] [security_keys.go:185          ] [main                ] [                ] - Cluster join: Join key is missing. Pending for 5 seconds with 2m0s timeout [startup]
2025-03-12T14:54:17.530Z [jfevt] [INFO ] [62f91a9df4c4bda1] [security_keys.go:185          ] [main                ] [                ] - Cluster join: Join key is missing. Pending for 10 seconds with 2m0s timeout [startup]
2025-03-12T14:54:22.571Z [jfevt] [INFO ] [62f91a9df4c4bda1] [security_keys.go:185          ] [main                ] [                ] - Cluster join: Join key is missing. Pending for 15 seconds with 2m0s timeout [startup]
2025-03-12T14:54:27.590Z [jfevt] [INFO ] [62f91a9df4c4bda1] [security_keys.go:185          ] [main                ] [                ] - Cluster join: Join key is missing. Pending for 20 seconds with 2m0s timeout [startup]
2025-03-12T14:54:32.666Z [jfevt] [INFO ] [62f91a9df4c4bda1] [security_keys.go:185          ] [main                ] [                ] - Cluster join: Join key is missing. Pending for 25 seconds with 2m0s timeout [startup]
2025-03-12T14:54:37.802Z [jfevt] [INFO ] [62f91a9df4c4bda1] [security_keys.go:185          ] [main                ] [                ] - Cluster join: Join key is missing. Pending for 30 seconds with 2m0s timeout [startup]
2025-03-12T14:54:42.990Z [jfevt] [INFO ] [62f91a9df4c4bda1] [security_keys.go:185          ] [main                ] [                ] - Cluster join: Join key is missing. Pending for 35 seconds with 2m0s timeout [startup]
2025-03-12T14:54:48.039Z [jfevt] [INFO ] [62f91a9df4c4bda1] [security_keys.go:185          ] [main                ] [                ] - Cluster join: Join key is missing. Pending for 40 seconds with 2m0s timeout [startup]
2025-03-12T14:54:53.200Z [jfevt] [INFO ] [62f91a9df4c4bda1] [security_keys.go:185          ] [main                ] [                ] - Cluster join: Join key is missing. Pending for 45 seconds with 2m0s timeout [startup]
2025-03-12T14:54:57.313Z [jfevt] [INFO ] [62f91a9df4c4bda1] [security_keys.go:185          ] [main                ] [                ] - Cluster join: Join key is missing. Pending for 50 seconds with 2m0s timeout [startup]
2025-03-12T14:55:02.328Z [jfevt] [INFO ] [62f91a9df4c4bda1] [security_keys.go:185          ] [main                ] [                ] - Cluster join: Join key is missing. Pending for 55 seconds with 2m0s timeout [startup]
2025-03-12T14:55:07.546Z [jfevt] [INFO ] [62f91a9df4c4bda1] [security_keys.go:185          ] [main                ] [                ] - Cluster join: Join key is missing. Pending for 60 seconds with 2m0s timeout [startup]
2025-03-12T14:55:12.560Z [jfevt] [INFO ] [62f91a9df4c4bda1] [security_keys.go:185          ] [main                ] [                ] - Cluster join: Join key is missing. Pending for 65 seconds with 2m0s timeout [startup]
2025-03-12T14:55:17.642Z [jfevt] [INFO ] [62f91a9df4c4bda1] [security_keys.go:185          ] [main                ] [                ] - Cluster join: Join key is missing. Pending for 70 seconds with 2m0s timeout [startup]
2025-03-12T14:55:22.663Z [jfevt] [INFO ] [62f91a9df4c4bda1] [security_keys.go:185          ] [main                ] [                ] - Cluster join: Join key is missing. Pending for 75 seconds with 2m0s timeout [startup]
2025-03-12T14:55:28.094Z [jfevt] [INFO ] [62f91a9df4c4bda1] [security_keys.go:185          ] [main                ] [                ] - Cluster join: Join key is missing. Pending for 80 seconds with 2m0s timeout [startup]
2025-03-12T14:55:33.140Z [jfevt] [INFO ] [62f91a9df4c4bda1] [security_keys.go:185          ] [main                ] [                ] - Cluster join: Join key is missing. Pending for 85 seconds with 2m0s timeout [startup]
2025-03-12T14:55:42.418Z [jfevt] [INFO ] [62f91a9df4c4bda1] [security_keys.go:185          ] [main                ] [                ] - Cluster join: Join key is missing. Pending for 95 seconds with 2m0s timeout [startup]
2025-03-12T14:55:47.435Z [jfevt] [INFO ] [62f91a9df4c4bda1] [security_keys.go:185          ] [main                ] [                ] - Cluster join: Join key is missing. Pending for 100 seconds with 2m0s timeout [startup]
2025-03-12T14:55:52.660Z [jfevt] [INFO ] [62f91a9df4c4bda1] [security_keys.go:185          ] [main                ] [                ] - Cluster join: Join key is missing. Pending for 105 seconds with 2m0s timeout [startup]
2025-03-12T14:55:57.697Z [jfevt] [INFO ] [62f91a9df4c4bda1] [security_keys.go:185          ] [main                ] [                ] - Cluster join: Join key is missing. Pending for 110 seconds with 2m0s timeout [startup]
2025-03-12T14:56:02.792Z [jfevt] [INFO ] [62f91a9df4c4bda1] [security_keys.go:185          ] [main                ] [                ] - Cluster join: Join key is missing. Pending for 115 seconds with 2m0s timeout [startup]
2025-03-12T14:56:07.155Z [jfevt] [FATAL] [62f91a9df4c4bda1] [bootstrap.go:144              ] [main                ] [                ] - Cluster join: Failed resolving join key: failed resolving 'shared.security.joinKey' key; file does not exist: /opt/jfrog/artifactory/var/etc/security/join.key [startup]
2025-03-12T15:05:06.847Z [jfevt] [INFO ] [0ac700b85ca8a472] [bootstrap.go:54               ] [main                ] [                ] - Effective configuration:
artifactory.pid (Environment Variable: JF_ARTIFACTORY_PID): /opt/jfrog/artifactory/app/run/artifactory.pid
artifactory.user (Environment Variable: JF_ARTIFACTORY_USER): artifactory
configVersion (File): 1
event.accessClient.joinTimeout (Default Value): 3m
event.accessClient.pingTimeout (Default Value): 2m
event.artifactoryClient.request.timeout (Default Value): 5s
event.baseUrlCache.interval (Default Value): 5m
event.customWebhooks.enabled (Default Value): true
event.customWebhooks.maxIdleConnections (Default Value): 100
event.customWebhooks.maxIdleConnectionsPerHost (Default Value): 100
event.customWebhooks.retryCount (Default Value): 5
event.customWebhooks.retryWaitMillis (Default Value): 10000
event.customWebhooks.sizeLimits.headersMaxCount (Default Value): 50
event.customWebhooks.sizeLimits.headersMaxSizeBytes (Default Value): 5120
event.customWebhooks.sizeLimits.payloadMaxSizeBytes (Default Value): 51200
event.customWebhooks.sizeLimits.secretsMaxCount (Default Value): 50
event.customWebhooks.sizeLimits.secretsMaxSizeBytes (Default Value): 5120
event.customWebhooks.timeoutMillis (Default Value): 30000
event.customWebhooks.tlsInsecure (Default Value): false
event.domainCache.interval (Default Value): 5m
event.grpcPort (Default Value): 8062
event.logging.application.caller (Default Value): false
event.logging.application.console (Default Value): true
event.logging.application.filePath (Default Value): event-service.log
event.logging.application.format (Default Value): jftext
event.logging.application.level (Default Value): info
event.logging.application.rotation.compress (Default Value): true
event.logging.application.rotation.keepLastDecompressed (Default Value): 1
event.logging.application.rotation.maxAgeDays (Default Value): 365
event.logging.application.rotation.maxFiles (Default Value): 10
event.logging.application.rotation.maxSizeMb (Default Value): 25
event.logging.consoleLog.format (Default Value): jftext
event.logging.metrics.console (Default Value): false
event.logging.metrics.filePath (Default Value): event-metrics.log
event.logging.metrics.rotation.compress (Default Value): true
event.logging.metrics.rotation.keepLastDecompressed (Default Value): 1
event.logging.metrics.rotation.maxAgeDays (Default Value): 365
event.logging.metrics.rotation.maxFiles (Default Value): 10
event.logging.metrics.rotation.maxSizeMb (Default Value): 25
event.logging.request.console (Default Value): false
event.logging.request.filePath (Default Value): event-request.log
event.logging.request.rotation.compress (Default Value): true
event.logging.request.rotation.keepLastDecompressed (Default Value): 1
event.logging.request.rotation.maxAgeDays (Default Value): 365
event.logging.request.rotation.maxFiles (Default Value): 10
event.logging.request.rotation.maxSizeMb (Default Value): 25
event.metrics.enabled (Default Value): false
event.metrics.exclude (Default Value): []
event.metrics.interval (Default Value): 10s
event.metrics.triggers.enabled (Default Value): true
event.metrics.triggers.intervalMillis (Default Value): 20000
event.metrics.triggers.limit (Default Value): 1000000
event.port (Default Value): 8061
event.profiling.enabled (Default Value): false
event.proxyCache.interval (Default Value): 5m
event.rateLimit.burstSize (Default Value): 10000
event.rateLimit.frequency (Default Value): 1000
event.rateLimit.maxConcurrentHandlers (Default Value): 50000
event.security.blacklist.enabled (Default Value): true
event.security.blacklist.timeoutMillis (Default Value): 5000
event.supportBundle.aggregationTimeout (Default Value): 1h
event.tokenCache.timeout (Default Value): 1m
event.webhooks.maxIdleConnections (Default Value): 100
event.webhooks.maxIdleConnectionsPerHost (Default Value): 100
event.webhooks.retryCount (Default Value): 5
event.webhooks.retryWait (Default Value): 10s
event.webhooks.sizeLimits.headersMaxCount (Default Value): 50
event.webhooks.sizeLimits.headersMaxSizeBytes (Default Value): 5120
event.webhooks.timeout (Default Value): 30s
event.webhooks.tlsInsecure (Default Value): false
event.webhooks.urlStrictPolicy (Default Value): true
metadata.accessclient.url (Environment Variable: JF_METADATA_ACCESSCLIENT_URL): http://localhost:8081/access
product.data.internal (Environment Variable: JF_PRODUCT_DATA_INTERNAL): /var/opt/jfrog/artifactory
product.home (Environment Variable: JF_PRODUCT_HOME): /opt/jfrog/artifactory
router.entrypoints.internalPort (Default Value): 8046
router.topology.local.requiredservicetypes (Environment Variable: JF_ROUTER_TOPOLOGY_LOCAL_REQUIREDSERVICETYPES): jfrt,jfac,jfmd,jffe,jfob,jfint,jfevt
shared.database (File): <nil>
shared.database.password (Environment Variable: JF_SHARED_DATABASE_PASSWORD): *****
shared.database.type (Environment Variable: JF_SHARED_DATABASE_TYPE): postgresql
shared.database.url (Environment Variable: JF_SHARED_DATABASE_URL): jdbc:postgresql://postgres:5432/artifactorydb
shared.database.user (Environment Variable: JF_SHARED_DATABASE_USER): artifactory
shared.extrajavaopts (Environment Variable: JF_SHARED_EXTRAJAVAOPTS): -Xms512m -Xmx2g
shared.multiTenant.cellId (Default Value): 
shared.multiTenant.enabled (Default Value): false
shared.multiTenant.tenantRegistryClient.caCert (Default Value): 
shared.multiTenant.tenantRegistryClient.cacheExpirationSecs (Default Value): 21600
shared.multiTenant.tenantRegistryClient.clientCert (Default Value): 
shared.multiTenant.tenantRegistryClient.clientCertKey (Default Value): *****
shared.multiTenant.tenantRegistryClient.dialTimeoutSecs (Default Value): 10
shared.multiTenant.tenantRegistryClient.endpoints (Default Value): 
shared.multiTenant.tenantRegistryClient.pingCacheExpirationSecs (Default Value): 15
shared.multiTenant.tenantRegistryClient.pingTimeoutSecs (Default Value): 1
shared.multiTenant.tenantRegistryClient.requestTimeoutSecs (Default Value): 30
shared.newrelic.appName (Default Value): 
shared.newrelic.distributedTracerEnabled (Default Value): true
shared.newrelic.enableDebugLog (Default Value): false
shared.newrelic.enabled (Default Value): false
shared.newrelic.licenseKey (Default Value): *****
shared.node (File): <nil>
shared.node.id (Environment Variable: JF_SHARED_NODE_ID): eaa950cc8403
shared.node.ip (Environment Variable: JF_SHARED_NODE_IP): 172.19.0.3
shared.node.name (Environment Variable: JF_SHARED_NODE_NAME): eaa950cc8403
shared.security (File): <nil>
shared.security.ExposeApplicationHeaders (Default Value): false
shared.security.bootstrapKeysReadTimeoutSecs (Default Value): 120
shared.security.joinKeyFile (Default Value): etc/security/join.key
shared.security.masterKeyFile (Default Value): etc/security/master.key
system.yaml (Environment Variable: JF_SYSTEM_YAML): /opt/jfrog/artifactory/var/etc/system.yaml [startup]
2025-03-12T15:05:11.868Z [jfevt] [INFO ] [0ac700b85ca8a472] [security_keys.go:185          ] [main                ] [                ] - Cluster join: Join key is missing. Pending for 5 seconds with 2m0s timeout [startup]
2025-03-12T15:05:17.011Z [jfevt] [INFO ] [0ac700b85ca8a472] [security_keys.go:185          ] [main                ] [                ] - Cluster join: Join key is missing. Pending for 10 seconds with 2m0s timeout [startup]
2025-03-12T15:05:22.136Z [jfevt] [INFO ] [0ac700b85ca8a472] [security_keys.go:185          ] [main                ] [                ] - Cluster join: Join key is missing. Pending for 15 seconds with 2m0s timeout [startup]
2025-03-12T15:05:27.152Z [jfevt] [INFO ] [0ac700b85ca8a472] [security_keys.go:185          ] [main                ] [                ] - Cluster join: Join key is missing. Pending for 20 seconds with 2m0s timeout [startup]
2025-03-12T15:05:32.168Z [jfevt] [INFO ] [0ac700b85ca8a472] [security_keys.go:185          ] [main                ] [                ] - Cluster join: Join key is missing. Pending for 25 seconds with 2m0s timeout [startup]
2025-03-12T15:05:37.308Z [jfevt] [INFO ] [0ac700b85ca8a472] [security_keys.go:185          ] [main                ] [                ] - Cluster join: Join key is missing. Pending for 30 seconds with 2m0s timeout [startup]
2025-03-12T15:05:42.319Z [jfevt] [INFO ] [0ac700b85ca8a472] [security_keys.go:185          ] [main                ] [                ] - Cluster join: Join key is missing. Pending for 35 seconds with 2m0s timeout [startup]
2025-03-12T15:05:47.748Z [jfevt] [INFO ] [0ac700b85ca8a472] [security_keys.go:185          ] [main                ] [                ] - Cluster join: Join key is missing. Pending for 40 seconds with 2m0s timeout [startup]
2025-03-12T15:05:52.759Z [jfevt] [INFO ] [0ac700b85ca8a472] [security_keys.go:185          ] [main                ] [                ] - Cluster join: Join key is missing. Pending for 45 seconds with 2m0s timeout [startup]
2025-03-12T15:05:56.938Z [jfevt] [INFO ] [0ac700b85ca8a472] [security_keys.go:185          ] [main                ] [                ] - Cluster join: Join key is missing. Pending for 50 seconds with 2m0s timeout [startup]
2025-03-12T15:06:01.967Z [jfevt] [INFO ] [0ac700b85ca8a472] [security_keys.go:185          ] [main                ] [                ] - Cluster join: Join key is missing. Pending for 55 seconds with 2m0s timeout [startup]
2025-03-12T15:06:07.075Z [jfevt] [INFO ] [0ac700b85ca8a472] [security_keys.go:185          ] [main                ] [                ] - Cluster join: Join key is missing. Pending for 60 seconds with 2m0s timeout [startup]
2025-03-12T15:06:12.083Z [jfevt] [INFO ] [0ac700b85ca8a472] [security_keys.go:185          ] [main                ] [                ] - Cluster join: Join key is missing. Pending for 65 seconds with 2m0s timeout [startup]
2025-03-12T15:06:17.182Z [jfevt] [INFO ] [0ac700b85ca8a472] [security_keys.go:185          ] [main                ] [                ] - Cluster join: Join key is missing. Pending for 70 seconds with 2m0s timeout [startup]
2025-03-12T15:06:22.351Z [jfevt] [INFO ] [0ac700b85ca8a472] [security_keys.go:185          ] [main                ] [                ] - Cluster join: Join key is missing. Pending for 75 seconds with 2m0s timeout [startup]
2025-03-12T15:06:27.367Z [jfevt] [INFO ] [0ac700b85ca8a472] [security_keys.go:185          ] [main                ] [                ] - Cluster join: Join key is missing. Pending for 80 seconds with 2m0s timeout [startup]
2025-03-12T15:06:32.524Z [jfevt] [INFO ] [0ac700b85ca8a472] [security_keys.go:185          ] [main                ] [                ] - Cluster join: Join key is missing. Pending for 85 seconds with 2m0s timeout [startup]
2025-03-12T15:06:37.537Z [jfevt] [INFO ] [0ac700b85ca8a472] [security_keys.go:185          ] [main                ] [                ] - Cluster join: Join key is missing. Pending for 90 seconds with 2m0s timeout [startup]
2025-03-12T15:06:42.667Z [jfevt] [INFO ] [0ac700b85ca8a472] [security_keys.go:185          ] [main                ] [                ] - Cluster join: Join key is missing. Pending for 95 seconds with 2m0s timeout [startup]
2025-03-12T15:06:47.679Z [jfevt] [INFO ] [0ac700b85ca8a472] [security_keys.go:185          ] [main                ] [                ] - Cluster join: Join key is missing. Pending for 100 seconds with 2m0s timeout [startup]
2025-03-12T15:06:52.834Z [jfevt] [INFO ] [0ac700b85ca8a472] [security_keys.go:185          ] [main                ] [                ] - Cluster join: Join key is missing. Pending for 105 seconds with 2m0s timeout [startup]
2025-03-12T15:06:56.879Z [jfevt] [INFO ] [0ac700b85ca8a472] [security_keys.go:185          ] [main                ] [                ] - Cluster join: Join key is missing. Pending for 110 seconds with 2m0s timeout [startup]
2025-03-12T15:07:01.890Z [jfevt] [INFO ] [0ac700b85ca8a472] [security_keys.go:185          ] [main                ] [                ] - Cluster join: Join key is missing. Pending for 115 seconds with 2m0s timeout [startup]
2025-03-12T15:07:06.841Z [jfevt] [FATAL] [0ac700b85ca8a472] [bootstrap.go:144              ] [main                ] [                ] - Cluster join: Failed resolving join key: failed resolving 'shared.security.joinKey' key; file does not exist: /opt/jfrog/artifactory/var/etc/security/join.key [startup]
2025-03-12T15:14:36.653Z [jfevt] [INFO ] [1b9a66186ef7a3b4] [bootstrap.go:54               ] [main                ] [                ] - Effective configuration:
artifactory.pid (Environment Variable: JF_ARTIFACTORY_PID): /opt/jfrog/artifactory/app/run/artifactory.pid
artifactory.user (Environment Variable: JF_ARTIFACTORY_USER): artifactory
configVersion (File): 1
event.accessClient.joinTimeout (Default Value): 3m
event.accessClient.pingTimeout (Default Value): 2m
event.artifactoryClient.request.timeout (Default Value): 5s
event.baseUrlCache.interval (Default Value): 5m
event.customWebhooks.enabled (Default Value): true
event.customWebhooks.maxIdleConnections (Default Value): 100
event.customWebhooks.maxIdleConnectionsPerHost (Default Value): 100
event.customWebhooks.retryCount (Default Value): 5
event.customWebhooks.retryWaitMillis (Default Value): 10000
event.customWebhooks.sizeLimits.headersMaxCount (Default Value): 50
event.customWebhooks.sizeLimits.headersMaxSizeBytes (Default Value): 5120
event.customWebhooks.sizeLimits.payloadMaxSizeBytes (Default Value): 51200
event.customWebhooks.sizeLimits.secretsMaxCount (Default Value): 50
event.customWebhooks.sizeLimits.secretsMaxSizeBytes (Default Value): 5120
event.customWebhooks.timeoutMillis (Default Value): 30000
event.customWebhooks.tlsInsecure (Default Value): false
event.domainCache.interval (Default Value): 5m
event.grpcPort (Default Value): 8062
event.logging.application.caller (Default Value): false
event.logging.application.console (Default Value): true
event.logging.application.filePath (Default Value): event-service.log
event.logging.application.format (Default Value): jftext
event.logging.application.level (Default Value): info
event.logging.application.rotation.compress (Default Value): true
event.logging.application.rotation.keepLastDecompressed (Default Value): 1
event.logging.application.rotation.maxAgeDays (Default Value): 365
event.logging.application.rotation.maxFiles (Default Value): 10
event.logging.application.rotation.maxSizeMb (Default Value): 25
event.logging.consoleLog.format (Default Value): jftext
event.logging.metrics.console (Default Value): false
event.logging.metrics.filePath (Default Value): event-metrics.log
event.logging.metrics.rotation.compress (Default Value): true
event.logging.metrics.rotation.keepLastDecompressed (Default Value): 1
event.logging.metrics.rotation.maxAgeDays (Default Value): 365
event.logging.metrics.rotation.maxFiles (Default Value): 10
event.logging.metrics.rotation.maxSizeMb (Default Value): 25
event.logging.request.console (Default Value): false
event.logging.request.filePath (Default Value): event-request.log
event.logging.request.rotation.compress (Default Value): true
event.logging.request.rotation.keepLastDecompressed (Default Value): 1
event.logging.request.rotation.maxAgeDays (Default Value): 365
event.logging.request.rotation.maxFiles (Default Value): 10
event.logging.request.rotation.maxSizeMb (Default Value): 25
event.metrics.enabled (Default Value): false
event.metrics.exclude (Default Value): []
event.metrics.interval (Default Value): 10s
event.metrics.triggers.enabled (Default Value): true
event.metrics.triggers.intervalMillis (Default Value): 20000
event.metrics.triggers.limit (Default Value): 1000000
event.port (Default Value): 8061
event.profiling.enabled (Default Value): false
event.proxyCache.interval (Default Value): 5m
event.rateLimit.burstSize (Default Value): 10000
event.rateLimit.frequency (Default Value): 1000
event.rateLimit.maxConcurrentHandlers (Default Value): 50000
event.security.blacklist.enabled (Default Value): true
event.security.blacklist.timeoutMillis (Default Value): 5000
event.supportBundle.aggregationTimeout (Default Value): 1h
event.tokenCache.timeout (Default Value): 1m
event.webhooks.maxIdleConnections (Default Value): 100
event.webhooks.maxIdleConnectionsPerHost (Default Value): 100
event.webhooks.retryCount (Default Value): 5
event.webhooks.retryWait (Default Value): 10s
event.webhooks.sizeLimits.headersMaxCount (Default Value): 50
event.webhooks.sizeLimits.headersMaxSizeBytes (Default Value): 5120
event.webhooks.timeout (Default Value): 30s
event.webhooks.tlsInsecure (Default Value): false
event.webhooks.urlStrictPolicy (Default Value): true
metadata.accessclient.url (Environment Variable: JF_METADATA_ACCESSCLIENT_URL): http://localhost:8081/access
product.data.internal (Environment Variable: JF_PRODUCT_DATA_INTERNAL): /var/opt/jfrog/artifactory
product.home (Environment Variable: JF_PRODUCT_HOME): /opt/jfrog/artifactory
router.entrypoints.internalPort (Default Value): 8046
router.topology.local.requiredservicetypes (Environment Variable: JF_ROUTER_TOPOLOGY_LOCAL_REQUIREDSERVICETYPES): jfrt,jfac,jfmd,jffe,jfob,jfint,jfevt
shared.database (File): <nil>
shared.database.password (Environment Variable: JF_SHARED_DATABASE_PASSWORD): *****
shared.database.type (Environment Variable: JF_SHARED_DATABASE_TYPE): postgresql
shared.database.url (Environment Variable: JF_SHARED_DATABASE_URL): jdbc:postgresql://postgres:5432/artifactorydb
shared.database.user (Environment Variable: JF_SHARED_DATABASE_USER): artifactory
shared.extrajavaopts (Environment Variable: JF_SHARED_EXTRAJAVAOPTS): -Xms512m -Xmx2g
shared.multiTenant.cellId (Default Value): 
shared.multiTenant.enabled (Default Value): false
shared.multiTenant.tenantRegistryClient.caCert (Default Value): 
shared.multiTenant.tenantRegistryClient.cacheExpirationSecs (Default Value): 21600
shared.multiTenant.tenantRegistryClient.clientCert (Default Value): 
shared.multiTenant.tenantRegistryClient.clientCertKey (Default Value): *****
shared.multiTenant.tenantRegistryClient.dialTimeoutSecs (Default Value): 10
shared.multiTenant.tenantRegistryClient.endpoints (Default Value): 
shared.multiTenant.tenantRegistryClient.pingCacheExpirationSecs (Default Value): 15
shared.multiTenant.tenantRegistryClient.pingTimeoutSecs (Default Value): 1
shared.multiTenant.tenantRegistryClient.requestTimeoutSecs (Default Value): 30
shared.newrelic.appName (Default Value): 
shared.newrelic.distributedTracerEnabled (Default Value): true
shared.newrelic.enableDebugLog (Default Value): false
shared.newrelic.enabled (Default Value): false
shared.newrelic.licenseKey (Default Value): *****
shared.node (File): <nil>
shared.node.id (Environment Variable: JF_SHARED_NODE_ID): c9d950aef59c
shared.node.ip (Environment Variable: JF_SHARED_NODE_IP): 172.19.0.3
shared.node.name (Environment Variable: JF_SHARED_NODE_NAME): c9d950aef59c
shared.security (File): <nil>
shared.security.ExposeApplicationHeaders (Default Value): false
shared.security.bootstrapKeysReadTimeoutSecs (Default Value): 120
shared.security.joinKeyFile (Default Value): etc/security/join.key
shared.security.masterKeyFile (Default Value): etc/security/master.key
system.yaml (Environment Variable: JF_SYSTEM_YAML): /opt/jfrog/artifactory/var/etc/system.yaml [startup]
2025-03-12T15:14:41.667Z [jfevt] [INFO ] [1b9a66186ef7a3b4] [security_keys.go:185          ] [main                ] [                ] - Cluster join: Join key is missing. Pending for 5 seconds with 2m0s timeout [startup]
2025-03-12T15:14:46.703Z [jfevt] [INFO ] [1b9a66186ef7a3b4] [security_keys.go:185          ] [main                ] [                ] - Cluster join: Join key is missing. Pending for 10 seconds with 2m0s timeout [startup]
2025-03-12T15:14:51.716Z [jfevt] [INFO ] [1b9a66186ef7a3b4] [security_keys.go:185          ] [main                ] [                ] - Cluster join: Join key is missing. Pending for 15 seconds with 2m0s timeout [startup]
2025-03-12T15:14:56.739Z [jfevt] [INFO ] [1b9a66186ef7a3b4] [security_keys.go:185          ] [main                ] [                ] - Cluster join: Join key is missing. Pending for 20 seconds with 2m0s timeout [startup]
2025-03-12T15:15:01.755Z [jfevt] [INFO ] [1b9a66186ef7a3b4] [security_keys.go:185          ] [main                ] [                ] - Cluster join: Join key is missing. Pending for 25 seconds with 2m0s timeout [startup]
2025-03-12T15:15:06.779Z [jfevt] [INFO ] [1b9a66186ef7a3b4] [security_keys.go:185          ] [main                ] [                ] - Cluster join: Join key is missing. Pending for 30 seconds with 2m0s timeout [startup]
2025-03-12T15:15:11.796Z [jfevt] [INFO ] [1b9a66186ef7a3b4] [security_keys.go:185          ] [main                ] [                ] - Cluster join: Join key is missing. Pending for 35 seconds with 2m0s timeout [startup]
2025-03-12T15:15:16.819Z [jfevt] [INFO ] [1b9a66186ef7a3b4] [security_keys.go:185          ] [main                ] [                ] - Cluster join: Join key is missing. Pending for 40 seconds with 2m0s timeout [startup]
2025-03-12T15:15:21.834Z [jfevt] [INFO ] [1b9a66186ef7a3b4] [security_keys.go:185          ] [main                ] [                ] - Cluster join: Join key is missing. Pending for 45 seconds with 2m0s timeout [startup]
2025-03-12T15:15:26.859Z [jfevt] [INFO ] [1b9a66186ef7a3b4] [security_keys.go:185          ] [main                ] [                ] - Cluster join: Join key is missing. Pending for 50 seconds with 2m0s timeout [startup]
2025-03-12T15:15:31.881Z [jfevt] [INFO ] [1b9a66186ef7a3b4] [security_keys.go:185          ] [main                ] [                ] - Cluster join: Join key is missing. Pending for 55 seconds with 2m0s timeout [startup]
2025-03-12T15:15:36.907Z [jfevt] [INFO ] [1b9a66186ef7a3b4] [security_keys.go:185          ] [main                ] [                ] - Cluster join: Join key is missing. Pending for 60 seconds with 2m0s timeout [startup]
2025-03-12T15:15:41.929Z [jfevt] [INFO ] [1b9a66186ef7a3b4] [security_keys.go:185          ] [main                ] [                ] - Cluster join: Join key is missing. Pending for 65 seconds with 2m0s timeout [startup]
2025-03-12T15:15:46.956Z [jfevt] [INFO ] [1b9a66186ef7a3b4] [security_keys.go:185          ] [main                ] [                ] - Cluster join: Join key is missing. Pending for 70 seconds with 2m0s timeout [startup]
2025-03-12T15:15:51.976Z [jfevt] [INFO ] [1b9a66186ef7a3b4] [security_keys.go:185          ] [main                ] [                ] - Cluster join: Join key is missing. Pending for 75 seconds with 2m0s timeout [startup]
2025-03-12T15:15:57.001Z [jfevt] [INFO ] [1b9a66186ef7a3b4] [security_keys.go:185          ] [main                ] [                ] - Cluster join: Join key is missing. Pending for 80 seconds with 2m0s timeout [startup]
2025-03-12T15:16:02.023Z [jfevt] [INFO ] [1b9a66186ef7a3b4] [security_keys.go:185          ] [main                ] [                ] - Cluster join: Join key is missing. Pending for 85 seconds with 2m0s timeout [startup]
2025-03-12T15:16:07.049Z [jfevt] [INFO ] [1b9a66186ef7a3b4] [security_keys.go:185          ] [main                ] [                ] - Cluster join: Join key is missing. Pending for 90 seconds with 2m0s timeout [startup]
2025-03-12T15:16:12.074Z [jfevt] [INFO ] [1b9a66186ef7a3b4] [security_keys.go:185          ] [main                ] [                ] - Cluster join: Join key is missing. Pending for 95 seconds with 2m0s timeout [startup]
2025-03-12T15:16:17.096Z [jfevt] [INFO ] [1b9a66186ef7a3b4] [security_keys.go:185          ] [main                ] [                ] - Cluster join: Join key is missing. Pending for 100 seconds with 2m0s timeout [startup]
2025-03-12T15:16:22.112Z [jfevt] [INFO ] [1b9a66186ef7a3b4] [security_keys.go:185          ] [main                ] [                ] - Cluster join: Join key is missing. Pending for 105 seconds with 2m0s timeout [startup]
2025-03-12T15:16:27.129Z [jfevt] [INFO ] [1b9a66186ef7a3b4] [security_keys.go:185          ] [main                ] [                ] - Cluster join: Join key is missing. Pending for 110 seconds with 2m0s timeout [startup]
2025-03-12T15:16:32.149Z [jfevt] [INFO ] [1b9a66186ef7a3b4] [security_keys.go:185          ] [main                ] [                ] - Cluster join: Join key is missing. Pending for 115 seconds with 2m0s timeout [startup]
2025-03-12T15:16:36.647Z [jfevt] [FATAL] [1b9a66186ef7a3b4] [bootstrap.go:144              ] [main                ] [                ] - Cluster join: Failed resolving join key: failed resolving 'shared.security.joinKey' key; file does not exist: /opt/jfrog/artifactory/var/etc/security/join.key [startup]
2025-03-12T15:23:39.420Z [jfevt] [INFO ] [63f8fc837a885d70] [bootstrap.go:54               ] [main                ] [                ] - Effective configuration:
artifactory.pid (Environment Variable: JF_ARTIFACTORY_PID): /opt/jfrog/artifactory/app/run/artifactory.pid
artifactory.user (Environment Variable: JF_ARTIFACTORY_USER): artifactory
configVersion (File): 1
event.accessClient.joinTimeout (Default Value): 3m
event.accessClient.pingTimeout (Default Value): 2m
event.artifactoryClient.request.timeout (Default Value): 5s
event.baseUrlCache.interval (Default Value): 5m
event.customWebhooks.enabled (Default Value): true
event.customWebhooks.maxIdleConnections (Default Value): 100
event.customWebhooks.maxIdleConnectionsPerHost (Default Value): 100
event.customWebhooks.retryCount (Default Value): 5
event.customWebhooks.retryWaitMillis (Default Value): 10000
event.customWebhooks.sizeLimits.headersMaxCount (Default Value): 50
event.customWebhooks.sizeLimits.headersMaxSizeBytes (Default Value): 5120
event.customWebhooks.sizeLimits.payloadMaxSizeBytes (Default Value): 51200
event.customWebhooks.sizeLimits.secretsMaxCount (Default Value): 50
event.customWebhooks.sizeLimits.secretsMaxSizeBytes (Default Value): 5120
event.customWebhooks.timeoutMillis (Default Value): 30000
event.customWebhooks.tlsInsecure (Default Value): false
event.domainCache.interval (Default Value): 5m
event.grpcPort (Default Value): 8062
event.logging.application.caller (Default Value): false
event.logging.application.console (Default Value): true
event.logging.application.filePath (Default Value): event-service.log
event.logging.application.format (Default Value): jftext
event.logging.application.level (Default Value): info
event.logging.application.rotation.compress (Default Value): true
event.logging.application.rotation.keepLastDecompressed (Default Value): 1
event.logging.application.rotation.maxAgeDays (Default Value): 365
event.logging.application.rotation.maxFiles (Default Value): 10
event.logging.application.rotation.maxSizeMb (Default Value): 25
event.logging.consoleLog.format (Default Value): jftext
event.logging.metrics.console (Default Value): false
event.logging.metrics.filePath (Default Value): event-metrics.log
event.logging.metrics.rotation.compress (Default Value): true
event.logging.metrics.rotation.keepLastDecompressed (Default Value): 1
event.logging.metrics.rotation.maxAgeDays (Default Value): 365
event.logging.metrics.rotation.maxFiles (Default Value): 10
event.logging.metrics.rotation.maxSizeMb (Default Value): 25
event.logging.request.console (Default Value): false
event.logging.request.filePath (Default Value): event-request.log
event.logging.request.rotation.compress (Default Value): true
event.logging.request.rotation.keepLastDecompressed (Default Value): 1
event.logging.request.rotation.maxAgeDays (Default Value): 365
event.logging.request.rotation.maxFiles (Default Value): 10
event.logging.request.rotation.maxSizeMb (Default Value): 25
event.metrics.enabled (Default Value): false
event.metrics.exclude (Default Value): []
event.metrics.interval (Default Value): 10s
event.metrics.triggers.enabled (Default Value): true
event.metrics.triggers.intervalMillis (Default Value): 20000
event.metrics.triggers.limit (Default Value): 1000000
event.port (Default Value): 8061
event.profiling.enabled (Default Value): false
event.proxyCache.interval (Default Value): 5m
event.rateLimit.burstSize (Default Value): 10000
event.rateLimit.frequency (Default Value): 1000
event.rateLimit.maxConcurrentHandlers (Default Value): 50000
event.security.blacklist.enabled (Default Value): true
event.security.blacklist.timeoutMillis (Default Value): 5000
event.supportBundle.aggregationTimeout (Default Value): 1h
event.tokenCache.timeout (Default Value): 1m
event.webhooks.maxIdleConnections (Default Value): 100
event.webhooks.maxIdleConnectionsPerHost (Default Value): 100
event.webhooks.retryCount (Default Value): 5
event.webhooks.retryWait (Default Value): 10s
event.webhooks.sizeLimits.headersMaxCount (Default Value): 50
event.webhooks.sizeLimits.headersMaxSizeBytes (Default Value): 5120
event.webhooks.timeout (Default Value): 30s
event.webhooks.tlsInsecure (Default Value): false
event.webhooks.urlStrictPolicy (Default Value): true
metadata.accessclient.url (Environment Variable: JF_METADATA_ACCESSCLIENT_URL): http://localhost:8081/access
product.data.internal (Environment Variable: JF_PRODUCT_DATA_INTERNAL): /var/opt/jfrog/artifactory
product.home (Environment Variable: JF_PRODUCT_HOME): /opt/jfrog/artifactory
router.entrypoints.internalPort (Default Value): 8046
router.topology.local.requiredservicetypes (Environment Variable: JF_ROUTER_TOPOLOGY_LOCAL_REQUIREDSERVICETYPES): jfrt,jfac,jfmd,jffe,jfob,jfint,jfevt
shared.database (File): <nil>
shared.database.password (Environment Variable: JF_SHARED_DATABASE_PASSWORD): *****
shared.database.type (Environment Variable: JF_SHARED_DATABASE_TYPE): postgresql
shared.database.url (Environment Variable: JF_SHARED_DATABASE_URL): jdbc:postgresql://postgres:5432/artifactorydb
shared.database.user (Environment Variable: JF_SHARED_DATABASE_USER): artifactory
shared.extrajavaopts (Environment Variable: JF_SHARED_EXTRAJAVAOPTS): -Xms512m -Xmx2g
shared.multiTenant.cellId (Default Value): 
shared.multiTenant.enabled (Default Value): false
shared.multiTenant.tenantRegistryClient.caCert (Default Value): 
shared.multiTenant.tenantRegistryClient.cacheExpirationSecs (Default Value): 21600
shared.multiTenant.tenantRegistryClient.clientCert (Default Value): 
shared.multiTenant.tenantRegistryClient.clientCertKey (Default Value): *****
shared.multiTenant.tenantRegistryClient.dialTimeoutSecs (Default Value): 10
shared.multiTenant.tenantRegistryClient.endpoints (Default Value): 
shared.multiTenant.tenantRegistryClient.pingCacheExpirationSecs (Default Value): 15
shared.multiTenant.tenantRegistryClient.pingTimeoutSecs (Default Value): 1
shared.multiTenant.tenantRegistryClient.requestTimeoutSecs (Default Value): 30
shared.newrelic.appName (Default Value): 
shared.newrelic.distributedTracerEnabled (Default Value): true
shared.newrelic.enableDebugLog (Default Value): false
shared.newrelic.enabled (Default Value): false
shared.newrelic.licenseKey (Default Value): *****
shared.node (File): <nil>
shared.node.id (Environment Variable: JF_SHARED_NODE_ID): c9d950aef59c
shared.node.ip (Environment Variable: JF_SHARED_NODE_IP): 172.19.0.3
shared.node.name (Environment Variable: JF_SHARED_NODE_NAME): c9d950aef59c
shared.security (File): <nil>
shared.security.ExposeApplicationHeaders (Default Value): false
shared.security.bootstrapKeysReadTimeoutSecs (Default Value): 120
shared.security.joinKeyFile (Default Value): etc/security/join.key
shared.security.masterKeyFile (Default Value): etc/security/master.key
system.yaml (Environment Variable: JF_SYSTEM_YAML): /opt/jfrog/artifactory/var/etc/system.yaml [startup]
2025-03-12T15:23:39.446Z [jfevt] [FATAL] [63f8fc837a885d70] [bootstrap.go:144              ] [main                ] [                ] - Cluster join: Failed resolving join key: Corrupted join key: encoding/hex: invalid byte: U+0069 'i' [startup]
2025-03-12T15:38:17.203Z [jfevt] [INFO ] [79a08055d62aeaee] [bootstrap.go:54               ] [main                ] [                ] - Effective configuration:
artifactory.pid (Environment Variable: JF_ARTIFACTORY_PID): /opt/jfrog/artifactory/app/run/artifactory.pid
artifactory.user (Environment Variable: JF_ARTIFACTORY_USER): artifactory
configVersion (File): 1
event.accessClient.joinTimeout (Default Value): 3m
event.accessClient.pingTimeout (Default Value): 2m
event.artifactoryClient.request.timeout (Default Value): 5s
event.baseUrlCache.interval (Default Value): 5m
event.customWebhooks.enabled (Default Value): true
event.customWebhooks.maxIdleConnections (Default Value): 100
event.customWebhooks.maxIdleConnectionsPerHost (Default Value): 100
event.customWebhooks.retryCount (Default Value): 5
event.customWebhooks.retryWaitMillis (Default Value): 10000
event.customWebhooks.sizeLimits.headersMaxCount (Default Value): 50
event.customWebhooks.sizeLimits.headersMaxSizeBytes (Default Value): 5120
event.customWebhooks.sizeLimits.payloadMaxSizeBytes (Default Value): 51200
event.customWebhooks.sizeLimits.secretsMaxCount (Default Value): 50
event.customWebhooks.sizeLimits.secretsMaxSizeBytes (Default Value): 5120
event.customWebhooks.timeoutMillis (Default Value): 30000
event.customWebhooks.tlsInsecure (Default Value): false
event.domainCache.interval (Default Value): 5m
event.grpcPort (Default Value): 8062
event.logging.application.caller (Default Value): false
event.logging.application.console (Default Value): true
event.logging.application.filePath (Default Value): event-service.log
event.logging.application.format (Default Value): jftext
event.logging.application.level (Default Value): info
event.logging.application.rotation.compress (Default Value): true
event.logging.application.rotation.keepLastDecompressed (Default Value): 1
event.logging.application.rotation.maxAgeDays (Default Value): 365
event.logging.application.rotation.maxFiles (Default Value): 10
event.logging.application.rotation.maxSizeMb (Default Value): 25
event.logging.consoleLog.format (Default Value): jftext
event.logging.metrics.console (Default Value): false
event.logging.metrics.filePath (Default Value): event-metrics.log
event.logging.metrics.rotation.compress (Default Value): true
event.logging.metrics.rotation.keepLastDecompressed (Default Value): 1
event.logging.metrics.rotation.maxAgeDays (Default Value): 365
event.logging.metrics.rotation.maxFiles (Default Value): 10
event.logging.metrics.rotation.maxSizeMb (Default Value): 25
event.logging.request.console (Default Value): false
event.logging.request.filePath (Default Value): event-request.log
event.logging.request.rotation.compress (Default Value): true
event.logging.request.rotation.keepLastDecompressed (Default Value): 1
event.logging.request.rotation.maxAgeDays (Default Value): 365
event.logging.request.rotation.maxFiles (Default Value): 10
event.logging.request.rotation.maxSizeMb (Default Value): 25
event.metrics.enabled (Default Value): false
event.metrics.exclude (Default Value): []
event.metrics.interval (Default Value): 10s
event.metrics.triggers.enabled (Default Value): true
event.metrics.triggers.intervalMillis (Default Value): 20000
event.metrics.triggers.limit (Default Value): 1000000
event.port (Default Value): 8061
event.profiling.enabled (Default Value): false
event.proxyCache.interval (Default Value): 5m
event.rateLimit.burstSize (Default Value): 10000
event.rateLimit.frequency (Default Value): 1000
event.rateLimit.maxConcurrentHandlers (Default Value): 50000
event.security.blacklist.enabled (Default Value): true
event.security.blacklist.timeoutMillis (Default Value): 5000
event.supportBundle.aggregationTimeout (Default Value): 1h
event.tokenCache.timeout (Default Value): 1m
event.webhooks.maxIdleConnections (Default Value): 100
event.webhooks.maxIdleConnectionsPerHost (Default Value): 100
event.webhooks.retryCount (Default Value): 5
event.webhooks.retryWait (Default Value): 10s
event.webhooks.sizeLimits.headersMaxCount (Default Value): 50
event.webhooks.sizeLimits.headersMaxSizeBytes (Default Value): 5120
event.webhooks.timeout (Default Value): 30s
event.webhooks.tlsInsecure (Default Value): false
event.webhooks.urlStrictPolicy (Default Value): true
metadata.accessclient.url (Environment Variable: JF_METADATA_ACCESSCLIENT_URL): http://localhost:8081/access
product.data.internal (Environment Variable: JF_PRODUCT_DATA_INTERNAL): /var/opt/jfrog/artifactory
product.home (Environment Variable: JF_PRODUCT_HOME): /opt/jfrog/artifactory
router.entrypoints.internalPort (Default Value): 8046
router.topology.local.requiredservicetypes (Environment Variable: JF_ROUTER_TOPOLOGY_LOCAL_REQUIREDSERVICETYPES): jfrt,jfac,jfmd,jffe,jfob,jfint,jfevt
shared.database (File): <nil>
shared.database.password (Environment Variable: JF_SHARED_DATABASE_PASSWORD): *****
shared.database.type (Environment Variable: JF_SHARED_DATABASE_TYPE): postgresql
shared.database.url (Environment Variable: JF_SHARED_DATABASE_URL): jdbc:postgresql://postgres:5432/artifactorydb
shared.database.user (Environment Variable: JF_SHARED_DATABASE_USER): artifactory
shared.extrajavaopts (Environment Variable: JF_SHARED_EXTRAJAVAOPTS): -Xms512m -Xmx2g
shared.multiTenant.cellId (Default Value): 
shared.multiTenant.enabled (Default Value): false
shared.multiTenant.tenantRegistryClient.caCert (Default Value): 
shared.multiTenant.tenantRegistryClient.cacheExpirationSecs (Default Value): 21600
shared.multiTenant.tenantRegistryClient.clientCert (Default Value): 
shared.multiTenant.tenantRegistryClient.clientCertKey (Default Value): *****
shared.multiTenant.tenantRegistryClient.dialTimeoutSecs (Default Value): 10
shared.multiTenant.tenantRegistryClient.endpoints (Default Value): 
shared.multiTenant.tenantRegistryClient.pingCacheExpirationSecs (Default Value): 15
shared.multiTenant.tenantRegistryClient.pingTimeoutSecs (Default Value): 1
shared.multiTenant.tenantRegistryClient.requestTimeoutSecs (Default Value): 30
shared.newrelic.appName (Default Value): 
shared.newrelic.distributedTracerEnabled (Default Value): true
shared.newrelic.enableDebugLog (Default Value): false
shared.newrelic.enabled (Default Value): false
shared.newrelic.licenseKey (Default Value): *****
shared.node (File): <nil>
shared.node.id (Environment Variable: JF_SHARED_NODE_ID): c9d950aef59c
shared.node.ip (Environment Variable: JF_SHARED_NODE_IP): 172.19.0.3
shared.node.name (Environment Variable: JF_SHARED_NODE_NAME): c9d950aef59c
shared.security (File): <nil>
shared.security.ExposeApplicationHeaders (Default Value): false
shared.security.bootstrapKeysReadTimeoutSecs (Default Value): 120
shared.security.joinKeyFile (Default Value): etc/security/join.key
shared.security.masterKeyFile (Default Value): etc/security/master.key
system.yaml (Environment Variable: JF_SYSTEM_YAML): /opt/jfrog/artifactory/var/etc/system.yaml [startup]
2025-03-12T15:38:17.216Z [jfevt] [FATAL] [79a08055d62aeaee] [bootstrap.go:144              ] [main                ] [                ] - Cluster join: Failed resolving join key: Corrupted join key: encoding/hex: invalid byte: U+0069 'i' [startup]
