12-Mar-2025 14:54:13.601 INFO [Catalina-utility-1] org.apache.catalina.core.ApplicationContext.log 1 Spring WebApplicationInitializers detected on classpath
12-Mar-2025 14:54:18.377 SEVERE [Catalina-utility-2] org.apache.catalina.core.StandardContext.listenerStart Exception sending context initialized event to listener instance of class [org.artifactory.lifecycle.webapp.servlet.ArtifactoryHomeConfigListener]
	java.lang.IllegalStateException: Driver org.apache.derby.jdbc.EmbeddedDriver claims to not accept jdbcUrl, jdbc:postgresql://postgres:5432/artifactorydb
		at org.artifactory.converter.VersionProviderImpl.init(VersionProviderImpl.java:114)
		at org.artifactory.lifecycle.webapp.servlet.BasicConfigurationManager.initVersion(BasicConfigurationManager.java:160)
		at org.artifactory.lifecycle.webapp.servlet.BasicConfigurationManager.initArtifactoryInstallation(BasicConfigurationManager.java:139)
		at org.artifactory.lifecycle.webapp.servlet.BasicConfigurationManager.initialize(BasicConfigurationManager.java:126)
		at org.artifactory.lifecycle.webapp.servlet.ArtifactoryHomeConfigListener.initBasicConfigManager(ArtifactoryHomeConfigListener.java:61)
		at org.artifactory.lifecycle.webapp.servlet.ArtifactoryHomeConfigListener.contextInitialized(ArtifactoryHomeConfigListener.java:53)
		at org.apache.catalina.core.StandardContext.listenerStart(StandardContext.java:4494)
		at org.apache.catalina.core.StandardContext.startInternal(StandardContext.java:4946)
		at org.apache.catalina.util.LifecycleBase.start(LifecycleBase.java:183)
		at org.apache.catalina.core.ContainerBase.addChildInternal(ContainerBase.java:683)
		at org.apache.catalina.core.ContainerBase.addChild(ContainerBase.java:658)
		at org.apache.catalina.core.StandardHost.addChild(StandardHost.java:662)
		at org.apache.catalina.startup.HostConfig.deployDescriptor(HostConfig.java:689)
		at org.apache.catalina.startup.HostConfig$DeployDescriptor.run(HostConfig.java:1888)
		at java.base/java.util.concurrent.Executors$RunnableAdapter.call(Executors.java:539)
		at java.base/java.util.concurrent.FutureTask.run(FutureTask.java:264)
		at java.base/java.util.concurrent.ScheduledThreadPoolExecutor$ScheduledFutureTask.run(ScheduledThreadPoolExecutor.java:304)
		at java.base/java.util.concurrent.ThreadPoolExecutor.runWorker(ThreadPoolExecutor.java:1136)
		at java.base/java.util.concurrent.ThreadPoolExecutor$Worker.run(ThreadPoolExecutor.java:635)
		at org.apache.tomcat.util.threads.TaskThread$WrappingRunnable.run(TaskThread.java:61)
		at java.base/java.lang.Thread.run(Thread.java:833)
	Caused by: java.lang.RuntimeException: Driver org.apache.derby.jdbc.EmbeddedDriver claims to not accept jdbcUrl, jdbc:postgresql://postgres:5432/artifactorydb
		at com.zaxxer.hikari.util.DriverDataSource.<init>(DriverDataSource.java:110)
		at com.zaxxer.hikari.pool.PoolBase.initializeDataSource(PoolBase.java:325)
		at com.zaxxer.hikari.pool.PoolBase.<init>(PoolBase.java:114)
		at com.zaxxer.hikari.pool.HikariPool.<init>(HikariPool.java:108)
		at com.zaxxer.hikari.HikariDataSource.getConnection(HikariDataSource.java:112)
		at org.jfrog.storage.wrapper.JFrogDataSourceWrapper.getConnection(JFrogDataSourceWrapper.java:104)
		at org.jfrog.storage.wrapper.JFrogDataSourceWrapper.invoke(JFrogDataSourceWrapper.java:73)
		at jdk.proxy4/jdk.proxy4.$Proxy18.getConnection(Unknown Source)
		at org.jfrog.storage.util.DbUtils.withMetadata(DbUtils.java:763)
		at org.jfrog.storage.util.DbUtils.tableExists(DbUtils.java:273)
		at org.artifactory.common.config.db.DbVersionDao.isDbPropertiesTableExists(DbVersionDao.java:62)
		at org.artifactory.converter.VersionProviderImpl.tryToResolveFromDb(VersionProviderImpl.java:202)
		at org.artifactory.converter.VersionProviderImpl.getCompoundVersionDetailsFromDbIfExists(VersionProviderImpl.java:127)
		at org.artifactory.converter.VersionProviderImpl.loadOriginalDbVersion(VersionProviderImpl.java:148)
		at org.artifactory.converter.VersionProviderImpl.init(VersionProviderImpl.java:109)
		... 20 more
12-Mar-2025 14:54:18.387 SEVERE [Catalina-utility-2] org.apache.catalina.core.StandardContext.listenerStart Exception sending context initialized event to listener instance of class [org.artifactory.lifecycle.webapp.servlet.ArtifactoryContextConfigListener]
	java.lang.IllegalStateException: Artifactory home not initialized.
		at org.artifactory.lifecycle.webapp.servlet.ArtifactoryContextConfigListener.getArtifactoryHome(ArtifactoryContextConfigListener.java:203)
		at org.artifactory.lifecycle.webapp.servlet.ArtifactoryContextConfigListener.setSessionTrackingMode(ArtifactoryContextConfigListener.java:184)
		at org.artifactory.lifecycle.webapp.servlet.ArtifactoryContextConfigListener.init(ArtifactoryContextConfigListener.java:99)
		at org.artifactory.lifecycle.webapp.servlet.ArtifactoryContextConfigListener.contextInitialized(ArtifactoryContextConfigListener.java:87)
		at org.apache.catalina.core.StandardContext.listenerStart(StandardContext.java:4494)
		at org.apache.catalina.core.StandardContext.startInternal(StandardContext.java:4946)
		at org.apache.catalina.util.LifecycleBase.start(LifecycleBase.java:183)
		at org.apache.catalina.core.ContainerBase.addChildInternal(ContainerBase.java:683)
		at org.apache.catalina.core.ContainerBase.addChild(ContainerBase.java:658)
		at org.apache.catalina.core.StandardHost.addChild(StandardHost.java:662)
		at org.apache.catalina.startup.HostConfig.deployDescriptor(HostConfig.java:689)
		at org.apache.catalina.startup.HostConfig$DeployDescriptor.run(HostConfig.java:1888)
		at java.base/java.util.concurrent.Executors$RunnableAdapter.call(Executors.java:539)
		at java.base/java.util.concurrent.FutureTask.run(FutureTask.java:264)
		at java.base/java.util.concurrent.ScheduledThreadPoolExecutor$ScheduledFutureTask.run(ScheduledThreadPoolExecutor.java:304)
		at java.base/java.util.concurrent.ThreadPoolExecutor.runWorker(ThreadPoolExecutor.java:1136)
		at java.base/java.util.concurrent.ThreadPoolExecutor$Worker.run(ThreadPoolExecutor.java:635)
		at org.apache.tomcat.util.threads.TaskThread$WrappingRunnable.run(TaskThread.java:61)
		at java.base/java.lang.Thread.run(Thread.java:833)
12-Mar-2025 14:54:26.322 INFO [Catalina-utility-1] org.apache.catalina.core.ApplicationContext.log Initializing Spring embedded WebApplicationContext
12-Mar-2025 15:05:11.343 INFO [Catalina-utility-1] org.apache.catalina.core.ApplicationContext.log 1 Spring WebApplicationInitializers detected on classpath
12-Mar-2025 15:05:11.641 SEVERE [Catalina-utility-2] org.apache.catalina.core.StandardContext.listenerStart Exception sending context initialized event to listener instance of class [org.artifactory.lifecycle.webapp.servlet.ArtifactoryHomeConfigListener]
	java.lang.IllegalStateException: Driver org.apache.derby.jdbc.EmbeddedDriver claims to not accept jdbcUrl, jdbc:postgresql://postgres:5432/artifactorydb
		at org.artifactory.converter.VersionProviderImpl.init(VersionProviderImpl.java:114)
		at org.artifactory.lifecycle.webapp.servlet.BasicConfigurationManager.initVersion(BasicConfigurationManager.java:160)
		at org.artifactory.lifecycle.webapp.servlet.BasicConfigurationManager.initArtifactoryInstallation(BasicConfigurationManager.java:139)
		at org.artifactory.lifecycle.webapp.servlet.BasicConfigurationManager.initialize(BasicConfigurationManager.java:126)
		at org.artifactory.lifecycle.webapp.servlet.ArtifactoryHomeConfigListener.initBasicConfigManager(ArtifactoryHomeConfigListener.java:61)
		at org.artifactory.lifecycle.webapp.servlet.ArtifactoryHomeConfigListener.contextInitialized(ArtifactoryHomeConfigListener.java:53)
		at org.apache.catalina.core.StandardContext.listenerStart(StandardContext.java:4494)
		at org.apache.catalina.core.StandardContext.startInternal(StandardContext.java:4946)
		at org.apache.catalina.util.LifecycleBase.start(LifecycleBase.java:183)
		at org.apache.catalina.core.ContainerBase.addChildInternal(ContainerBase.java:683)
		at org.apache.catalina.core.ContainerBase.addChild(ContainerBase.java:658)
		at org.apache.catalina.core.StandardHost.addChild(StandardHost.java:662)
		at org.apache.catalina.startup.HostConfig.deployDescriptor(HostConfig.java:689)
		at org.apache.catalina.startup.HostConfig$DeployDescriptor.run(HostConfig.java:1888)
		at java.base/java.util.concurrent.Executors$RunnableAdapter.call(Executors.java:539)
		at java.base/java.util.concurrent.FutureTask.run(FutureTask.java:264)
		at java.base/java.util.concurrent.ScheduledThreadPoolExecutor$ScheduledFutureTask.run(ScheduledThreadPoolExecutor.java:304)
		at java.base/java.util.concurrent.ThreadPoolExecutor.runWorker(ThreadPoolExecutor.java:1136)
		at java.base/java.util.concurrent.ThreadPoolExecutor$Worker.run(ThreadPoolExecutor.java:635)
		at org.apache.tomcat.util.threads.TaskThread$WrappingRunnable.run(TaskThread.java:61)
		at java.base/java.lang.Thread.run(Thread.java:833)
	Caused by: java.lang.RuntimeException: Driver org.apache.derby.jdbc.EmbeddedDriver claims to not accept jdbcUrl, jdbc:postgresql://postgres:5432/artifactorydb
		at com.zaxxer.hikari.util.DriverDataSource.<init>(DriverDataSource.java:110)
		at com.zaxxer.hikari.pool.PoolBase.initializeDataSource(PoolBase.java:325)
		at com.zaxxer.hikari.pool.PoolBase.<init>(PoolBase.java:114)
		at com.zaxxer.hikari.pool.HikariPool.<init>(HikariPool.java:108)
		at com.zaxxer.hikari.HikariDataSource.getConnection(HikariDataSource.java:112)
		at org.jfrog.storage.wrapper.JFrogDataSourceWrapper.getConnection(JFrogDataSourceWrapper.java:104)
		at org.jfrog.storage.wrapper.JFrogDataSourceWrapper.invoke(JFrogDataSourceWrapper.java:73)
		at jdk.proxy3/jdk.proxy3.$Proxy5.getConnection(Unknown Source)
		at org.jfrog.storage.util.DbUtils.withMetadata(DbUtils.java:763)
		at org.jfrog.storage.util.DbUtils.tableExists(DbUtils.java:273)
		at org.artifactory.common.config.db.DbVersionDao.isDbPropertiesTableExists(DbVersionDao.java:62)
		at org.artifactory.converter.VersionProviderImpl.tryToResolveFromDb(VersionProviderImpl.java:202)
		at org.artifactory.converter.VersionProviderImpl.getCompoundVersionDetailsFromDbIfExists(VersionProviderImpl.java:127)
		at org.artifactory.converter.VersionProviderImpl.loadOriginalDbVersion(VersionProviderImpl.java:148)
		at org.artifactory.converter.VersionProviderImpl.init(VersionProviderImpl.java:109)
		... 20 more
12-Mar-2025 15:05:11.645 SEVERE [Catalina-utility-2] org.apache.catalina.core.StandardContext.listenerStart Exception sending context initialized event to listener instance of class [org.artifactory.lifecycle.webapp.servlet.ArtifactoryContextConfigListener]
	java.lang.IllegalStateException: Artifactory home not initialized.
		at org.artifactory.lifecycle.webapp.servlet.ArtifactoryContextConfigListener.getArtifactoryHome(ArtifactoryContextConfigListener.java:203)
		at org.artifactory.lifecycle.webapp.servlet.ArtifactoryContextConfigListener.setSessionTrackingMode(ArtifactoryContextConfigListener.java:184)
		at org.artifactory.lifecycle.webapp.servlet.ArtifactoryContextConfigListener.init(ArtifactoryContextConfigListener.java:99)
		at org.artifactory.lifecycle.webapp.servlet.ArtifactoryContextConfigListener.contextInitialized(ArtifactoryContextConfigListener.java:87)
		at org.apache.catalina.core.StandardContext.listenerStart(StandardContext.java:4494)
		at org.apache.catalina.core.StandardContext.startInternal(StandardContext.java:4946)
		at org.apache.catalina.util.LifecycleBase.start(LifecycleBase.java:183)
		at org.apache.catalina.core.ContainerBase.addChildInternal(ContainerBase.java:683)
		at org.apache.catalina.core.ContainerBase.addChild(ContainerBase.java:658)
		at org.apache.catalina.core.StandardHost.addChild(StandardHost.java:662)
		at org.apache.catalina.startup.HostConfig.deployDescriptor(HostConfig.java:689)
		at org.apache.catalina.startup.HostConfig$DeployDescriptor.run(HostConfig.java:1888)
		at java.base/java.util.concurrent.Executors$RunnableAdapter.call(Executors.java:539)
		at java.base/java.util.concurrent.FutureTask.run(FutureTask.java:264)
		at java.base/java.util.concurrent.ScheduledThreadPoolExecutor$ScheduledFutureTask.run(ScheduledThreadPoolExecutor.java:304)
		at java.base/java.util.concurrent.ThreadPoolExecutor.runWorker(ThreadPoolExecutor.java:1136)
		at java.base/java.util.concurrent.ThreadPoolExecutor$Worker.run(ThreadPoolExecutor.java:635)
		at org.apache.tomcat.util.threads.TaskThread$WrappingRunnable.run(TaskThread.java:61)
		at java.base/java.lang.Thread.run(Thread.java:833)
12-Mar-2025 15:05:21.291 INFO [Catalina-utility-1] org.apache.catalina.core.ApplicationContext.log Initializing Spring embedded WebApplicationContext
12-Mar-2025 15:14:40.556 INFO [Catalina-utility-1] org.apache.catalina.core.ApplicationContext.log 1 Spring WebApplicationInitializers detected on classpath
12-Mar-2025 15:14:41.737 SEVERE [Catalina-utility-2] org.apache.catalina.core.StandardContext.listenerStart Exception sending context initialized event to listener instance of class [org.artifactory.lifecycle.webapp.servlet.ArtifactoryHomeConfigListener]
	java.lang.IllegalStateException: Driver org.apache.derby.jdbc.EmbeddedDriver claims to not accept jdbcUrl, jdbc:postgresql://postgres:5432/artifactorydb
		at org.artifactory.converter.VersionProviderImpl.init(VersionProviderImpl.java:114)
		at org.artifactory.lifecycle.webapp.servlet.BasicConfigurationManager.initVersion(BasicConfigurationManager.java:160)
		at org.artifactory.lifecycle.webapp.servlet.BasicConfigurationManager.initArtifactoryInstallation(BasicConfigurationManager.java:139)
		at org.artifactory.lifecycle.webapp.servlet.BasicConfigurationManager.initialize(BasicConfigurationManager.java:126)
		at org.artifactory.lifecycle.webapp.servlet.ArtifactoryHomeConfigListener.initBasicConfigManager(ArtifactoryHomeConfigListener.java:61)
		at org.artifactory.lifecycle.webapp.servlet.ArtifactoryHomeConfigListener.contextInitialized(ArtifactoryHomeConfigListener.java:53)
		at org.apache.catalina.core.StandardContext.listenerStart(StandardContext.java:4494)
		at org.apache.catalina.core.StandardContext.startInternal(StandardContext.java:4946)
		at org.apache.catalina.util.LifecycleBase.start(LifecycleBase.java:183)
		at org.apache.catalina.core.ContainerBase.addChildInternal(ContainerBase.java:683)
		at org.apache.catalina.core.ContainerBase.addChild(ContainerBase.java:658)
		at org.apache.catalina.core.StandardHost.addChild(StandardHost.java:662)
		at org.apache.catalina.startup.HostConfig.deployDescriptor(HostConfig.java:689)
		at org.apache.catalina.startup.HostConfig$DeployDescriptor.run(HostConfig.java:1888)
		at java.base/java.util.concurrent.Executors$RunnableAdapter.call(Executors.java:539)
		at java.base/java.util.concurrent.FutureTask.run(FutureTask.java:264)
		at java.base/java.util.concurrent.ScheduledThreadPoolExecutor$ScheduledFutureTask.run(ScheduledThreadPoolExecutor.java:304)
		at java.base/java.util.concurrent.ThreadPoolExecutor.runWorker(ThreadPoolExecutor.java:1136)
		at java.base/java.util.concurrent.ThreadPoolExecutor$Worker.run(ThreadPoolExecutor.java:635)
		at org.apache.tomcat.util.threads.TaskThread$WrappingRunnable.run(TaskThread.java:61)
		at java.base/java.lang.Thread.run(Thread.java:833)
	Caused by: java.lang.RuntimeException: Driver org.apache.derby.jdbc.EmbeddedDriver claims to not accept jdbcUrl, jdbc:postgresql://postgres:5432/artifactorydb
		at com.zaxxer.hikari.util.DriverDataSource.<init>(DriverDataSource.java:110)
		at com.zaxxer.hikari.pool.PoolBase.initializeDataSource(PoolBase.java:325)
		at com.zaxxer.hikari.pool.PoolBase.<init>(PoolBase.java:114)
		at com.zaxxer.hikari.pool.HikariPool.<init>(HikariPool.java:108)
		at com.zaxxer.hikari.HikariDataSource.getConnection(HikariDataSource.java:112)
		at org.jfrog.storage.wrapper.JFrogDataSourceWrapper.getConnection(JFrogDataSourceWrapper.java:104)
		at org.jfrog.storage.wrapper.JFrogDataSourceWrapper.invoke(JFrogDataSourceWrapper.java:73)
		at jdk.proxy3/jdk.proxy3.$Proxy11.getConnection(Unknown Source)
		at org.jfrog.storage.util.DbUtils.withMetadata(DbUtils.java:763)
		at org.jfrog.storage.util.DbUtils.tableExists(DbUtils.java:273)
		at org.artifactory.common.config.db.DbVersionDao.isDbPropertiesTableExists(DbVersionDao.java:62)
		at org.artifactory.converter.VersionProviderImpl.tryToResolveFromDb(VersionProviderImpl.java:202)
		at org.artifactory.converter.VersionProviderImpl.getCompoundVersionDetailsFromDbIfExists(VersionProviderImpl.java:127)
		at org.artifactory.converter.VersionProviderImpl.loadOriginalDbVersion(VersionProviderImpl.java:148)
		at org.artifactory.converter.VersionProviderImpl.init(VersionProviderImpl.java:109)
		... 20 more
12-Mar-2025 15:14:41.748 SEVERE [Catalina-utility-2] org.apache.catalina.core.StandardContext.listenerStart Exception sending context initialized event to listener instance of class [org.artifactory.lifecycle.webapp.servlet.ArtifactoryContextConfigListener]
	java.lang.IllegalStateException: Artifactory home not initialized.
		at org.artifactory.lifecycle.webapp.servlet.ArtifactoryContextConfigListener.getArtifactoryHome(ArtifactoryContextConfigListener.java:203)
		at org.artifactory.lifecycle.webapp.servlet.ArtifactoryContextConfigListener.setSessionTrackingMode(ArtifactoryContextConfigListener.java:184)
		at org.artifactory.lifecycle.webapp.servlet.ArtifactoryContextConfigListener.init(ArtifactoryContextConfigListener.java:99)
		at org.artifactory.lifecycle.webapp.servlet.ArtifactoryContextConfigListener.contextInitialized(ArtifactoryContextConfigListener.java:87)
		at org.apache.catalina.core.StandardContext.listenerStart(StandardContext.java:4494)
		at org.apache.catalina.core.StandardContext.startInternal(StandardContext.java:4946)
		at org.apache.catalina.util.LifecycleBase.start(LifecycleBase.java:183)
		at org.apache.catalina.core.ContainerBase.addChildInternal(ContainerBase.java:683)
		at org.apache.catalina.core.ContainerBase.addChild(ContainerBase.java:658)
		at org.apache.catalina.core.StandardHost.addChild(StandardHost.java:662)
		at org.apache.catalina.startup.HostConfig.deployDescriptor(HostConfig.java:689)
		at org.apache.catalina.startup.HostConfig$DeployDescriptor.run(HostConfig.java:1888)
		at java.base/java.util.concurrent.Executors$RunnableAdapter.call(Executors.java:539)
		at java.base/java.util.concurrent.FutureTask.run(FutureTask.java:264)
		at java.base/java.util.concurrent.ScheduledThreadPoolExecutor$ScheduledFutureTask.run(ScheduledThreadPoolExecutor.java:304)
		at java.base/java.util.concurrent.ThreadPoolExecutor.runWorker(ThreadPoolExecutor.java:1136)
		at java.base/java.util.concurrent.ThreadPoolExecutor$Worker.run(ThreadPoolExecutor.java:635)
		at org.apache.tomcat.util.threads.TaskThread$WrappingRunnable.run(TaskThread.java:61)
		at java.base/java.lang.Thread.run(Thread.java:833)
12-Mar-2025 15:14:47.158 INFO [Catalina-utility-1] org.apache.catalina.core.ApplicationContext.log Initializing Spring embedded WebApplicationContext
12-Mar-2025 15:23:49.215 INFO [Catalina-utility-1] org.apache.catalina.core.ApplicationContext.log 1 Spring WebApplicationInitializers detected on classpath
12-Mar-2025 15:23:50.029 SEVERE [Catalina-utility-2] org.apache.catalina.core.StandardContext.listenerStart Exception sending context initialized event to listener instance of class [org.artifactory.lifecycle.webapp.servlet.ArtifactoryHomeConfigListener]
	java.lang.IllegalStateException: Driver org.apache.derby.jdbc.EmbeddedDriver claims to not accept jdbcUrl, jdbc:postgresql://postgres:5432/artifactorydb
		at org.artifactory.converter.VersionProviderImpl.init(VersionProviderImpl.java:114)
		at org.artifactory.lifecycle.webapp.servlet.BasicConfigurationManager.initVersion(BasicConfigurationManager.java:160)
		at org.artifactory.lifecycle.webapp.servlet.BasicConfigurationManager.initArtifactoryInstallation(BasicConfigurationManager.java:139)
		at org.artifactory.lifecycle.webapp.servlet.BasicConfigurationManager.initialize(BasicConfigurationManager.java:126)
		at org.artifactory.lifecycle.webapp.servlet.ArtifactoryHomeConfigListener.initBasicConfigManager(ArtifactoryHomeConfigListener.java:61)
		at org.artifactory.lifecycle.webapp.servlet.ArtifactoryHomeConfigListener.contextInitialized(ArtifactoryHomeConfigListener.java:53)
		at org.apache.catalina.core.StandardContext.listenerStart(StandardContext.java:4494)
		at org.apache.catalina.core.StandardContext.startInternal(StandardContext.java:4946)
		at org.apache.catalina.util.LifecycleBase.start(LifecycleBase.java:183)
		at org.apache.catalina.core.ContainerBase.addChildInternal(ContainerBase.java:683)
		at org.apache.catalina.core.ContainerBase.addChild(ContainerBase.java:658)
		at org.apache.catalina.core.StandardHost.addChild(StandardHost.java:662)
		at org.apache.catalina.startup.HostConfig.deployDescriptor(HostConfig.java:689)
		at org.apache.catalina.startup.HostConfig$DeployDescriptor.run(HostConfig.java:1888)
		at java.base/java.util.concurrent.Executors$RunnableAdapter.call(Executors.java:539)
		at java.base/java.util.concurrent.FutureTask.run(FutureTask.java:264)
		at java.base/java.util.concurrent.ScheduledThreadPoolExecutor$ScheduledFutureTask.run(ScheduledThreadPoolExecutor.java:304)
		at java.base/java.util.concurrent.ThreadPoolExecutor.runWorker(ThreadPoolExecutor.java:1136)
		at java.base/java.util.concurrent.ThreadPoolExecutor$Worker.run(ThreadPoolExecutor.java:635)
		at org.apache.tomcat.util.threads.TaskThread$WrappingRunnable.run(TaskThread.java:61)
		at java.base/java.lang.Thread.run(Thread.java:833)
	Caused by: java.lang.RuntimeException: Driver org.apache.derby.jdbc.EmbeddedDriver claims to not accept jdbcUrl, jdbc:postgresql://postgres:5432/artifactorydb
		at com.zaxxer.hikari.util.DriverDataSource.<init>(DriverDataSource.java:110)
		at com.zaxxer.hikari.pool.PoolBase.initializeDataSource(PoolBase.java:325)
		at com.zaxxer.hikari.pool.PoolBase.<init>(PoolBase.java:114)
		at com.zaxxer.hikari.pool.HikariPool.<init>(HikariPool.java:108)
		at com.zaxxer.hikari.HikariDataSource.getConnection(HikariDataSource.java:112)
		at org.jfrog.storage.wrapper.JFrogDataSourceWrapper.getConnection(JFrogDataSourceWrapper.java:104)
		at org.jfrog.storage.wrapper.JFrogDataSourceWrapper.invoke(JFrogDataSourceWrapper.java:73)
		at jdk.proxy3/jdk.proxy3.$Proxy6.getConnection(Unknown Source)
		at org.jfrog.storage.util.DbUtils.withMetadata(DbUtils.java:763)
		at org.jfrog.storage.util.DbUtils.tableExists(DbUtils.java:273)
		at org.artifactory.common.config.db.DbVersionDao.isDbPropertiesTableExists(DbVersionDao.java:62)
		at org.artifactory.converter.VersionProviderImpl.tryToResolveFromDb(VersionProviderImpl.java:202)
		at org.artifactory.converter.VersionProviderImpl.getCompoundVersionDetailsFromDbIfExists(VersionProviderImpl.java:127)
		at org.artifactory.converter.VersionProviderImpl.loadOriginalDbVersion(VersionProviderImpl.java:148)
		at org.artifactory.converter.VersionProviderImpl.init(VersionProviderImpl.java:109)
		... 20 more
12-Mar-2025 15:23:50.038 SEVERE [Catalina-utility-2] org.apache.catalina.core.StandardContext.listenerStart Exception sending context initialized event to listener instance of class [org.artifactory.lifecycle.webapp.servlet.ArtifactoryContextConfigListener]
	java.lang.IllegalStateException: Artifactory home not initialized.
		at org.artifactory.lifecycle.webapp.servlet.ArtifactoryContextConfigListener.getArtifactoryHome(ArtifactoryContextConfigListener.java:203)
		at org.artifactory.lifecycle.webapp.servlet.ArtifactoryContextConfigListener.setSessionTrackingMode(ArtifactoryContextConfigListener.java:184)
		at org.artifactory.lifecycle.webapp.servlet.ArtifactoryContextConfigListener.init(ArtifactoryContextConfigListener.java:99)
		at org.artifactory.lifecycle.webapp.servlet.ArtifactoryContextConfigListener.contextInitialized(ArtifactoryContextConfigListener.java:87)
		at org.apache.catalina.core.StandardContext.listenerStart(StandardContext.java:4494)
		at org.apache.catalina.core.StandardContext.startInternal(StandardContext.java:4946)
		at org.apache.catalina.util.LifecycleBase.start(LifecycleBase.java:183)
		at org.apache.catalina.core.ContainerBase.addChildInternal(ContainerBase.java:683)
		at org.apache.catalina.core.ContainerBase.addChild(ContainerBase.java:658)
		at org.apache.catalina.core.StandardHost.addChild(StandardHost.java:662)
		at org.apache.catalina.startup.HostConfig.deployDescriptor(HostConfig.java:689)
		at org.apache.catalina.startup.HostConfig$DeployDescriptor.run(HostConfig.java:1888)
		at java.base/java.util.concurrent.Executors$RunnableAdapter.call(Executors.java:539)
		at java.base/java.util.concurrent.FutureTask.run(FutureTask.java:264)
		at java.base/java.util.concurrent.ScheduledThreadPoolExecutor$ScheduledFutureTask.run(ScheduledThreadPoolExecutor.java:304)
		at java.base/java.util.concurrent.ThreadPoolExecutor.runWorker(ThreadPoolExecutor.java:1136)
		at java.base/java.util.concurrent.ThreadPoolExecutor$Worker.run(ThreadPoolExecutor.java:635)
		at org.apache.tomcat.util.threads.TaskThread$WrappingRunnable.run(TaskThread.java:61)
		at java.base/java.lang.Thread.run(Thread.java:833)
12-Mar-2025 15:24:03.667 INFO [Catalina-utility-1] org.apache.catalina.core.ApplicationContext.log Initializing Spring embedded WebApplicationContext
12-Mar-2025 15:38:23.128 INFO [Catalina-utility-1] org.apache.catalina.core.ApplicationContext.log 1 Spring WebApplicationInitializers detected on classpath
12-Mar-2025 15:38:23.491 SEVERE [Catalina-utility-2] org.apache.catalina.core.StandardContext.listenerStart Exception sending context initialized event to listener instance of class [org.artifactory.lifecycle.webapp.servlet.ArtifactoryHomeConfigListener]
	java.lang.IllegalStateException: Driver org.apache.derby.jdbc.EmbeddedDriver claims to not accept jdbcUrl, jdbc:postgresql://postgres:5432/artifactorydb
		at org.artifactory.converter.VersionProviderImpl.init(VersionProviderImpl.java:114)
		at org.artifactory.lifecycle.webapp.servlet.BasicConfigurationManager.initVersion(BasicConfigurationManager.java:160)
		at org.artifactory.lifecycle.webapp.servlet.BasicConfigurationManager.initArtifactoryInstallation(BasicConfigurationManager.java:139)
		at org.artifactory.lifecycle.webapp.servlet.BasicConfigurationManager.initialize(BasicConfigurationManager.java:126)
		at org.artifactory.lifecycle.webapp.servlet.ArtifactoryHomeConfigListener.initBasicConfigManager(ArtifactoryHomeConfigListener.java:61)
		at org.artifactory.lifecycle.webapp.servlet.ArtifactoryHomeConfigListener.contextInitialized(ArtifactoryHomeConfigListener.java:53)
		at org.apache.catalina.core.StandardContext.listenerStart(StandardContext.java:4494)
		at org.apache.catalina.core.StandardContext.startInternal(StandardContext.java:4946)
		at org.apache.catalina.util.LifecycleBase.start(LifecycleBase.java:183)
		at org.apache.catalina.core.ContainerBase.addChildInternal(ContainerBase.java:683)
		at org.apache.catalina.core.ContainerBase.addChild(ContainerBase.java:658)
		at org.apache.catalina.core.StandardHost.addChild(StandardHost.java:662)
		at org.apache.catalina.startup.HostConfig.deployDescriptor(HostConfig.java:689)
		at org.apache.catalina.startup.HostConfig$DeployDescriptor.run(HostConfig.java:1888)
		at java.base/java.util.concurrent.Executors$RunnableAdapter.call(Executors.java:539)
		at java.base/java.util.concurrent.FutureTask.run(FutureTask.java:264)
		at java.base/java.util.concurrent.ScheduledThreadPoolExecutor$ScheduledFutureTask.run(ScheduledThreadPoolExecutor.java:304)
		at java.base/java.util.concurrent.ThreadPoolExecutor.runWorker(ThreadPoolExecutor.java:1136)
		at java.base/java.util.concurrent.ThreadPoolExecutor$Worker.run(ThreadPoolExecutor.java:635)
		at org.apache.tomcat.util.threads.TaskThread$WrappingRunnable.run(TaskThread.java:61)
		at java.base/java.lang.Thread.run(Thread.java:833)
	Caused by: java.lang.RuntimeException: Driver org.apache.derby.jdbc.EmbeddedDriver claims to not accept jdbcUrl, jdbc:postgresql://postgres:5432/artifactorydb
		at com.zaxxer.hikari.util.DriverDataSource.<init>(DriverDataSource.java:110)
		at com.zaxxer.hikari.pool.PoolBase.initializeDataSource(PoolBase.java:325)
		at com.zaxxer.hikari.pool.PoolBase.<init>(PoolBase.java:114)
		at com.zaxxer.hikari.pool.HikariPool.<init>(HikariPool.java:108)
		at com.zaxxer.hikari.HikariDataSource.getConnection(HikariDataSource.java:112)
		at org.jfrog.storage.wrapper.JFrogDataSourceWrapper.getConnection(JFrogDataSourceWrapper.java:104)
		at org.jfrog.storage.wrapper.JFrogDataSourceWrapper.invoke(JFrogDataSourceWrapper.java:73)
		at jdk.proxy3/jdk.proxy3.$Proxy5.getConnection(Unknown Source)
		at org.jfrog.storage.util.DbUtils.withMetadata(DbUtils.java:763)
		at org.jfrog.storage.util.DbUtils.tableExists(DbUtils.java:273)
		at org.artifactory.common.config.db.DbVersionDao.isDbPropertiesTableExists(DbVersionDao.java:62)
		at org.artifactory.converter.VersionProviderImpl.tryToResolveFromDb(VersionProviderImpl.java:202)
		at org.artifactory.converter.VersionProviderImpl.getCompoundVersionDetailsFromDbIfExists(VersionProviderImpl.java:127)
		at org.artifactory.converter.VersionProviderImpl.loadOriginalDbVersion(VersionProviderImpl.java:148)
		at org.artifactory.converter.VersionProviderImpl.init(VersionProviderImpl.java:109)
		... 20 more
12-Mar-2025 15:38:23.494 SEVERE [Catalina-utility-2] org.apache.catalina.core.StandardContext.listenerStart Exception sending context initialized event to listener instance of class [org.artifactory.lifecycle.webapp.servlet.ArtifactoryContextConfigListener]
	java.lang.IllegalStateException: Artifactory home not initialized.
		at org.artifactory.lifecycle.webapp.servlet.ArtifactoryContextConfigListener.getArtifactoryHome(ArtifactoryContextConfigListener.java:203)
		at org.artifactory.lifecycle.webapp.servlet.ArtifactoryContextConfigListener.setSessionTrackingMode(ArtifactoryContextConfigListener.java:184)
		at org.artifactory.lifecycle.webapp.servlet.ArtifactoryContextConfigListener.init(ArtifactoryContextConfigListener.java:99)
		at org.artifactory.lifecycle.webapp.servlet.ArtifactoryContextConfigListener.contextInitialized(ArtifactoryContextConfigListener.java:87)
		at org.apache.catalina.core.StandardContext.listenerStart(StandardContext.java:4494)
		at org.apache.catalina.core.StandardContext.startInternal(StandardContext.java:4946)
		at org.apache.catalina.util.LifecycleBase.start(LifecycleBase.java:183)
		at org.apache.catalina.core.ContainerBase.addChildInternal(ContainerBase.java:683)
		at org.apache.catalina.core.ContainerBase.addChild(ContainerBase.java:658)
		at org.apache.catalina.core.StandardHost.addChild(StandardHost.java:662)
		at org.apache.catalina.startup.HostConfig.deployDescriptor(HostConfig.java:689)
		at org.apache.catalina.startup.HostConfig$DeployDescriptor.run(HostConfig.java:1888)
		at java.base/java.util.concurrent.Executors$RunnableAdapter.call(Executors.java:539)
		at java.base/java.util.concurrent.FutureTask.run(FutureTask.java:264)
		at java.base/java.util.concurrent.ScheduledThreadPoolExecutor$ScheduledFutureTask.run(ScheduledThreadPoolExecutor.java:304)
		at java.base/java.util.concurrent.ThreadPoolExecutor.runWorker(ThreadPoolExecutor.java:1136)
		at java.base/java.util.concurrent.ThreadPoolExecutor$Worker.run(ThreadPoolExecutor.java:635)
		at org.apache.tomcat.util.threads.TaskThread$WrappingRunnable.run(TaskThread.java:61)
		at java.base/java.lang.Thread.run(Thread.java:833)
12-Mar-2025 15:38:31.426 INFO [Catalina-utility-1] org.apache.catalina.core.ApplicationContext.log Initializing Spring embedded WebApplicationContext
